<?xml version="1.0" encoding="UTF-8"?>
<!-- Generated by org.testng.reporters.JUnitXMLReporter -->
<testsuite ignored="0" hostname="LAPTOP-BETM3MOU" failures="0" tests="2" name="Authentication Tests" time="29.194" errors="0" timestamp="2025-08-20T15:24:14 WIB">
  <testcase classname="com.juaracoding.tajuaracoding.laporan.Semua" name="testVerifikasiHalamanSemua" time="6.099"/>
  <testcase classname="com.juaracoding.tajuaracoding.laporan.Kehadiran" name="testVerifikasiHalamanKehadiran" time="5.971"/>
</testsuite> <!-- Authentication Tests -->
