<?xml version="1.0" encoding="UTF-8"?>
<!-- Generated by org.testng.reporters.JUnitXMLReporter -->
<testsuite ignored="0" hostname="Tohsaka" failures="0" tests="4" name="Inventory Tests" time="23.333" errors="0" timestamp="2025-08-14T23:57:24 WIB">
  <testcase classname="com.juaracoding.tajuaracoding.Login.PositiveLogin" name="Logout" time="1.503"/>
  <testcase classname="com.juaracoding.tajuaracoding.Login.PositiveLogin" name="testLogin" time="1.255"/>
  <testcase classname="com.juaracoding.tajuaracoding.Login.NegativeLogin" name="InvalidEmail" time="0.19"/>
  <testcase classname="com.juaracoding.tajuaracoding.Login.NegativeLogin" name="InvalidPassword" time="0.779"/>
</testsuite> <!-- Inventory Tests -->
