<?xml version="1.0" encoding="UTF-8"?>
<!-- Generated by org.testng.reporters.JUnitXMLReporter -->
<testsuite ignored="0" hostname="Tohsaka" failures="1" tests="3" name="Inventory Tests" time="17.224" errors="0" timestamp="2025-08-14T00:33:37 WIB">
  <testcase classname="com.juaracoding.tajuaracoding.Login.PositiveLogin" name="testLogin" time="0.356"/>
  <testcase classname="com.juaracoding.tajuaracoding.Login.NegativeLogin" name="InvalidEmail" time="0.258">
    <failure type="java.lang.AssertionError" message="expected [Akun tidak ditemukan] but found []">
      <![CDATA[java.lang.AssertionError: expected [Akun tidak ditemukan] but found []
at com.juaracoding.tajuaracoding.Login.NegativeLogin.InvalidEmail(NegativeLogin.java:28)
at java.base/java.util.ArrayList.forEach(ArrayList.java:1604)
... Removed 35 stack frames]]>
    </failure>
  </testcase> <!-- InvalidEmail -->
  <testcase classname="com.juaracoding.tajuaracoding.Login.NegativeLogin" name="InvalidPassword" time="0.258"/>
</testsuite> <!-- Inventory Tests -->
