<?xml version="1.0" encoding="UTF-8"?>
<!-- Generated by org.testng.reporters.JUnitXMLReporter -->
<testsuite ignored="43" hostname="VLz" failures="1" tests="8" name="Laporan Tests" time="286.657" errors="0" timestamp="2025-08-27T21:12:10 WIB">
  <testcase classname="com.juaracoding.tajuaracoding.laporan.SemuaTest" name="testPositiveUnitFilterWithDateRangeFilter" time="15.416"/>
  <testcase classname="com.juaracoding.tajuaracoding.laporan.SemuaTest" name="testResetAllFilters" time="19.369">
    <failure type="java.lang.AssertionError" message="Unit Name masih ada value setelah reset: Sysmex expected [true] but found [false]">
      <![CDATA[java.lang.AssertionError: Unit Name masih ada value setelah reset: Sysmex expected [true] but found [false]
at com.juaracoding.tajuaracoding.pages.actions.ResetFilterAction.execute(ResetFilterAction.java:41)
at com.juaracoding.tajuaracoding.pages.actions.CompositeActionBuilder.execute(CompositeActionBuilder.java:110)
at com.juaracoding.tajuaracoding.laporan.SemuaTest.testResetAllFilters(SemuaTest.java:98)
at java.base/java.util.ArrayList.forEach(ArrayList.java:1596)
... Removed 32 stack frames]]>
    </failure>
  </testcase> <!-- testResetAllFilters -->
  <testcase classname="com.juaracoding.tajuaracoding.laporan.SemuaTest" name="testStatusCheck" time="15.891"/>
  <testcase classname="com.juaracoding.tajuaracoding.laporan.KehadiranTest" name="testPositiveUnitFilterWithDateRangeFilter" time="16.644"/>
  <testcase classname="com.juaracoding.tajuaracoding.laporan.IzinTerlambatTest" name="testCheckSpecificStatuses" time="18.808"/>
  <testcase classname="com.juaracoding.tajuaracoding.laporan.IzinTerlambatTest" name="testResetAllFilters" time="18.883"/>
  <testcase classname="com.juaracoding.tajuaracoding.laporan.IzinPulangCepatTest" name="testCheckSpecificStatuses" time="24.223"/>
  <testcase classname="com.juaracoding.tajuaracoding.laporan.CutiTest" name="testCheckSpecificStatuses" time="32.362"/>
  <testcase classname="com.juaracoding.tajuaracoding.laporan.IzinPulangCepatTest" name="testDateRangeFilter" time="0.0">
    <ignored/>
  </testcase> <!-- testDateRangeFilter -->
  <testcase classname="com.juaracoding.tajuaracoding.laporan.KehadiranTest" name="testNegativeSearch" time="0.0">
    <ignored/>
  </testcase> <!-- testNegativeSearch -->
  <testcase classname="com.juaracoding.tajuaracoding.laporan.CutiTest" name="testResetAllFilters" time="0.0">
    <ignored/>
  </testcase> <!-- testResetAllFilters -->
  <testcase classname="com.juaracoding.tajuaracoding.laporan.KehadiranTest" name="testPositiveSearchWithDateRangeFilter" time="0.0">
    <ignored/>
  </testcase> <!-- testPositiveSearchWithDateRangeFilter -->
  <testcase classname="com.juaracoding.tajuaracoding.laporan.IzinPulangCepatTest" name="testCombinationFilter" time="0.0">
    <ignored/>
  </testcase> <!-- testCombinationFilter -->
  <testcase classname="com.juaracoding.tajuaracoding.laporan.CutiTest" name="testNegativeUnitFilter" time="0.0">
    <ignored/>
  </testcase> <!-- testNegativeUnitFilter -->
  <testcase classname="com.juaracoding.tajuaracoding.laporan.SemuaTest" name="testDateRangeFilter" time="0.0">
    <ignored/>
  </testcase> <!-- testDateRangeFilter -->
  <testcase classname="com.juaracoding.tajuaracoding.laporan.IzinTerlambatTest" name="testPositiveSearch" time="0.0">
    <ignored/>
  </testcase> <!-- testPositiveSearch -->
  <testcase classname="com.juaracoding.tajuaracoding.laporan.IzinPulangCepatTest" name="testResetAllFilters" time="0.0">
    <ignored/>
  </testcase> <!-- testResetAllFilters -->
  <testcase classname="com.juaracoding.tajuaracoding.laporan.IzinPulangCepatTest" name="testNegativeUnitFilter" time="0.0">
    <ignored/>
  </testcase> <!-- testNegativeUnitFilter -->
  <testcase classname="com.juaracoding.tajuaracoding.laporan.CutiTest" name="testIzinTerlambatPageVerification" time="0.0">
    <ignored/>
  </testcase> <!-- testIzinTerlambatPageVerification -->
  <testcase classname="com.juaracoding.tajuaracoding.laporan.KehadiranTest" name="testPositiveSearch" time="0.0">
    <ignored/>
  </testcase> <!-- testPositiveSearch -->
  <testcase classname="com.juaracoding.tajuaracoding.laporan.IzinTerlambatTest" name="testNegativeSearch" time="0.0">
    <ignored/>
  </testcase> <!-- testNegativeSearch -->
  <testcase classname="com.juaracoding.tajuaracoding.laporan.SemuaTest" name="testCombinationFilter" time="0.0">
    <ignored/>
  </testcase> <!-- testCombinationFilter -->
  <testcase classname="com.juaracoding.tajuaracoding.laporan.IzinPulangCepatTest" name="testIzinTerlambatPageVerification" time="0.0">
    <ignored/>
  </testcase> <!-- testIzinTerlambatPageVerification -->
  <testcase classname="com.juaracoding.tajuaracoding.laporan.IzinPulangCepatTest" name="testPositiveSearch" time="0.0">
    <ignored/>
  </testcase> <!-- testPositiveSearch -->
  <testcase classname="com.juaracoding.tajuaracoding.laporan.SemuaTest" name="testNegativeUnitFilter" time="0.0">
    <ignored/>
  </testcase> <!-- testNegativeUnitFilter -->
  <testcase classname="com.juaracoding.tajuaracoding.laporan.KehadiranTest" name="testPositiveUnitFilter" time="0.0">
    <ignored/>
  </testcase> <!-- testPositiveUnitFilter -->
  <testcase classname="com.juaracoding.tajuaracoding.laporan.IzinTerlambatTest" name="testIzinTerlambatPageVerification" time="0.0">
    <ignored/>
  </testcase> <!-- testIzinTerlambatPageVerification -->
  <testcase classname="com.juaracoding.tajuaracoding.laporan.IzinPulangCepatTest" name="testPositiveUnitFilter" time="0.0">
    <ignored/>
  </testcase> <!-- testPositiveUnitFilter -->
  <testcase classname="com.juaracoding.tajuaracoding.laporan.IzinTerlambatTest" name="testCombinationFilter" time="0.0">
    <ignored/>
  </testcase> <!-- testCombinationFilter -->
  <testcase classname="com.juaracoding.tajuaracoding.laporan.IzinPulangCepatTest" name="testNegativeSearch" time="0.0">
    <ignored/>
  </testcase> <!-- testNegativeSearch -->
  <testcase classname="com.juaracoding.tajuaracoding.laporan.KehadiranTest" name="testStatusCheck" time="0.0">
    <ignored/>
  </testcase> <!-- testStatusCheck -->
  <testcase classname="com.juaracoding.tajuaracoding.laporan.KehadiranTest" name="testCombinationFilter" time="0.0">
    <ignored/>
  </testcase> <!-- testCombinationFilter -->
  <testcase classname="com.juaracoding.tajuaracoding.laporan.CutiTest" name="testPositiveUnitFilter" time="0.0">
    <ignored/>
  </testcase> <!-- testPositiveUnitFilter -->
  <testcase classname="com.juaracoding.tajuaracoding.laporan.SemuaTest" name="testPositiveUnitFilter" time="0.0">
    <ignored/>
  </testcase> <!-- testPositiveUnitFilter -->
  <testcase classname="com.juaracoding.tajuaracoding.laporan.IzinTerlambatTest" name="testNegativeUnitFilter" time="0.0">
    <ignored/>
  </testcase> <!-- testNegativeUnitFilter -->
  <testcase classname="com.juaracoding.tajuaracoding.laporan.SemuaTest" name="testNegativeSearch" time="0.0">
    <ignored/>
  </testcase> <!-- testNegativeSearch -->
  <testcase classname="com.juaracoding.tajuaracoding.laporan.SemuaTest" name="testPositiveSearch" time="0.0">
    <ignored/>
  </testcase> <!-- testPositiveSearch -->
  <testcase classname="com.juaracoding.tajuaracoding.laporan.KehadiranTest" name="testNegativeUnitFilter" time="0.0">
    <ignored/>
  </testcase> <!-- testNegativeUnitFilter -->
  <testcase classname="com.juaracoding.tajuaracoding.laporan.IzinTerlambatTest" name="testDateRangeFilter" time="0.0">
    <ignored/>
  </testcase> <!-- testDateRangeFilter -->
  <testcase classname="com.juaracoding.tajuaracoding.laporan.KehadiranTest" name="testResetAllFilters" time="0.0">
    <ignored/>
  </testcase> <!-- testResetAllFilters -->
  <testcase classname="com.juaracoding.tajuaracoding.laporan.CutiTest" name="testNegativeSearch" time="0.0">
    <ignored/>
  </testcase> <!-- testNegativeSearch -->
  <testcase classname="com.juaracoding.tajuaracoding.laporan.KehadiranTest" name="testKehadiranPageVerification" time="0.0">
    <ignored/>
  </testcase> <!-- testKehadiranPageVerification -->
  <testcase classname="com.juaracoding.tajuaracoding.laporan.CutiTest" name="testDateRangeFilter" time="0.0">
    <ignored/>
  </testcase> <!-- testDateRangeFilter -->
  <testcase classname="com.juaracoding.tajuaracoding.laporan.SemuaTest" name="testSemuaPageVerification" time="0.0">
    <ignored/>
  </testcase> <!-- testSemuaPageVerification -->
  <testcase classname="com.juaracoding.tajuaracoding.laporan.KehadiranTest" name="testExportFunctionality" time="0.0">
    <ignored/>
  </testcase> <!-- testExportFunctionality -->
  <testcase classname="com.juaracoding.tajuaracoding.laporan.KehadiranTest" name="testExportFunctionalityCancel" time="0.0">
    <ignored/>
  </testcase> <!-- testExportFunctionalityCancel -->
  <testcase classname="com.juaracoding.tajuaracoding.laporan.CutiTest" name="testCombinationFilter" time="0.0">
    <ignored/>
  </testcase> <!-- testCombinationFilter -->
  <testcase classname="com.juaracoding.tajuaracoding.laporan.CutiTest" name="testPositiveSearch" time="0.0">
    <ignored/>
  </testcase> <!-- testPositiveSearch -->
  <testcase classname="com.juaracoding.tajuaracoding.laporan.KehadiranTest" name="testDateRangeFilter" time="0.0">
    <ignored/>
  </testcase> <!-- testDateRangeFilter -->
  <testcase classname="com.juaracoding.tajuaracoding.laporan.IzinTerlambatTest" name="testPositiveUnitFilter" time="0.0">
    <ignored/>
  </testcase> <!-- testPositiveUnitFilter -->
  <testcase classname="com.juaracoding.tajuaracoding.laporan.SemuaTest" name="testPositiveSearchWithDateRangeFilter" time="0.0">
    <ignored/>
  </testcase> <!-- testPositiveSearchWithDateRangeFilter -->
</testsuite> <!-- Laporan Tests -->
