<?xml version="1.0" encoding="UTF-8"?>
<!-- Generated by org.testng.reporters.JUnitXMLReporter -->
<testsuite ignored="0" hostname="VLz" failures="11" tests="51" name="Laporan Tests" time="860.885" errors="0" timestamp="2025-08-27T16:26:24 WIB">
  <testcase classname="com.juaracoding.tajuaracoding.laporan.SemuaTest" name="testSemuaPageVerification" time="3.959"/>
  <testcase classname="com.juaracoding.tajuaracoding.laporan.SemuaTest" name="testDateRangeFilter" time="7.52"/>
  <testcase classname="com.juaracoding.tajuaracoding.laporan.SemuaTest" name="testPositiveSearch" time="6.499"/>
  <testcase classname="com.juaracoding.tajuaracoding.laporan.SemuaTest" name="testNegativeSearch" time="6.245"/>
  <testcase classname="com.juaracoding.tajuaracoding.laporan.SemuaTest" name="testPositiveSearchWithDateRangeFilter" time="9.634"/>
  <testcase classname="com.juaracoding.tajuaracoding.laporan.SemuaTest" name="testPositiveUnitFilter" time="8.796"/>
  <testcase classname="com.juaracoding.tajuaracoding.laporan.SemuaTest" name="testNegativeUnitFilter" time="8.913">
    <failure type="java.lang.AssertionError" message="Expected no data for unit: UnitNihil expected [false] but found [true]">
      <![CDATA[java.lang.AssertionError: Expected no data for unit: UnitNihil expected [false] but found [true]
at com.juaracoding.tajuaracoding.pages.actions.UnitFilterAction.execute(UnitFilterAction.java:74)
at com.juaracoding.tajuaracoding.pages.actions.CompositeActionBuilder.execute(CompositeActionBuilder.java:110)
at com.juaracoding.tajuaracoding.laporan.SemuaTest.testNegativeUnitFilter(SemuaTest.java:65)
at java.base/java.util.ArrayList.forEach(ArrayList.java:1596)
... Removed 32 stack frames]]>
    </failure>
  </testcase> <!-- testNegativeUnitFilter -->
  <testcase classname="com.juaracoding.tajuaracoding.laporan.SemuaTest" name="testPositiveUnitFilterWithDateRangeFilter" time="14.75"/>
  <testcase classname="com.juaracoding.tajuaracoding.laporan.SemuaTest" name="testCombinationFilter" time="14.839">
    <failure type="java.lang.AssertionError" message="Row doesn&amp;apos;t contain unit Sysmex: SDT
SPV Dark Tomcat
Bank Neo Commerce
07 Mar 1994
09:37:03
07 Mar 1994
18:12:05
Alamat tidak ditemukan
Alamat tidak ditemukan
Work From Office
-
- expected [true] but found [false]">
      <![CDATA[java.lang.AssertionError: Row doesn't contain unit Sysmex: SDT
SPV Dark Tomcat
Bank Neo Commerce
07 Mar 1994
09:37:03
07 Mar 1994
18:12:05
Alamat tidak ditemukan
Alamat tidak ditemukan
Work From Office
-
- expected [true] but found [false]
at com.juaracoding.tajuaracoding.pages.actions.UnitFilterAction.execute(UnitFilterAction.java:70)
at com.juaracoding.tajuaracoding.pages.actions.CompositeActionBuilder.execute(CompositeActionBuilder.java:110)
at com.juaracoding.tajuaracoding.laporan.SemuaTest.testCombinationFilter(SemuaTest.java:87)
at java.base/java.util.ArrayList.forEach(ArrayList.java:1596)
... Removed 32 stack frames]]>
    </failure>
  </testcase> <!-- testCombinationFilter -->
  <testcase classname="com.juaracoding.tajuaracoding.laporan.SemuaTest" name="testResetAllFilters" time="15.073">
    <failure type="java.lang.AssertionError" message="Row doesn&amp;apos;t contain unit Sysmex: SDT
SPV Dark Tomcat
Bank Neo Commerce
07 Mar 1994
09:37:03
07 Mar 1994
18:12:05
Alamat tidak ditemukan
Alamat tidak ditemukan
Work From Office
-
- expected [true] but found [false]">
      <![CDATA[java.lang.AssertionError: Row doesn't contain unit Sysmex: SDT
SPV Dark Tomcat
Bank Neo Commerce
07 Mar 1994
09:37:03
07 Mar 1994
18:12:05
Alamat tidak ditemukan
Alamat tidak ditemukan
Work From Office
-
- expected [true] but found [false]
at com.juaracoding.tajuaracoding.pages.actions.UnitFilterAction.execute(UnitFilterAction.java:70)
at com.juaracoding.tajuaracoding.pages.actions.CompositeActionBuilder.execute(CompositeActionBuilder.java:110)
at com.juaracoding.tajuaracoding.laporan.SemuaTest.testResetAllFilters(SemuaTest.java:100)
at java.base/java.util.ArrayList.forEach(ArrayList.java:1596)
... Removed 32 stack frames]]>
    </failure>
  </testcase> <!-- testResetAllFilters -->
  <testcase classname="com.juaracoding.tajuaracoding.laporan.SemuaTest" name="testStatusCheck" time="14.0">
    <failure type="java.lang.AssertionError" message="Tidak semua status ditemukan. Found: [], Expected: [sakit, cuti, lembur] expected [true] but found [false]">
      <![CDATA[java.lang.AssertionError: Tidak semua status ditemukan. Found: [], Expected: [sakit, cuti, lembur] expected [true] but found [false]
at com.juaracoding.tajuaracoding.pages.actions.StatusCheckAction.execute(StatusCheckAction.java:71)
at com.juaracoding.tajuaracoding.pages.actions.CompositeActionBuilder.execute(CompositeActionBuilder.java:110)
at com.juaracoding.tajuaracoding.laporan.SemuaTest.testStatusCheck(SemuaTest.java:110)
at java.base/java.util.ArrayList.forEach(ArrayList.java:1596)
... Removed 32 stack frames]]>
    </failure>
  </testcase> <!-- testStatusCheck -->
  <testcase classname="com.juaracoding.tajuaracoding.laporan.KehadiranTest" name="testKehadiranPageVerification" time="4.041"/>
  <testcase classname="com.juaracoding.tajuaracoding.laporan.KehadiranTest" name="testDateRangeFilter" time="10.831"/>
  <testcase classname="com.juaracoding.tajuaracoding.laporan.KehadiranTest" name="testPositiveSearch" time="6.29"/>
  <testcase classname="com.juaracoding.tajuaracoding.laporan.KehadiranTest" name="testNegativeSearch" time="6.167"/>
  <testcase classname="com.juaracoding.tajuaracoding.laporan.KehadiranTest" name="testPositiveSearchWithDateRangeFilter" time="9.822"/>
  <testcase classname="com.juaracoding.tajuaracoding.laporan.KehadiranTest" name="testPositiveUnitFilter" time="11.551"/>
  <testcase classname="com.juaracoding.tajuaracoding.laporan.KehadiranTest" name="testNegativeUnitFilter" time="8.255">
    <failure type="java.lang.AssertionError" message="Expected no data for unit: UnitTidakAda expected [false] but found [true]">
      <![CDATA[java.lang.AssertionError: Expected no data for unit: UnitTidakAda expected [false] but found [true]
at com.juaracoding.tajuaracoding.pages.actions.UnitFilterAction.execute(UnitFilterAction.java:74)
at com.juaracoding.tajuaracoding.pages.actions.CompositeActionBuilder.execute(CompositeActionBuilder.java:110)
at com.juaracoding.tajuaracoding.laporan.KehadiranTest.testNegativeUnitFilter(KehadiranTest.java:74)
at java.base/java.util.ArrayList.forEach(ArrayList.java:1596)
... Removed 32 stack frames]]>
    </failure>
  </testcase> <!-- testNegativeUnitFilter -->
  <testcase classname="com.juaracoding.tajuaracoding.laporan.KehadiranTest" name="testPositiveUnitFilterWithDateRangeFilter" time="13.228">
    <failure type="java.lang.AssertionError" message="Row doesn&amp;apos;t contain unit Sysmex: SDT
SPV Dark Tomcat
Bank Neo Commerce
07 Mar 1994
09:37:03
07 Mar 1994
18:12:05
Alamat tidak ditemukan
Alamat tidak ditemukan
Work From Office
-
- expected [true] but found [false]">
      <![CDATA[java.lang.AssertionError: Row doesn't contain unit Sysmex: SDT
SPV Dark Tomcat
Bank Neo Commerce
07 Mar 1994
09:37:03
07 Mar 1994
18:12:05
Alamat tidak ditemukan
Alamat tidak ditemukan
Work From Office
-
- expected [true] but found [false]
at com.juaracoding.tajuaracoding.pages.actions.UnitFilterAction.execute(UnitFilterAction.java:70)
at com.juaracoding.tajuaracoding.pages.actions.CompositeActionBuilder.execute(CompositeActionBuilder.java:110)
at com.juaracoding.tajuaracoding.laporan.KehadiranTest.testPositiveUnitFilterWithDateRangeFilter(KehadiranTest.java:87)
at java.base/java.util.ArrayList.forEach(ArrayList.java:1596)
... Removed 32 stack frames]]>
    </failure>
  </testcase> <!-- testPositiveUnitFilterWithDateRangeFilter -->
  <testcase classname="com.juaracoding.tajuaracoding.laporan.KehadiranTest" name="testExportFunctionalityCancel" time="8.306"/>
  <testcase classname="com.juaracoding.tajuaracoding.laporan.KehadiranTest" name="testCombinationFilter" time="13.324">
    <failure type="java.lang.AssertionError" message="Row doesn&amp;apos;t contain unit Sysmex: SDT
SPV Dark Tomcat
Bank Neo Commerce
07 Mar 1994
09:37:03
07 Mar 1994
18:12:05
Alamat tidak ditemukan
Alamat tidak ditemukan
Work From Office
-
- expected [true] but found [false]">
      <![CDATA[java.lang.AssertionError: Row doesn't contain unit Sysmex: SDT
SPV Dark Tomcat
Bank Neo Commerce
07 Mar 1994
09:37:03
07 Mar 1994
18:12:05
Alamat tidak ditemukan
Alamat tidak ditemukan
Work From Office
-
- expected [true] but found [false]
at com.juaracoding.tajuaracoding.pages.actions.UnitFilterAction.execute(UnitFilterAction.java:70)
at com.juaracoding.tajuaracoding.pages.actions.CompositeActionBuilder.execute(CompositeActionBuilder.java:110)
at com.juaracoding.tajuaracoding.laporan.KehadiranTest.testCombinationFilter(KehadiranTest.java:112)
at java.base/java.util.ArrayList.forEach(ArrayList.java:1596)
... Removed 32 stack frames]]>
    </failure>
  </testcase> <!-- testCombinationFilter -->
  <testcase classname="com.juaracoding.tajuaracoding.laporan.KehadiranTest" name="testResetAllFilters" time="15.213"/>
  <testcase classname="com.juaracoding.tajuaracoding.laporan.KehadiranTest" name="testExportFunctionality" time="25.735"/>
  <testcase classname="com.juaracoding.tajuaracoding.laporan.KehadiranTest" name="testStatusCheck" time="14.302">
    <failure type="java.lang.AssertionError" message="Tidak semua status ditemukan. Found: [], Expected: [work from office] expected [true] but found [false]">
      <![CDATA[java.lang.AssertionError: Tidak semua status ditemukan. Found: [], Expected: [work from office] expected [true] but found [false]
at com.juaracoding.tajuaracoding.pages.actions.StatusCheckAction.execute(StatusCheckAction.java:71)
at com.juaracoding.tajuaracoding.pages.actions.CompositeActionBuilder.execute(CompositeActionBuilder.java:110)
at com.juaracoding.tajuaracoding.laporan.KehadiranTest.testStatusCheck(KehadiranTest.java:145)
at java.base/java.util.ArrayList.forEach(ArrayList.java:1596)
... Removed 32 stack frames]]>
    </failure>
  </testcase> <!-- testStatusCheck -->
  <testcase classname="com.juaracoding.tajuaracoding.laporan.IzinTerlambatTest" name="testCheckSpecificStatuses" time="12.725"/>
  <testcase classname="com.juaracoding.tajuaracoding.laporan.IzinTerlambatTest" name="testCombinationFilter" time="17.222"/>
  <testcase classname="com.juaracoding.tajuaracoding.laporan.IzinTerlambatTest" name="testDateRangeFilter" time="10.486"/>
  <testcase classname="com.juaracoding.tajuaracoding.laporan.IzinTerlambatTest" name="testIzinTerlambatPageVerification" time="4.231"/>
  <testcase classname="com.juaracoding.tajuaracoding.laporan.IzinTerlambatTest" name="testNegativeSearch" time="6.04"/>
  <testcase classname="com.juaracoding.tajuaracoding.laporan.IzinTerlambatTest" name="testNegativeUnitFilter" time="8.358">
    <failure type="java.lang.AssertionError" message="Expected no data for unit: UnitTidakAda expected [false] but found [true]">
      <![CDATA[java.lang.AssertionError: Expected no data for unit: UnitTidakAda expected [false] but found [true]
at com.juaracoding.tajuaracoding.pages.actions.UnitFilterAction.execute(UnitFilterAction.java:74)
at com.juaracoding.tajuaracoding.pages.actions.CompositeActionBuilder.execute(CompositeActionBuilder.java:110)
at com.juaracoding.tajuaracoding.laporan.IzinTerlambatTest.testNegativeUnitFilter(IzinTerlambatTest.java:65)
at java.base/java.util.ArrayList.forEach(ArrayList.java:1596)
... Removed 32 stack frames]]>
    </failure>
  </testcase> <!-- testNegativeUnitFilter -->
  <testcase classname="com.juaracoding.tajuaracoding.laporan.IzinTerlambatTest" name="testPositiveSearch" time="6.48"/>
  <testcase classname="com.juaracoding.tajuaracoding.laporan.IzinTerlambatTest" name="testPositiveUnitFilter" time="12.053"/>
  <testcase classname="com.juaracoding.tajuaracoding.laporan.IzinTerlambatTest" name="testResetAllFilters" time="16.676"/>
  <testcase classname="com.juaracoding.tajuaracoding.laporan.IzinPulangCepatTest" name="testCheckSpecificStatuses" time="30.229"/>
  <testcase classname="com.juaracoding.tajuaracoding.laporan.IzinPulangCepatTest" name="testCombinationFilter" time="23.055"/>
  <testcase classname="com.juaracoding.tajuaracoding.laporan.IzinPulangCepatTest" name="testDateRangeFilter" time="10.994"/>
  <testcase classname="com.juaracoding.tajuaracoding.laporan.IzinPulangCepatTest" name="testIzinTerlambatPageVerification" time="4.127"/>
  <testcase classname="com.juaracoding.tajuaracoding.laporan.IzinPulangCepatTest" name="testNegativeSearch" time="5.994"/>
  <testcase classname="com.juaracoding.tajuaracoding.laporan.IzinPulangCepatTest" name="testNegativeUnitFilter" time="8.403">
    <failure type="java.lang.AssertionError" message="Expected no data for unit: UnitTidakAda expected [false] but found [true]">
      <![CDATA[java.lang.AssertionError: Expected no data for unit: UnitTidakAda expected [false] but found [true]
at com.juaracoding.tajuaracoding.pages.actions.UnitFilterAction.execute(UnitFilterAction.java:74)
at com.juaracoding.tajuaracoding.pages.actions.CompositeActionBuilder.execute(CompositeActionBuilder.java:110)
at com.juaracoding.tajuaracoding.laporan.IzinPulangCepatTest.testNegativeUnitFilter(IzinPulangCepatTest.java:64)
at java.base/java.util.ArrayList.forEach(ArrayList.java:1596)
... Removed 32 stack frames]]>
    </failure>
  </testcase> <!-- testNegativeUnitFilter -->
  <testcase classname="com.juaracoding.tajuaracoding.laporan.IzinPulangCepatTest" name="testPositiveSearch" time="6.069"/>
  <testcase classname="com.juaracoding.tajuaracoding.laporan.IzinPulangCepatTest" name="testPositiveUnitFilter" time="12.175"/>
  <testcase classname="com.juaracoding.tajuaracoding.laporan.IzinPulangCepatTest" name="testResetAllFilters" time="15.36"/>
  <testcase classname="com.juaracoding.tajuaracoding.laporan.CutiTest" name="testCheckSpecificStatuses" time="41.746"/>
  <testcase classname="com.juaracoding.tajuaracoding.laporan.CutiTest" name="testCombinationFilter" time="19.879"/>
  <testcase classname="com.juaracoding.tajuaracoding.laporan.CutiTest" name="testDateRangeFilter" time="10.558"/>
  <testcase classname="com.juaracoding.tajuaracoding.laporan.CutiTest" name="testIzinTerlambatPageVerification" time="4.211"/>
  <testcase classname="com.juaracoding.tajuaracoding.laporan.CutiTest" name="testNegativeSearch" time="6.218"/>
  <testcase classname="com.juaracoding.tajuaracoding.laporan.CutiTest" name="testNegativeUnitFilter" time="15.755">
    <failure type="java.lang.RuntimeException" message="Action failed: ❌ Filter tidak sesuai: ditemukan 257 records untuk UnitTidakAda">
      <![CDATA[java.lang.RuntimeException: Action failed: ❌ Filter tidak sesuai: ditemukan 257 records untuk UnitTidakAda
at com.juaracoding.tajuaracoding.pages.actions.CompositeActionBuilder.execute(CompositeActionBuilder.java:112)
at com.juaracoding.tajuaracoding.laporan.CutiTest.testNegativeUnitFilter(CutiTest.java:64)
at java.base/java.util.ArrayList.forEach(ArrayList.java:1596)
... Removed 29 stack frames]]>
    </failure>
  </testcase> <!-- testNegativeUnitFilter -->
  <testcase classname="com.juaracoding.tajuaracoding.laporan.CutiTest" name="testPositiveSearch" time="6.218"/>
  <testcase classname="com.juaracoding.tajuaracoding.laporan.CutiTest" name="testPositiveUnitFilter" time="13.37"/>
  <testcase classname="com.juaracoding.tajuaracoding.laporan.CutiTest" name="testResetAllFilters" time="17.483"/>
</testsuite> <!-- Laporan Tests -->
