<!DOCTYPE html PUBLIC "-//W3C//DTD XHTML 1.1//EN" "https://www.w3.org/TR/xhtml11/DTD/xhtml11.dtd">
<html xmlns="https://www.w3.org/1999/xhtml">
<head>
<meta http-equiv="content-type" content="text/html; charset=UTF-8"/>
<title>TestNG Report</title>
<style type="text/css">table {margin-bottom:10px;border-collapse:collapse;empty-cells:show}th,td {border:1px solid #009;padding:.25em .5em}th {vertical-align:bottom}td {vertical-align:top}table a {font-weight:bold}.stripe td {background-color: #E6EBF9}.num {text-align:right}.passedodd td {background-color: #3F3}.passedeven td {background-color: #0A0}.skippedodd td {background-color: #DDD}.skippedeven td {background-color: #CCC}.failedodd td,.attn {background-color: #F33}.failedeven td,.stripe .attn {background-color: #D00}.stacktrace {white-space:pre;font-family:monospace}.totop {font-size:85%;text-align:center;border-bottom:2px solid #000}.invisible {display:none}</style>
</head>
<body>
<table>
<tr><th>Test</th><th># Passed</th><th># Skipped</th><th># Retried</th><th># Failed</th><th>Time (ms)</th><th>Included Groups</th><th>Excluded Groups</th></tr>
<tr><th colspan="8">Hadir</th></tr>
<tr><td><a href="#t0">Login Tests</a></td><td class="num">3</td><td class="num">0</td><td class="num">0</td><td class="num">0</td><td class="num">18,312</td><td></td><td></td></tr>
<tr class="stripe"><td><a href="#t1">Laporan Tests</a></td><td class="num">40</td><td class="num">0</td><td class="num">0</td><td class="num attn">11</td><td class="num">860,885</td><td></td><td></td></tr>
<tr><td><a href="#t2">Dashboard Tests</a></td><td class="num">15</td><td class="num">0</td><td class="num">0</td><td class="num attn">5</td><td class="num">220,969</td><td></td><td></td></tr>
<tr><th>Total</th><th class="num">58</th><th class="num">0</th><th class="num">0</th><th class="num attn">16</th><th class="num">1,100,166</th><th colspan="2"></th></tr>
</table>
<table id='summary'><thead><tr><th>Class</th><th>Method</th><th>Start</th><th>Time (ms)</th></tr></thead><tbody><tr><th colspan="4">Hadir</th></tr></tbody><tbody id="t0"><tr><th colspan="4">Login Tests &#8212; passed</th></tr><tr class="passedeven"><td rowspan="2">com.juaracoding.tajuaracoding.login.NegativeLoginTest</td><td><a href="#m0">InvalidEmail</a></td><td rowspan="1">1756285911968</td><td rowspan="1">10637</td></tr><tr class="passedeven"><td><a href="#m1">InvalidPassword</a></td><td rowspan="1">1756285922606</td><td rowspan="1">1042</td></tr><tr class="passedodd"><td rowspan="1">com.juaracoding.tajuaracoding.login.PositiveLoginTest</td><td><a href="#m2">testLogin</a></td><td rowspan="1">1756285905401</td><td rowspan="1">6558</td></tr></tbody>
<tbody id="t1"><tr><th colspan="4">Laporan Tests &#8212; failed</th></tr><tr class="failedeven"><td rowspan="1">com.juaracoding.tajuaracoding.laporan.CutiTest</td><td><a href="#m3">testNegativeUnitFilter</a></td><td rowspan="1">1756286715943</td><td rowspan="1">15755</td></tr><tr class="failedodd"><td rowspan="1">com.juaracoding.tajuaracoding.laporan.IzinPulangCepatTest</td><td><a href="#m4">testNegativeUnitFilter</a></td><td rowspan="1">1756286546464</td><td rowspan="1">8403</td></tr><tr class="failedeven"><td rowspan="1">com.juaracoding.tajuaracoding.laporan.IzinTerlambatTest</td><td><a href="#m5">testNegativeUnitFilter</a></td><td rowspan="1">1756286380722</td><td rowspan="1">8358</td></tr><tr class="failedodd"><td rowspan="4">com.juaracoding.tajuaracoding.laporan.KehadiranTest</td><td><a href="#m6">testCombinationFilter</a></td><td rowspan="1">1756286218365</td><td rowspan="1">13324</td></tr><tr class="failedodd"><td><a href="#m7">testNegativeUnitFilter</a></td><td rowspan="1">1756286173972</td><td rowspan="1">8255</td></tr><tr class="failedodd"><td><a href="#m8">testPositiveUnitFilterWithDateRangeFilter</a></td><td rowspan="1">1756286186752</td><td rowspan="1">13228</td></tr><tr class="failedodd"><td><a href="#m9">testStatusCheck</a></td><td rowspan="1">1756286287597</td><td rowspan="1">14302</td></tr><tr class="failedeven"><td rowspan="4">com.juaracoding.tajuaracoding.laporan.SemuaTest</td><td><a href="#m10">testCombinationFilter</a></td><td rowspan="1">1756286033722</td><td rowspan="1">14839</td></tr><tr class="failedeven"><td><a href="#m11">testNegativeUnitFilter</a></td><td rowspan="1">1756285997465</td><td rowspan="1">8913</td></tr><tr class="failedeven"><td><a href="#m12">testResetAllFilters</a></td><td rowspan="1">1756286054419</td><td rowspan="1">15073</td></tr><tr class="failedeven"><td><a href="#m13">testStatusCheck</a></td><td rowspan="1">1756286074935</td><td rowspan="1">14000</td></tr><tr><th colspan="4">Laporan Tests &#8212; passed</th></tr><tr class="passedeven"><td rowspan="8">com.juaracoding.tajuaracoding.laporan.CutiTest</td><td><a href="#m14">testCheckSpecificStatuses</a></td><td rowspan="1">1756286608561</td><td rowspan="1">41746</td></tr><tr class="passedeven"><td><a href="#m15">testCombinationFilter</a></td><td rowspan="1">1756286655086</td><td rowspan="1">19879</td></tr><tr class="passedeven"><td><a href="#m16">testDateRangeFilter</a></td><td rowspan="1">1756286679916</td><td rowspan="1">10558</td></tr><tr class="passedeven"><td><a href="#m17">testIzinTerlambatPageVerification</a></td><td rowspan="1">1756286695872</td><td rowspan="1">4211</td></tr><tr class="passedeven"><td><a href="#m18">testNegativeSearch</a></td><td rowspan="1">1756286704958</td><td rowspan="1">6218</td></tr><tr class="passedeven"><td><a href="#m19">testPositiveSearch</a></td><td rowspan="1">1756286736147</td><td rowspan="1">6218</td></tr><tr class="passedeven"><td><a href="#m20">testPositiveUnitFilter</a></td><td rowspan="1">1756286747170</td><td rowspan="1">13370</td></tr><tr class="passedeven"><td><a href="#m21">testResetAllFilters</a></td><td rowspan="1">1756286765367</td><td rowspan="1">17483</td></tr><tr class="passedodd"><td rowspan="8">com.juaracoding.tajuaracoding.laporan.IzinPulangCepatTest</td><td><a href="#m22">testCheckSpecificStatuses</a></td><td rowspan="1">1756286446703</td><td rowspan="1">30229</td></tr><tr class="passedodd"><td><a href="#m23">testCombinationFilter</a></td><td rowspan="1">1756286482095</td><td rowspan="1">23055</td></tr><tr class="passedodd"><td><a href="#m24">testDateRangeFilter</a></td><td rowspan="1">1756286510200</td><td rowspan="1">10994</td></tr><tr class="passedodd"><td><a href="#m25">testIzinTerlambatPageVerification</a></td><td rowspan="1">1756286526047</td><td rowspan="1">4127</td></tr><tr class="passedodd"><td><a href="#m26">testNegativeSearch</a></td><td rowspan="1">1756286535265</td><td rowspan="1">5994</td></tr><tr class="passedodd"><td><a href="#m27">testPositiveSearch</a></td><td rowspan="1">1756286559802</td><td rowspan="1">6069</td></tr><tr class="passedodd"><td><a href="#m28">testPositiveUnitFilter</a></td><td rowspan="1">1756286571840</td><td rowspan="1">12175</td></tr><tr class="passedodd"><td><a href="#m29">testResetAllFilters</a></td><td rowspan="1">1756286588400</td><td rowspan="1">15360</td></tr><tr class="passedeven"><td rowspan="8">com.juaracoding.tajuaracoding.laporan.IzinTerlambatTest</td><td><a href="#m30">testCheckSpecificStatuses</a></td><td rowspan="1">1756286306565</td><td rowspan="1">12725</td></tr><tr class="passedeven"><td><a href="#m31">testCombinationFilter</a></td><td rowspan="1">1756286323882</td><td rowspan="1">17222</td></tr><tr class="passedeven"><td><a href="#m32">testDateRangeFilter</a></td><td rowspan="1">1756286345672</td><td rowspan="1">10486</td></tr><tr class="passedeven"><td><a href="#m33">testIzinTerlambatPageVerification</a></td><td rowspan="1">1756286361177</td><td rowspan="1">4231</td></tr><tr class="passedeven"><td><a href="#m34">testNegativeSearch</a></td><td rowspan="1">1756286370101</td><td rowspan="1">6040</td></tr><tr class="passedeven"><td><a href="#m35">testPositiveSearch</a></td><td rowspan="1">1756286396270</td><td rowspan="1">6480</td></tr><tr class="passedeven"><td><a href="#m36">testPositiveUnitFilter</a></td><td rowspan="1">1756286408050</td><td rowspan="1">12053</td></tr><tr class="passedeven"><td><a href="#m37">testResetAllFilters</a></td><td rowspan="1">1756286425204</td><td rowspan="1">16676</td></tr><tr class="passedodd"><td rowspan="9">com.juaracoding.tajuaracoding.laporan.KehadiranTest</td><td><a href="#m38">testDateRangeFilter</a></td><td rowspan="1">1756286103295</td><td rowspan="1">10831</td></tr><tr class="passedodd"><td><a href="#m39">testExportFunctionality</a></td><td rowspan="1">1756286256249</td><td rowspan="1">25735</td></tr><tr class="passedodd"><td><a href="#m40">testExportFunctionalityCancel</a></td><td rowspan="1">1756286205244</td><td rowspan="1">8306</td></tr><tr class="passedodd"><td><a href="#m41">testKehadiranPageVerification</a></td><td rowspan="1">1756286094182</td><td rowspan="1">4041</td></tr><tr class="passedodd"><td><a href="#m42">testNegativeSearch</a></td><td rowspan="1">1756286130491</td><td rowspan="1">6167</td></tr><tr class="passedodd"><td><a href="#m43">testPositiveSearch</a></td><td rowspan="1">1756286119103</td><td rowspan="1">6290</td></tr><tr class="passedodd"><td><a href="#m44">testPositiveSearchWithDateRangeFilter</a></td><td rowspan="1">1756286141994</td><td rowspan="1">9822</td></tr><tr class="passedodd"><td><a href="#m45">testPositiveUnitFilter</a></td><td rowspan="1">1756286157449</td><td rowspan="1">11551</td></tr><tr class="passedodd"><td><a href="#m46">testResetAllFilters</a></td><td rowspan="1">1756286236646</td><td rowspan="1">15213</td></tr><tr class="passedeven"><td rowspan="7">com.juaracoding.tajuaracoding.laporan.SemuaTest</td><td><a href="#m47">testDateRangeFilter</a></td><td rowspan="1">1756285932944</td><td rowspan="1">7520</td></tr><tr class="passedeven"><td><a href="#m48">testNegativeSearch</a></td><td rowspan="1">1756285957443</td><td rowspan="1">6245</td></tr><tr class="passedeven"><td><a href="#m49">testPositiveSearch</a></td><td rowspan="1">1756285945973</td><td rowspan="1">6499</td></tr><tr class="passedeven"><td><a href="#m50">testPositiveSearchWithDateRangeFilter</a></td><td rowspan="1">1756285969283</td><td rowspan="1">9634</td></tr><tr class="passedeven"><td><a href="#m51">testPositiveUnitFilter</a></td><td rowspan="1">1756285983679</td><td rowspan="1">8796</td></tr><tr class="passedeven"><td><a href="#m52">testPositiveUnitFilterWithDateRangeFilter</a></td><td rowspan="1">1756286011719</td><td rowspan="1">14750</td></tr><tr class="passedeven"><td><a href="#m53">testSemuaPageVerification</a></td><td rowspan="1">1756285924115</td><td rowspan="1">3959</td></tr></tbody>
<tbody id="t2"><tr><th colspan="4">Dashboard Tests &#8212; failed</th></tr><tr class="failedeven"><td rowspan="5">com.juaracoding.tajuaracoding.Dashboard.PendingDashboardTest</td><td><a href="#m54">Negative_v1koreksisearchTest</a></td><td rowspan="1">1756286821237</td><td rowspan="1">5628</td></tr><tr class="failedeven"><td><a href="#m55">Positive_v1koreksisearchTest</a></td><td rowspan="1">1756286877715</td><td rowspan="1">2094</td></tr><tr class="failedeven"><td><a href="#m56">negativeTestFilterByUnit</a></td><td rowspan="1">1756286896169</td><td rowspan="1">9182</td></tr><tr class="failedeven"><td><a href="#m57">reset_v1koreksisearchTest</a></td><td rowspan="1">1756286938719</td><td rowspan="1">2067</td></tr><tr class="failedeven"><td><a href="#m58">validator1koreksiTest</a></td><td rowspan="1">1756287001736</td><td rowspan="1">2038</td></tr><tr><th colspan="4">Dashboard Tests &#8212; passed</th></tr><tr class="passedeven"><td rowspan="15">com.juaracoding.tajuaracoding.Dashboard.PendingDashboardTest</td><td><a href="#m59">DateRangeFilterTest</a></td><td rowspan="1">1756286787633</td><td rowspan="1">6605</td></tr><tr class="passedeven"><td><a href="#m60">InvalidDateTest</a></td><td rowspan="1">1756286798703</td><td rowspan="1">5899</td></tr><tr class="passedeven"><td><a href="#m61">Negative_v1cutisearchTest</a></td><td rowspan="1">1756286810275</td><td rowspan="1">5998</td></tr><tr class="passedeven"><td><a href="#m62">Negative_v1lembursearchTest</a></td><td rowspan="1">1756286831422</td><td rowspan="1">5964</td></tr><tr class="passedeven"><td><a href="#m63">NullEndDateTest</a></td><td rowspan="1">1756286843826</td><td rowspan="1">5857</td></tr><tr class="passedeven"><td><a href="#m64">NullStartDateTest</a></td><td rowspan="1">1756286854568</td><td rowspan="1">5975</td></tr><tr class="passedeven"><td><a href="#m65">Positive_v1cutisearchTest</a></td><td rowspan="1">1756286865422</td><td rowspan="1">5928</td></tr><tr class="passedeven"><td><a href="#m66">Positive_v1lembursearchTest</a></td><td rowspan="1">1756286885187</td><td rowspan="1">6128</td></tr><tr class="passedeven"><td><a href="#m67">positiveFilterByUnitTest</a></td><td rowspan="1">1756286910394</td><td rowspan="1">10691</td></tr><tr class="passedeven"><td><a href="#m68">reset_v1cutisearchTest</a></td><td rowspan="1">1756286926238</td><td rowspan="1">7450</td></tr><tr class="passedeven"><td><a href="#m69">reset_v1lembursearchTest</a></td><td rowspan="1">1756286945834</td><td rowspan="1">7263</td></tr><tr class="passedeven"><td><a href="#m70">resetfilterTest</a></td><td rowspan="1">1756286957677</td><td rowspan="1">15156</td></tr><tr class="passedeven"><td><a href="#m71">testVerifyPage</a></td><td rowspan="1">1756286977623</td><td rowspan="1">2052</td></tr><tr class="passedeven"><td><a href="#m72">validator1LemburTest</a></td><td rowspan="1">1756286984885</td><td rowspan="1">2901</td></tr><tr class="passedeven"><td><a href="#m73">validator1cutiTest</a></td><td rowspan="1">1756286993748</td><td rowspan="1">2930</td></tr></tbody>
</table>
<h2>Login Tests</h2><h3 id="m0">com.juaracoding.tajuaracoding.login.NegativeLoginTest#InvalidEmail</h3><table class="result"><tr><th class="invisible"/></tr></table><p class="totop"><a href="#summary">back to summary</a></p>
<h3 id="m1">com.juaracoding.tajuaracoding.login.NegativeLoginTest#InvalidPassword</h3><table class="result"><tr><th class="invisible"/></tr></table><p class="totop"><a href="#summary">back to summary</a></p>
<h3 id="m2">com.juaracoding.tajuaracoding.login.PositiveLoginTest#testLogin</h3><table class="result"><tr><th class="invisible"/></tr></table><p class="totop"><a href="#summary">back to summary</a></p>
<h2>Laporan Tests</h2><h3 id="m3">com.juaracoding.tajuaracoding.laporan.CutiTest#testNegativeUnitFilter</h3><table class="result"><tr><th>Exception</th></tr><tr><td><div class="stacktrace">java.lang.RuntimeException: Action failed: ‚ùå Filter tidak sesuai: ditemukan 257 records untuk UnitTidakAda
	at com.juaracoding.tajuaracoding.pages.actions.CompositeActionBuilder.execute(CompositeActionBuilder.java:112)
	at com.juaracoding.tajuaracoding.laporan.CutiTest.testNegativeUnitFilter(CutiTest.java:64)
	at java.base/java.util.ArrayList.forEach(ArrayList.java:1596)
... Removed 29 stack frames</div></td></tr></table><p class="totop"><a href="#summary">back to summary</a></p>
<h3 id="m4">com.juaracoding.tajuaracoding.laporan.IzinPulangCepatTest#testNegativeUnitFilter</h3><table class="result"><tr><th>Exception</th></tr><tr><td><div class="stacktrace">java.lang.AssertionError: Expected no data for unit: UnitTidakAda expected [false] but found [true]
	at com.juaracoding.tajuaracoding.pages.actions.UnitFilterAction.execute(UnitFilterAction.java:74)
	at com.juaracoding.tajuaracoding.pages.actions.CompositeActionBuilder.execute(CompositeActionBuilder.java:110)
	at com.juaracoding.tajuaracoding.laporan.IzinPulangCepatTest.testNegativeUnitFilter(IzinPulangCepatTest.java:64)
	at java.base/java.util.ArrayList.forEach(ArrayList.java:1596)
... Removed 32 stack frames</div></td></tr></table><p class="totop"><a href="#summary">back to summary</a></p>
<h3 id="m5">com.juaracoding.tajuaracoding.laporan.IzinTerlambatTest#testNegativeUnitFilter</h3><table class="result"><tr><th>Exception</th></tr><tr><td><div class="stacktrace">java.lang.AssertionError: Expected no data for unit: UnitTidakAda expected [false] but found [true]
	at com.juaracoding.tajuaracoding.pages.actions.UnitFilterAction.execute(UnitFilterAction.java:74)
	at com.juaracoding.tajuaracoding.pages.actions.CompositeActionBuilder.execute(CompositeActionBuilder.java:110)
	at com.juaracoding.tajuaracoding.laporan.IzinTerlambatTest.testNegativeUnitFilter(IzinTerlambatTest.java:65)
	at java.base/java.util.ArrayList.forEach(ArrayList.java:1596)
... Removed 32 stack frames</div></td></tr></table><p class="totop"><a href="#summary">back to summary</a></p>
<h3 id="m6">com.juaracoding.tajuaracoding.laporan.KehadiranTest#testCombinationFilter</h3><table class="result"><tr><th>Exception</th></tr><tr><td><div class="stacktrace">java.lang.AssertionError: Row doesn&apos;t contain unit Sysmex: SDT
SPV Dark Tomcat
Bank Neo Commerce
07 Mar 1994
09:37:03
07 Mar 1994
18:12:05
Alamat tidak ditemukan
Alamat tidak ditemukan
Work From Office
-
- expected [true] but found [false]
	at com.juaracoding.tajuaracoding.pages.actions.UnitFilterAction.execute(UnitFilterAction.java:70)
	at com.juaracoding.tajuaracoding.pages.actions.CompositeActionBuilder.execute(CompositeActionBuilder.java:110)
	at com.juaracoding.tajuaracoding.laporan.KehadiranTest.testCombinationFilter(KehadiranTest.java:112)
	at java.base/java.util.ArrayList.forEach(ArrayList.java:1596)
... Removed 32 stack frames</div></td></tr></table><p class="totop"><a href="#summary">back to summary</a></p>
<h3 id="m7">com.juaracoding.tajuaracoding.laporan.KehadiranTest#testNegativeUnitFilter</h3><table class="result"><tr><th>Exception</th></tr><tr><td><div class="stacktrace">java.lang.AssertionError: Expected no data for unit: UnitTidakAda expected [false] but found [true]
	at com.juaracoding.tajuaracoding.pages.actions.UnitFilterAction.execute(UnitFilterAction.java:74)
	at com.juaracoding.tajuaracoding.pages.actions.CompositeActionBuilder.execute(CompositeActionBuilder.java:110)
	at com.juaracoding.tajuaracoding.laporan.KehadiranTest.testNegativeUnitFilter(KehadiranTest.java:74)
	at java.base/java.util.ArrayList.forEach(ArrayList.java:1596)
... Removed 32 stack frames</div></td></tr></table><p class="totop"><a href="#summary">back to summary</a></p>
<h3 id="m8">com.juaracoding.tajuaracoding.laporan.KehadiranTest#testPositiveUnitFilterWithDateRangeFilter</h3><table class="result"><tr><th>Exception</th></tr><tr><td><div class="stacktrace">java.lang.AssertionError: Row doesn&apos;t contain unit Sysmex: SDT
SPV Dark Tomcat
Bank Neo Commerce
07 Mar 1994
09:37:03
07 Mar 1994
18:12:05
Alamat tidak ditemukan
Alamat tidak ditemukan
Work From Office
-
- expected [true] but found [false]
	at com.juaracoding.tajuaracoding.pages.actions.UnitFilterAction.execute(UnitFilterAction.java:70)
	at com.juaracoding.tajuaracoding.pages.actions.CompositeActionBuilder.execute(CompositeActionBuilder.java:110)
	at com.juaracoding.tajuaracoding.laporan.KehadiranTest.testPositiveUnitFilterWithDateRangeFilter(KehadiranTest.java:87)
	at java.base/java.util.ArrayList.forEach(ArrayList.java:1596)
... Removed 32 stack frames</div></td></tr></table><p class="totop"><a href="#summary">back to summary</a></p>
<h3 id="m9">com.juaracoding.tajuaracoding.laporan.KehadiranTest#testStatusCheck</h3><table class="result"><tr><th>Exception</th></tr><tr><td><div class="stacktrace">java.lang.AssertionError: Tidak semua status ditemukan. Found: [], Expected: [work from office] expected [true] but found [false]
	at com.juaracoding.tajuaracoding.pages.actions.StatusCheckAction.execute(StatusCheckAction.java:71)
	at com.juaracoding.tajuaracoding.pages.actions.CompositeActionBuilder.execute(CompositeActionBuilder.java:110)
	at com.juaracoding.tajuaracoding.laporan.KehadiranTest.testStatusCheck(KehadiranTest.java:145)
	at java.base/java.util.ArrayList.forEach(ArrayList.java:1596)
... Removed 32 stack frames</div></td></tr></table><p class="totop"><a href="#summary">back to summary</a></p>
<h3 id="m10">com.juaracoding.tajuaracoding.laporan.SemuaTest#testCombinationFilter</h3><table class="result"><tr><th>Exception</th></tr><tr><td><div class="stacktrace">java.lang.AssertionError: Row doesn&apos;t contain unit Sysmex: SDT
SPV Dark Tomcat
Bank Neo Commerce
07 Mar 1994
09:37:03
07 Mar 1994
18:12:05
Alamat tidak ditemukan
Alamat tidak ditemukan
Work From Office
-
- expected [true] but found [false]
	at com.juaracoding.tajuaracoding.pages.actions.UnitFilterAction.execute(UnitFilterAction.java:70)
	at com.juaracoding.tajuaracoding.pages.actions.CompositeActionBuilder.execute(CompositeActionBuilder.java:110)
	at com.juaracoding.tajuaracoding.laporan.SemuaTest.testCombinationFilter(SemuaTest.java:87)
	at java.base/java.util.ArrayList.forEach(ArrayList.java:1596)
... Removed 32 stack frames</div></td></tr></table><p class="totop"><a href="#summary">back to summary</a></p>
<h3 id="m11">com.juaracoding.tajuaracoding.laporan.SemuaTest#testNegativeUnitFilter</h3><table class="result"><tr><th>Exception</th></tr><tr><td><div class="stacktrace">java.lang.AssertionError: Expected no data for unit: UnitNihil expected [false] but found [true]
	at com.juaracoding.tajuaracoding.pages.actions.UnitFilterAction.execute(UnitFilterAction.java:74)
	at com.juaracoding.tajuaracoding.pages.actions.CompositeActionBuilder.execute(CompositeActionBuilder.java:110)
	at com.juaracoding.tajuaracoding.laporan.SemuaTest.testNegativeUnitFilter(SemuaTest.java:65)
	at java.base/java.util.ArrayList.forEach(ArrayList.java:1596)
... Removed 32 stack frames</div></td></tr></table><p class="totop"><a href="#summary">back to summary</a></p>
<h3 id="m12">com.juaracoding.tajuaracoding.laporan.SemuaTest#testResetAllFilters</h3><table class="result"><tr><th>Exception</th></tr><tr><td><div class="stacktrace">java.lang.AssertionError: Row doesn&apos;t contain unit Sysmex: SDT
SPV Dark Tomcat
Bank Neo Commerce
07 Mar 1994
09:37:03
07 Mar 1994
18:12:05
Alamat tidak ditemukan
Alamat tidak ditemukan
Work From Office
-
- expected [true] but found [false]
	at com.juaracoding.tajuaracoding.pages.actions.UnitFilterAction.execute(UnitFilterAction.java:70)
	at com.juaracoding.tajuaracoding.pages.actions.CompositeActionBuilder.execute(CompositeActionBuilder.java:110)
	at com.juaracoding.tajuaracoding.laporan.SemuaTest.testResetAllFilters(SemuaTest.java:100)
	at java.base/java.util.ArrayList.forEach(ArrayList.java:1596)
... Removed 32 stack frames</div></td></tr></table><p class="totop"><a href="#summary">back to summary</a></p>
<h3 id="m13">com.juaracoding.tajuaracoding.laporan.SemuaTest#testStatusCheck</h3><table class="result"><tr><th>Exception</th></tr><tr><td><div class="stacktrace">java.lang.AssertionError: Tidak semua status ditemukan. Found: [], Expected: [sakit, cuti, lembur] expected [true] but found [false]
	at com.juaracoding.tajuaracoding.pages.actions.StatusCheckAction.execute(StatusCheckAction.java:71)
	at com.juaracoding.tajuaracoding.pages.actions.CompositeActionBuilder.execute(CompositeActionBuilder.java:110)
	at com.juaracoding.tajuaracoding.laporan.SemuaTest.testStatusCheck(SemuaTest.java:110)
	at java.base/java.util.ArrayList.forEach(ArrayList.java:1596)
... Removed 32 stack frames</div></td></tr></table><p class="totop"><a href="#summary">back to summary</a></p>
<h3 id="m14">com.juaracoding.tajuaracoding.laporan.CutiTest#testCheckSpecificStatuses</h3><table class="result"><tr><th class="invisible"/></tr></table><p class="totop"><a href="#summary">back to summary</a></p>
<h3 id="m15">com.juaracoding.tajuaracoding.laporan.CutiTest#testCombinationFilter</h3><table class="result"><tr><th class="invisible"/></tr></table><p class="totop"><a href="#summary">back to summary</a></p>
<h3 id="m16">com.juaracoding.tajuaracoding.laporan.CutiTest#testDateRangeFilter</h3><table class="result"><tr><th class="invisible"/></tr></table><p class="totop"><a href="#summary">back to summary</a></p>
<h3 id="m17">com.juaracoding.tajuaracoding.laporan.CutiTest#testIzinTerlambatPageVerification</h3><table class="result"><tr><th class="invisible"/></tr></table><p class="totop"><a href="#summary">back to summary</a></p>
<h3 id="m18">com.juaracoding.tajuaracoding.laporan.CutiTest#testNegativeSearch</h3><table class="result"><tr><th class="invisible"/></tr></table><p class="totop"><a href="#summary">back to summary</a></p>
<h3 id="m19">com.juaracoding.tajuaracoding.laporan.CutiTest#testPositiveSearch</h3><table class="result"><tr><th class="invisible"/></tr></table><p class="totop"><a href="#summary">back to summary</a></p>
<h3 id="m20">com.juaracoding.tajuaracoding.laporan.CutiTest#testPositiveUnitFilter</h3><table class="result"><tr><th class="invisible"/></tr></table><p class="totop"><a href="#summary">back to summary</a></p>
<h3 id="m21">com.juaracoding.tajuaracoding.laporan.CutiTest#testResetAllFilters</h3><table class="result"><tr><th class="invisible"/></tr></table><p class="totop"><a href="#summary">back to summary</a></p>
<h3 id="m22">com.juaracoding.tajuaracoding.laporan.IzinPulangCepatTest#testCheckSpecificStatuses</h3><table class="result"><tr><th class="invisible"/></tr></table><p class="totop"><a href="#summary">back to summary</a></p>
<h3 id="m23">com.juaracoding.tajuaracoding.laporan.IzinPulangCepatTest#testCombinationFilter</h3><table class="result"><tr><th class="invisible"/></tr></table><p class="totop"><a href="#summary">back to summary</a></p>
<h3 id="m24">com.juaracoding.tajuaracoding.laporan.IzinPulangCepatTest#testDateRangeFilter</h3><table class="result"><tr><th class="invisible"/></tr></table><p class="totop"><a href="#summary">back to summary</a></p>
<h3 id="m25">com.juaracoding.tajuaracoding.laporan.IzinPulangCepatTest#testIzinTerlambatPageVerification</h3><table class="result"><tr><th class="invisible"/></tr></table><p class="totop"><a href="#summary">back to summary</a></p>
<h3 id="m26">com.juaracoding.tajuaracoding.laporan.IzinPulangCepatTest#testNegativeSearch</h3><table class="result"><tr><th class="invisible"/></tr></table><p class="totop"><a href="#summary">back to summary</a></p>
<h3 id="m27">com.juaracoding.tajuaracoding.laporan.IzinPulangCepatTest#testPositiveSearch</h3><table class="result"><tr><th class="invisible"/></tr></table><p class="totop"><a href="#summary">back to summary</a></p>
<h3 id="m28">com.juaracoding.tajuaracoding.laporan.IzinPulangCepatTest#testPositiveUnitFilter</h3><table class="result"><tr><th class="invisible"/></tr></table><p class="totop"><a href="#summary">back to summary</a></p>
<h3 id="m29">com.juaracoding.tajuaracoding.laporan.IzinPulangCepatTest#testResetAllFilters</h3><table class="result"><tr><th class="invisible"/></tr></table><p class="totop"><a href="#summary">back to summary</a></p>
<h3 id="m30">com.juaracoding.tajuaracoding.laporan.IzinTerlambatTest#testCheckSpecificStatuses</h3><table class="result"><tr><th class="invisible"/></tr></table><p class="totop"><a href="#summary">back to summary</a></p>
<h3 id="m31">com.juaracoding.tajuaracoding.laporan.IzinTerlambatTest#testCombinationFilter</h3><table class="result"><tr><th class="invisible"/></tr></table><p class="totop"><a href="#summary">back to summary</a></p>
<h3 id="m32">com.juaracoding.tajuaracoding.laporan.IzinTerlambatTest#testDateRangeFilter</h3><table class="result"><tr><th class="invisible"/></tr></table><p class="totop"><a href="#summary">back to summary</a></p>
<h3 id="m33">com.juaracoding.tajuaracoding.laporan.IzinTerlambatTest#testIzinTerlambatPageVerification</h3><table class="result"><tr><th class="invisible"/></tr></table><p class="totop"><a href="#summary">back to summary</a></p>
<h3 id="m34">com.juaracoding.tajuaracoding.laporan.IzinTerlambatTest#testNegativeSearch</h3><table class="result"><tr><th class="invisible"/></tr></table><p class="totop"><a href="#summary">back to summary</a></p>
<h3 id="m35">com.juaracoding.tajuaracoding.laporan.IzinTerlambatTest#testPositiveSearch</h3><table class="result"><tr><th class="invisible"/></tr></table><p class="totop"><a href="#summary">back to summary</a></p>
<h3 id="m36">com.juaracoding.tajuaracoding.laporan.IzinTerlambatTest#testPositiveUnitFilter</h3><table class="result"><tr><th class="invisible"/></tr></table><p class="totop"><a href="#summary">back to summary</a></p>
<h3 id="m37">com.juaracoding.tajuaracoding.laporan.IzinTerlambatTest#testResetAllFilters</h3><table class="result"><tr><th class="invisible"/></tr></table><p class="totop"><a href="#summary">back to summary</a></p>
<h3 id="m38">com.juaracoding.tajuaracoding.laporan.KehadiranTest#testDateRangeFilter</h3><table class="result"><tr><th class="invisible"/></tr></table><p class="totop"><a href="#summary">back to summary</a></p>
<h3 id="m39">com.juaracoding.tajuaracoding.laporan.KehadiranTest#testExportFunctionality</h3><table class="result"><tr><th class="invisible"/></tr></table><p class="totop"><a href="#summary">back to summary</a></p>
<h3 id="m40">com.juaracoding.tajuaracoding.laporan.KehadiranTest#testExportFunctionalityCancel</h3><table class="result"><tr><th class="invisible"/></tr></table><p class="totop"><a href="#summary">back to summary</a></p>
<h3 id="m41">com.juaracoding.tajuaracoding.laporan.KehadiranTest#testKehadiranPageVerification</h3><table class="result"><tr><th class="invisible"/></tr></table><p class="totop"><a href="#summary">back to summary</a></p>
<h3 id="m42">com.juaracoding.tajuaracoding.laporan.KehadiranTest#testNegativeSearch</h3><table class="result"><tr><th class="invisible"/></tr></table><p class="totop"><a href="#summary">back to summary</a></p>
<h3 id="m43">com.juaracoding.tajuaracoding.laporan.KehadiranTest#testPositiveSearch</h3><table class="result"><tr><th class="invisible"/></tr></table><p class="totop"><a href="#summary">back to summary</a></p>
<h3 id="m44">com.juaracoding.tajuaracoding.laporan.KehadiranTest#testPositiveSearchWithDateRangeFilter</h3><table class="result"><tr><th class="invisible"/></tr></table><p class="totop"><a href="#summary">back to summary</a></p>
<h3 id="m45">com.juaracoding.tajuaracoding.laporan.KehadiranTest#testPositiveUnitFilter</h3><table class="result"><tr><th class="invisible"/></tr></table><p class="totop"><a href="#summary">back to summary</a></p>
<h3 id="m46">com.juaracoding.tajuaracoding.laporan.KehadiranTest#testResetAllFilters</h3><table class="result"><tr><th class="invisible"/></tr></table><p class="totop"><a href="#summary">back to summary</a></p>
<h3 id="m47">com.juaracoding.tajuaracoding.laporan.SemuaTest#testDateRangeFilter</h3><table class="result"><tr><th class="invisible"/></tr></table><p class="totop"><a href="#summary">back to summary</a></p>
<h3 id="m48">com.juaracoding.tajuaracoding.laporan.SemuaTest#testNegativeSearch</h3><table class="result"><tr><th class="invisible"/></tr></table><p class="totop"><a href="#summary">back to summary</a></p>
<h3 id="m49">com.juaracoding.tajuaracoding.laporan.SemuaTest#testPositiveSearch</h3><table class="result"><tr><th class="invisible"/></tr></table><p class="totop"><a href="#summary">back to summary</a></p>
<h3 id="m50">com.juaracoding.tajuaracoding.laporan.SemuaTest#testPositiveSearchWithDateRangeFilter</h3><table class="result"><tr><th class="invisible"/></tr></table><p class="totop"><a href="#summary">back to summary</a></p>
<h3 id="m51">com.juaracoding.tajuaracoding.laporan.SemuaTest#testPositiveUnitFilter</h3><table class="result"><tr><th class="invisible"/></tr></table><p class="totop"><a href="#summary">back to summary</a></p>
<h3 id="m52">com.juaracoding.tajuaracoding.laporan.SemuaTest#testPositiveUnitFilterWithDateRangeFilter</h3><table class="result"><tr><th class="invisible"/></tr></table><p class="totop"><a href="#summary">back to summary</a></p>
<h3 id="m53">com.juaracoding.tajuaracoding.laporan.SemuaTest#testSemuaPageVerification</h3><table class="result"><tr><th class="invisible"/></tr></table><p class="totop"><a href="#summary">back to summary</a></p>
<h2>Dashboard Tests</h2><h3 id="m54">com.juaracoding.tajuaracoding.Dashboard.PendingDashboardTest#Negative_v1koreksisearchTest</h3><table class="result"><tr><th>Exception</th></tr><tr><td><div class="stacktrace">org.openqa.selenium.ElementNotInteractableException: Element &lt;a class=&quot;MuiTypography-root MuiTypography-inherit MuiLink-root MuiLink-underlineNone css-1uhr7d7&quot; href=&quot;/admin/v1-koreksi/cc46aad6-9821-4b1b-af9a-b75bff68de0f?start_date=2025-08-01&amp;end_date=2025-08-27&amp;fullname=Hadir SQA Testing 2&quot;&gt; could not be scrolled into view
Build info: version: &apos;4.34.0&apos;, revision: &apos;707dcb4246*&apos;
System info: os.name: &apos;Windows 11&apos;, os.arch: &apos;amd64&apos;, os.version: &apos;10.0&apos;, java.version: &apos;21.0.8&apos;
Driver info: org.openqa.selenium.firefox.FirefoxDriver
Command: [45cd5fd5-77de-4c24-844b-ebcb82235c0a, clickElement {id=1a5b969c-f932-43fb-bd2b-fdfdb18af2dc}]
Capabilities {acceptInsecureCerts: true, browserName: firefox, browserVersion: 142.0, moz:accessibilityChecks: false, moz:buildID: 20250811145442, moz:geckodriverVersion: 0.36.0, moz:headless: true, moz:platformVersion: 10.0, moz:processID: 19104, moz:profile: C:\Users\adire\AppData\Loca..., moz:shutdownTimeout: 60000, moz:webdriverClick: true, moz:windowless: false, pageLoadStrategy: normal, platformName: windows, proxy: Proxy(), setWindowRect: true, strictFileInteractability: false, timeouts: {implicit: 0, pageLoad: 300000, script: 30000}, unhandledPromptBehavior: dismiss and notify, userAgent: Mozilla/5.0 (Windows NT 10....}
Element: [[FirefoxDriver: firefox on windows (45cd5fd5-77de-4c24-844b-ebcb82235c0a)] -&gt; xpath: //p[normalize-space()=&apos;Koreksi&apos;]/following::table[@aria-label=&apos;simple table&apos;][1]//a[h6[contains(text(),&apos;Hadir SQA Testing 2&apos;)]]]
Session ID: 45cd5fd5-77de-4c24-844b-ebcb82235c0a
	at org.openqa.selenium.remote.ErrorCodec.decode(ErrorCodec.java:167)
	at org.openqa.selenium.remote.codec.w3c.W3CHttpResponseCodec.decode(W3CHttpResponseCodec.java:138)
	at org.openqa.selenium.remote.codec.w3c.W3CHttpResponseCodec.decode(W3CHttpResponseCodec.java:50)
	at org.openqa.selenium.remote.HttpCommandExecutor.execute(HttpCommandExecutor.java:215)
	at org.openqa.selenium.remote.service.DriverCommandExecutor.invokeExecute(DriverCommandExecutor.java:216)
	at org.openqa.selenium.remote.service.DriverCommandExecutor.execute(DriverCommandExecutor.java:174)
	at org.openqa.selenium.remote.RemoteWebDriver.execute(RemoteWebDriver.java:544)
	at org.openqa.selenium.remote.RemoteWebElement.execute(RemoteWebElement.java:223)
	at org.openqa.selenium.remote.RemoteWebElement.click(RemoteWebElement.java:76)
	at com.juaracoding.tajuaracoding.pages.dashboard.DashBoardPage.clickuplinerkoreksi(DashBoardPage.java:192)
	at com.juaracoding.tajuaracoding.Dashboard.PendingDashboardTest.Negative_v1koreksisearchTest(PendingDashboardTest.java:549)
	at java.base/java.util.ArrayList.forEach(ArrayList.java:1596)
... Removed 32 stack frames</div></td></tr></table><p class="totop"><a href="#summary">back to summary</a></p>
<h3 id="m55">com.juaracoding.tajuaracoding.Dashboard.PendingDashboardTest#Positive_v1koreksisearchTest</h3><table class="result"><tr><th>Exception</th></tr><tr><td><div class="stacktrace">org.openqa.selenium.ElementNotInteractableException: Element &lt;a class=&quot;MuiTypography-root MuiTypography-inherit MuiLink-root MuiLink-underlineNone css-1uhr7d7&quot; href=&quot;/admin/v1-koreksi/cc46aad6-9821-4b1b-af9a-b75bff68de0f?start_date=2025-08-01&amp;end_date=2025-08-27&amp;fullname=Hadir SQA Testing 2&quot;&gt; could not be scrolled into view
Build info: version: &apos;4.34.0&apos;, revision: &apos;707dcb4246*&apos;
System info: os.name: &apos;Windows 11&apos;, os.arch: &apos;amd64&apos;, os.version: &apos;10.0&apos;, java.version: &apos;21.0.8&apos;
Driver info: org.openqa.selenium.firefox.FirefoxDriver
Command: [8fc1f29a-95ef-4d7f-b054-57b6931343fb, clickElement {id=94b7a8a5-dcdb-4a17-902c-165549e20a82}]
Capabilities {acceptInsecureCerts: true, browserName: firefox, browserVersion: 142.0, moz:accessibilityChecks: false, moz:buildID: 20250811145442, moz:geckodriverVersion: 0.36.0, moz:headless: true, moz:platformVersion: 10.0, moz:processID: 29304, moz:profile: C:\Users\adire\AppData\Loca..., moz:shutdownTimeout: 60000, moz:webdriverClick: true, moz:windowless: false, pageLoadStrategy: normal, platformName: windows, proxy: Proxy(), setWindowRect: true, strictFileInteractability: false, timeouts: {implicit: 0, pageLoad: 300000, script: 30000}, unhandledPromptBehavior: dismiss and notify, userAgent: Mozilla/5.0 (Windows NT 10....}
Element: [[FirefoxDriver: firefox on windows (8fc1f29a-95ef-4d7f-b054-57b6931343fb)] -&gt; xpath: //p[normalize-space()=&apos;Koreksi&apos;]/following::table[@aria-label=&apos;simple table&apos;][1]//a[h6[contains(text(),&apos;Hadir SQA Testing 2&apos;)]]]
Session ID: 8fc1f29a-95ef-4d7f-b054-57b6931343fb
	at org.openqa.selenium.remote.ErrorCodec.decode(ErrorCodec.java:167)
	at org.openqa.selenium.remote.codec.w3c.W3CHttpResponseCodec.decode(W3CHttpResponseCodec.java:138)
	at org.openqa.selenium.remote.codec.w3c.W3CHttpResponseCodec.decode(W3CHttpResponseCodec.java:50)
	at org.openqa.selenium.remote.HttpCommandExecutor.execute(HttpCommandExecutor.java:215)
	at org.openqa.selenium.remote.service.DriverCommandExecutor.invokeExecute(DriverCommandExecutor.java:216)
	at org.openqa.selenium.remote.service.DriverCommandExecutor.execute(DriverCommandExecutor.java:174)
	at org.openqa.selenium.remote.RemoteWebDriver.execute(RemoteWebDriver.java:544)
	at org.openqa.selenium.remote.RemoteWebElement.execute(RemoteWebElement.java:223)
	at org.openqa.selenium.remote.RemoteWebElement.click(RemoteWebElement.java:76)
	at com.juaracoding.tajuaracoding.pages.dashboard.DashBoardPage.clickuplinerkoreksi(DashBoardPage.java:192)
	at com.juaracoding.tajuaracoding.Dashboard.PendingDashboardTest.Positive_v1koreksisearchTest(PendingDashboardTest.java:534)
	at java.base/java.util.ArrayList.forEach(ArrayList.java:1596)
... Removed 32 stack frames</div></td></tr></table><p class="totop"><a href="#summary">back to summary</a></p>
<h3 id="m56">com.juaracoding.tajuaracoding.Dashboard.PendingDashboardTest#negativeTestFilterByUnit</h3><table class="result"><tr><th>Exception</th></tr><tr><td><div class="stacktrace">java.lang.AssertionError: Seharusnya tabel kosong ketika unit tidak ditemukan expected [0] but found [12]
	at com.juaracoding.tajuaracoding.Dashboard.PendingDashboardTest.negativeTestFilterByUnit(PendingDashboardTest.java:305)
	at java.base/java.util.ArrayList.forEach(ArrayList.java:1596)
... Removed 35 stack frames</div></td></tr></table><p class="totop"><a href="#summary">back to summary</a></p>
<h3 id="m57">com.juaracoding.tajuaracoding.Dashboard.PendingDashboardTest#reset_v1koreksisearchTest</h3><table class="result"><tr><th>Exception</th></tr><tr><td><div class="stacktrace">org.openqa.selenium.ElementNotInteractableException: Element &lt;a class=&quot;MuiTypography-root MuiTypography-inherit MuiLink-root MuiLink-underlineNone css-1uhr7d7&quot; href=&quot;/admin/v1-koreksi/cc46aad6-9821-4b1b-af9a-b75bff68de0f?start_date=2025-08-01&amp;end_date=2025-08-27&amp;fullname=Hadir SQA Testing 2&quot;&gt; could not be scrolled into view
Build info: version: &apos;4.34.0&apos;, revision: &apos;707dcb4246*&apos;
System info: os.name: &apos;Windows 11&apos;, os.arch: &apos;amd64&apos;, os.version: &apos;10.0&apos;, java.version: &apos;21.0.8&apos;
Driver info: org.openqa.selenium.firefox.FirefoxDriver
Command: [e6099d8a-200f-4227-b1d4-5e6932fc73e3, clickElement {id=e8406f32-7471-44fb-a76c-d24853f14aca}]
Capabilities {acceptInsecureCerts: true, browserName: firefox, browserVersion: 142.0, moz:accessibilityChecks: false, moz:buildID: 20250811145442, moz:geckodriverVersion: 0.36.0, moz:headless: true, moz:platformVersion: 10.0, moz:processID: 38476, moz:profile: C:\Users\adire\AppData\Loca..., moz:shutdownTimeout: 60000, moz:webdriverClick: true, moz:windowless: false, pageLoadStrategy: normal, platformName: windows, proxy: Proxy(), setWindowRect: true, strictFileInteractability: false, timeouts: {implicit: 0, pageLoad: 300000, script: 30000}, unhandledPromptBehavior: dismiss and notify, userAgent: Mozilla/5.0 (Windows NT 10....}
Element: [[FirefoxDriver: firefox on windows (e6099d8a-200f-4227-b1d4-5e6932fc73e3)] -&gt; xpath: //p[normalize-space()=&apos;Koreksi&apos;]/following::table[@aria-label=&apos;simple table&apos;][1]//a[h6[contains(text(),&apos;Hadir SQA Testing 2&apos;)]]]
Session ID: e6099d8a-200f-4227-b1d4-5e6932fc73e3
	at org.openqa.selenium.remote.ErrorCodec.decode(ErrorCodec.java:167)
	at org.openqa.selenium.remote.codec.w3c.W3CHttpResponseCodec.decode(W3CHttpResponseCodec.java:138)
	at org.openqa.selenium.remote.codec.w3c.W3CHttpResponseCodec.decode(W3CHttpResponseCodec.java:50)
	at org.openqa.selenium.remote.HttpCommandExecutor.execute(HttpCommandExecutor.java:215)
	at org.openqa.selenium.remote.service.DriverCommandExecutor.invokeExecute(DriverCommandExecutor.java:216)
	at org.openqa.selenium.remote.service.DriverCommandExecutor.execute(DriverCommandExecutor.java:174)
	at org.openqa.selenium.remote.RemoteWebDriver.execute(RemoteWebDriver.java:544)
	at org.openqa.selenium.remote.RemoteWebElement.execute(RemoteWebElement.java:223)
	at org.openqa.selenium.remote.RemoteWebElement.click(RemoteWebElement.java:76)
	at com.juaracoding.tajuaracoding.pages.dashboard.DashBoardPage.clickuplinerkoreksi(DashBoardPage.java:192)
	at com.juaracoding.tajuaracoding.Dashboard.PendingDashboardTest.reset_v1koreksisearchTest(PendingDashboardTest.java:568)
	at java.base/java.util.ArrayList.forEach(ArrayList.java:1596)
... Removed 32 stack frames</div></td></tr></table><p class="totop"><a href="#summary">back to summary</a></p>
<h3 id="m58">com.juaracoding.tajuaracoding.Dashboard.PendingDashboardTest#validator1koreksiTest</h3><table class="result"><tr><th>Exception</th></tr><tr><td><div class="stacktrace">org.openqa.selenium.ElementNotInteractableException: Element &lt;a class=&quot;MuiTypography-root MuiTypography-inherit MuiLink-root MuiLink-underlineNone css-1uhr7d7&quot; href=&quot;/admin/v1-koreksi/cc46aad6-9821-4b1b-af9a-b75bff68de0f?start_date=2025-08-01&amp;end_date=2025-08-27&amp;fullname=Hadir SQA Testing 2&quot;&gt; could not be scrolled into view
Build info: version: &apos;4.34.0&apos;, revision: &apos;707dcb4246*&apos;
System info: os.name: &apos;Windows 11&apos;, os.arch: &apos;amd64&apos;, os.version: &apos;10.0&apos;, java.version: &apos;21.0.8&apos;
Driver info: org.openqa.selenium.firefox.FirefoxDriver
Command: [53ca90c1-0ae4-439c-a6a9-712beb4bd6c3, clickElement {id=ad97d6f6-61e6-44db-93f1-7b58653e06aa}]
Capabilities {acceptInsecureCerts: true, browserName: firefox, browserVersion: 142.0, moz:accessibilityChecks: false, moz:buildID: 20250811145442, moz:geckodriverVersion: 0.36.0, moz:headless: true, moz:platformVersion: 10.0, moz:processID: 22876, moz:profile: C:\Users\adire\AppData\Loca..., moz:shutdownTimeout: 60000, moz:webdriverClick: true, moz:windowless: false, pageLoadStrategy: normal, platformName: windows, proxy: Proxy(), setWindowRect: true, strictFileInteractability: false, timeouts: {implicit: 0, pageLoad: 300000, script: 30000}, unhandledPromptBehavior: dismiss and notify, userAgent: Mozilla/5.0 (Windows NT 10....}
Element: [[FirefoxDriver: firefox on windows (53ca90c1-0ae4-439c-a6a9-712beb4bd6c3)] -&gt; xpath: //p[normalize-space()=&apos;Koreksi&apos;]/following::table[@aria-label=&apos;simple table&apos;][1]//a[h6[contains(text(),&apos;Hadir SQA Testing 2&apos;)]]]
Session ID: 53ca90c1-0ae4-439c-a6a9-712beb4bd6c3
	at org.openqa.selenium.remote.ErrorCodec.decode(ErrorCodec.java:167)
	at org.openqa.selenium.remote.codec.w3c.W3CHttpResponseCodec.decode(W3CHttpResponseCodec.java:138)
	at org.openqa.selenium.remote.codec.w3c.W3CHttpResponseCodec.decode(W3CHttpResponseCodec.java:50)
	at org.openqa.selenium.remote.HttpCommandExecutor.execute(HttpCommandExecutor.java:215)
	at org.openqa.selenium.remote.service.DriverCommandExecutor.invokeExecute(DriverCommandExecutor.java:216)
	at org.openqa.selenium.remote.service.DriverCommandExecutor.execute(DriverCommandExecutor.java:174)
	at org.openqa.selenium.remote.RemoteWebDriver.execute(RemoteWebDriver.java:544)
	at org.openqa.selenium.remote.RemoteWebElement.execute(RemoteWebElement.java:223)
	at org.openqa.selenium.remote.RemoteWebElement.click(RemoteWebElement.java:76)
	at com.juaracoding.tajuaracoding.pages.dashboard.DashBoardPage.clickuplinerkoreksi(DashBoardPage.java:192)
	at com.juaracoding.tajuaracoding.Dashboard.PendingDashboardTest.validator1koreksiTest(PendingDashboardTest.java:174)
	at java.base/java.util.ArrayList.forEach(ArrayList.java:1596)
... Removed 32 stack frames</div></td></tr></table><p class="totop"><a href="#summary">back to summary</a></p>
<h3 id="m59">com.juaracoding.tajuaracoding.Dashboard.PendingDashboardTest#DateRangeFilterTest</h3><table class="result"><tr><th class="invisible"/></tr></table><p class="totop"><a href="#summary">back to summary</a></p>
<h3 id="m60">com.juaracoding.tajuaracoding.Dashboard.PendingDashboardTest#InvalidDateTest</h3><table class="result"><tr><th class="invisible"/></tr></table><p class="totop"><a href="#summary">back to summary</a></p>
<h3 id="m61">com.juaracoding.tajuaracoding.Dashboard.PendingDashboardTest#Negative_v1cutisearchTest</h3><table class="result"><tr><th class="invisible"/></tr></table><p class="totop"><a href="#summary">back to summary</a></p>
<h3 id="m62">com.juaracoding.tajuaracoding.Dashboard.PendingDashboardTest#Negative_v1lembursearchTest</h3><table class="result"><tr><th class="invisible"/></tr></table><p class="totop"><a href="#summary">back to summary</a></p>
<h3 id="m63">com.juaracoding.tajuaracoding.Dashboard.PendingDashboardTest#NullEndDateTest</h3><table class="result"><tr><th class="invisible"/></tr></table><p class="totop"><a href="#summary">back to summary</a></p>
<h3 id="m64">com.juaracoding.tajuaracoding.Dashboard.PendingDashboardTest#NullStartDateTest</h3><table class="result"><tr><th class="invisible"/></tr></table><p class="totop"><a href="#summary">back to summary</a></p>
<h3 id="m65">com.juaracoding.tajuaracoding.Dashboard.PendingDashboardTest#Positive_v1cutisearchTest</h3><table class="result"><tr><th class="invisible"/></tr></table><p class="totop"><a href="#summary">back to summary</a></p>
<h3 id="m66">com.juaracoding.tajuaracoding.Dashboard.PendingDashboardTest#Positive_v1lembursearchTest</h3><table class="result"><tr><th class="invisible"/></tr></table><p class="totop"><a href="#summary">back to summary</a></p>
<h3 id="m67">com.juaracoding.tajuaracoding.Dashboard.PendingDashboardTest#positiveFilterByUnitTest</h3><table class="result"><tr><th class="invisible"/></tr></table><p class="totop"><a href="#summary">back to summary</a></p>
<h3 id="m68">com.juaracoding.tajuaracoding.Dashboard.PendingDashboardTest#reset_v1cutisearchTest</h3><table class="result"><tr><th class="invisible"/></tr></table><p class="totop"><a href="#summary">back to summary</a></p>
<h3 id="m69">com.juaracoding.tajuaracoding.Dashboard.PendingDashboardTest#reset_v1lembursearchTest</h3><table class="result"><tr><th class="invisible"/></tr></table><p class="totop"><a href="#summary">back to summary</a></p>
<h3 id="m70">com.juaracoding.tajuaracoding.Dashboard.PendingDashboardTest#resetfilterTest</h3><table class="result"><tr><th class="invisible"/></tr></table><p class="totop"><a href="#summary">back to summary</a></p>
<h3 id="m71">com.juaracoding.tajuaracoding.Dashboard.PendingDashboardTest#testVerifyPage</h3><table class="result"><tr><th class="invisible"/></tr></table><p class="totop"><a href="#summary">back to summary</a></p>
<h3 id="m72">com.juaracoding.tajuaracoding.Dashboard.PendingDashboardTest#validator1LemburTest</h3><table class="result"><tr><th class="invisible"/></tr></table><p class="totop"><a href="#summary">back to summary</a></p>
<h3 id="m73">com.juaracoding.tajuaracoding.Dashboard.PendingDashboardTest#validator1cutiTest</h3><table class="result"><tr><th class="invisible"/></tr></table><p class="totop"><a href="#summary">back to summary</a></p>
</body>
</html>
