<?xml version="1.0" encoding="UTF-8"?>
<testng-results ignored="0" total="4" passed="4" failed="0" skipped="0">
  <reporter-output>
  </reporter-output>
  <suite started-at="2025-08-14T23:57:01 WIB" name="Hadir" finished-at="2025-08-14T23:57:24 WIB" duration-ms="23333">
    <groups>
    </groups>
    <test started-at="2025-08-14T23:57:01 WIB" name="Inventory Tests" finished-at="2025-08-14T23:57:24 WIB" duration-ms="23333">
      <class name="com.juaracoding.tajuaracoding.Login.NegativeLogin">
        <test-method is-config="true" signature="setup(java.lang.String,java.lang.String,java.lang.String)[pri:0, instance:com.juaracoding.tajuaracoding.Login.NegativeLogin@40ef3420]" started-at="2025-08-14T23:57:13 WIB" name="setup" finished-at="2025-08-14T23:57:17 WIB" duration-ms="3295" status="PASS">
          <params>
            <param index="0">
              <value>
                <![CDATA[https://magang.dikahadir.com/authentication/login]]>
              </value>
            </param>
            <param index="1">
              <value>
                <![CDATA[admin@hadir.com]]>
              </value>
            </param>
            <param index="2">
              <value>
                <![CDATA[MagangSQA_JC@123]]>
              </value>
            </param>
          </params>
          <reporter-output>
          </reporter-output>
        </test-method> <!-- setup -->
        <test-method signature="InvalidEmail()[pri:0, instance:com.juaracoding.tajuaracoding.Login.NegativeLogin@40ef3420]" started-at="2025-08-14T23:57:17 WIB" name="InvalidEmail" finished-at="2025-08-14T23:57:17 WIB" duration-ms="190" status="PASS">
          <reporter-output>
          </reporter-output>
        </test-method> <!-- InvalidEmail -->
        <test-method is-config="true" signature="teardown()[pri:0, instance:com.juaracoding.tajuaracoding.Login.NegativeLogin@40ef3420]" started-at="2025-08-14T23:57:17 WIB" name="teardown" finished-at="2025-08-14T23:57:18 WIB" duration-ms="1571" status="PASS">
          <reporter-output>
          </reporter-output>
        </test-method> <!-- teardown -->
        <test-method is-config="true" signature="setup(java.lang.String,java.lang.String,java.lang.String)[pri:0, instance:com.juaracoding.tajuaracoding.Login.NegativeLogin@40ef3420]" started-at="2025-08-14T23:57:18 WIB" name="setup" finished-at="2025-08-14T23:57:22 WIB" duration-ms="3243" status="PASS">
          <params>
            <param index="0">
              <value>
                <![CDATA[https://magang.dikahadir.com/authentication/login]]>
              </value>
            </param>
            <param index="1">
              <value>
                <![CDATA[admin@hadir.com]]>
              </value>
            </param>
            <param index="2">
              <value>
                <![CDATA[MagangSQA_JC@123]]>
              </value>
            </param>
          </params>
          <reporter-output>
          </reporter-output>
        </test-method> <!-- setup -->
        <test-method signature="InvalidPassword()[pri:0, instance:com.juaracoding.tajuaracoding.Login.NegativeLogin@40ef3420]" started-at="2025-08-14T23:57:22 WIB" name="InvalidPassword" finished-at="2025-08-14T23:57:22 WIB" duration-ms="779" status="PASS">
          <reporter-output>
          </reporter-output>
        </test-method> <!-- InvalidPassword -->
        <test-method is-config="true" signature="teardown()[pri:0, instance:com.juaracoding.tajuaracoding.Login.NegativeLogin@40ef3420]" started-at="2025-08-14T23:57:22 WIB" name="teardown" finished-at="2025-08-14T23:57:24 WIB" duration-ms="1563" status="PASS">
          <reporter-output>
          </reporter-output>
        </test-method> <!-- teardown -->
      </class> <!-- com.juaracoding.tajuaracoding.Login.NegativeLogin -->
      <class name="com.juaracoding.tajuaracoding.Login.PositiveLogin">
        <test-method is-config="true" signature="setup(java.lang.String,java.lang.String,java.lang.String)[pri:0, instance:com.juaracoding.tajuaracoding.Login.PositiveLogin@4facf68f]" started-at="2025-08-14T23:57:01 WIB" name="setup" finished-at="2025-08-14T23:57:04 WIB" duration-ms="3487" status="PASS">
          <params>
            <param index="0">
              <value>
                <![CDATA[https://magang.dikahadir.com/authentication/login]]>
              </value>
            </param>
            <param index="1">
              <value>
                <![CDATA[admin@hadir.com]]>
              </value>
            </param>
            <param index="2">
              <value>
                <![CDATA[MagangSQA_JC@123]]>
              </value>
            </param>
          </params>
          <reporter-output>
          </reporter-output>
        </test-method> <!-- setup -->
        <test-method signature="Logout(java.lang.String,java.lang.String)[pri:0, instance:com.juaracoding.tajuaracoding.Login.PositiveLogin@4facf68f]" started-at="2025-08-14T23:57:04 WIB" name="Logout" finished-at="2025-08-14T23:57:06 WIB" duration-ms="1503" status="PASS">
          <params>
            <param index="0">
              <value>
                <![CDATA[admin@hadir.com]]>
              </value>
            </param>
            <param index="1">
              <value>
                <![CDATA[MagangSQA_JC@123]]>
              </value>
            </param>
          </params>
          <reporter-output>
          </reporter-output>
        </test-method> <!-- Logout -->
        <test-method is-config="true" signature="teardown()[pri:0, instance:com.juaracoding.tajuaracoding.Login.PositiveLogin@4facf68f]" started-at="2025-08-14T23:57:06 WIB" name="teardown" finished-at="2025-08-14T23:57:07 WIB" duration-ms="1579" status="PASS">
          <reporter-output>
          </reporter-output>
        </test-method> <!-- teardown -->
        <test-method is-config="true" signature="setup(java.lang.String,java.lang.String,java.lang.String)[pri:0, instance:com.juaracoding.tajuaracoding.Login.PositiveLogin@4facf68f]" started-at="2025-08-14T23:57:07 WIB" name="setup" finished-at="2025-08-14T23:57:11 WIB" duration-ms="3262" status="PASS">
          <params>
            <param index="0">
              <value>
                <![CDATA[https://magang.dikahadir.com/authentication/login]]>
              </value>
            </param>
            <param index="1">
              <value>
                <![CDATA[admin@hadir.com]]>
              </value>
            </param>
            <param index="2">
              <value>
                <![CDATA[MagangSQA_JC@123]]>
              </value>
            </param>
          </params>
          <reporter-output>
          </reporter-output>
        </test-method> <!-- setup -->
        <test-method signature="testLogin(java.lang.String,java.lang.String)[pri:0, instance:com.juaracoding.tajuaracoding.Login.PositiveLogin@4facf68f]" started-at="2025-08-14T23:57:11 WIB" name="testLogin" finished-at="2025-08-14T23:57:12 WIB" duration-ms="1255" status="PASS">
          <params>
            <param index="0">
              <value>
                <![CDATA[admin@hadir.com]]>
              </value>
            </param>
            <param index="1">
              <value>
                <![CDATA[MagangSQA_JC@123]]>
              </value>
            </param>
          </params>
          <reporter-output>
          </reporter-output>
        </test-method> <!-- testLogin -->
        <test-method is-config="true" signature="teardown()[pri:0, instance:com.juaracoding.tajuaracoding.Login.PositiveLogin@4facf68f]" started-at="2025-08-14T23:57:12 WIB" name="teardown" finished-at="2025-08-14T23:57:13 WIB" duration-ms="1575" status="PASS">
          <reporter-output>
          </reporter-output>
        </test-method> <!-- teardown -->
      </class> <!-- com.juaracoding.tajuaracoding.Login.PositiveLogin -->
    </test> <!-- Inventory Tests -->
  </suite> <!-- Hadir -->
</testng-results>
