<?xml version="1.0" encoding="UTF-8"?>
<testsuite xmlns:xsi="http://www.w3.org/2001/XMLSchema-instance" xsi:noNamespaceSchemaLocation="https://maven.apache.org/surefire/maven-surefire-plugin/xsd/surefire-test-report-3.0.xsd" version="3.0" name="TestSuite" time="439.53" tests="27" errors="0" skipped="0" failures="3">
  <properties>
[...]
</properties>
  <testcase name="testCheckSpecificStatuses" classname="com.juaracoding.tajuaracoding.laporan.IzinTerlambatTest" time="8.823">
    <system-out><![CDATA[✓ Navigation to izin-terlambat completed successfully
✓ Semua status ditemukan: [approved, reject, pending, lihat selengkapnya]
]]></system-out>
    <system-err><![CDATA[SLF4J(W): No SLF4J providers were found.
SLF4J(W): Defaulting to no-operation (NOP) logger implementation
SLF4J(W): See https://www.slf4j.org/codes.html#noProviders for further details.
]]></system-err>
  </testcase>
  <testcase name="testCombinationFilter" classname="com.juaracoding.tajuaracoding.laporan.IzinTerlambatTest" time="17.197">
    <system-out><![CDATA[✓ Navigation to izin-terlambat completed successfully
✓ ✅ Data Before filter berhasil diambil: total=84, rows=10
✓ Search completed for keyword: Hadir (results found)
✓ Date filter applied successfully: 01 Jun 2025 to 30 Jun 2025
Option 'Sysmex' tidak ditemukan, langsung klik Apply
✓ Unit filter applied successfully for: Sysmex (data found)
✓ ✅ Data After filter berhasil diambil: total=2, rows=2
✓ ✅ Filter valid: data berkurang dari 84 ke 2
]]></system-out>
  </testcase>
  <testcase name="testDateRangeFilter" classname="com.juaracoding.tajuaracoding.laporan.IzinTerlambatTest" time="10.412">
    <system-out><![CDATA[✓ Navigation to izin-terlambat completed successfully
✓ ✅ Data Before filter berhasil diambil: total=84, rows=10
✓ Date filter applied successfully: 01 Agt 2025 to 15 Agt 2025
✓ ✅ Data After filter berhasil diambil: total=1, rows=1
✓ ✅ Filter valid: data berkurang dari 84 ke 1
]]></system-out>
  </testcase>
  <testcase name="testIzinTerlambatPageVerification" classname="com.juaracoding.tajuaracoding.laporan.IzinTerlambatTest" time="3.884">
    <system-out><![CDATA[✓ Navigation to izin-terlambat completed successfully
✓ Page verification completed successfully for izin-terlambat
]]></system-out>
  </testcase>
  <testcase name="testNegativeSearch" classname="com.juaracoding.tajuaracoding.laporan.IzinTerlambatTest" time="7.574">
    <system-out><![CDATA[✓ Navigation to izin-terlambat completed successfully
✓ Search completed for keyword: UserTidakAda123 (no results as expected)
]]></system-out>
  </testcase>
  <testcase name="testNegativeUnitFilter" classname="com.juaracoding.tajuaracoding.laporan.IzinTerlambatTest" time="8.317">
    <failure message="Expected no data for unit: UnitTidakAda expected [false] but found [true]" type="java.lang.AssertionError"><![CDATA[java.lang.AssertionError: Expected no data for unit: UnitTidakAda expected [false] but found [true]
	at org.testng.Assert.fail(Assert.java:111)
	at org.testng.Assert.failNotEquals(Assert.java:1590)
	at org.testng.Assert.assertFalse(Assert.java:79)
	at com.juaracoding.tajuaracoding.pages.actions.UnitFilterAction.execute(UnitFilterAction.java:74)
	at com.juaracoding.tajuaracoding.pages.actions.CompositeActionBuilder.execute(CompositeActionBuilder.java:136)
	at com.juaracoding.tajuaracoding.laporan.IzinTerlambatTest.testNegativeUnitFilter(IzinTerlambatTest.java:65)
	at java.base/jdk.internal.reflect.DirectMethodHandleAccessor.invoke(DirectMethodHandleAccessor.java:103)
	at java.base/java.lang.reflect.Method.invoke(Method.java:580)
	at org.testng.internal.invokers.MethodInvocationHelper.invokeMethod(MethodInvocationHelper.java:141)
	at org.testng.internal.invokers.TestInvoker.invokeMethod(TestInvoker.java:687)
	at org.testng.internal.invokers.TestInvoker.invokeTestMethod(TestInvoker.java:230)
	at org.testng.internal.invokers.MethodRunner.runInSequence(MethodRunner.java:63)
	at org.testng.internal.invokers.TestInvoker$MethodInvocationAgent.invoke(TestInvoker.java:995)
	at org.testng.internal.invokers.TestInvoker.invokeTestMethods(TestInvoker.java:203)
	at org.testng.internal.invokers.TestMethodWorker.invokeTestMethods(TestMethodWorker.java:154)
	at org.testng.internal.invokers.TestMethodWorker.run(TestMethodWorker.java:134)
	at java.base/java.util.ArrayList.forEach(ArrayList.java:1596)
	at org.testng.TestRunner.privateRun(TestRunner.java:741)
	at org.testng.TestRunner.run(TestRunner.java:616)
	at org.testng.SuiteRunner.runTest(SuiteRunner.java:421)
	at org.testng.SuiteRunner.runSequentially(SuiteRunner.java:413)
	at org.testng.SuiteRunner.privateRun(SuiteRunner.java:373)
	at org.testng.SuiteRunner.run(SuiteRunner.java:312)
	at org.testng.SuiteRunnerWorker.runSuite(SuiteRunnerWorker.java:52)
	at org.testng.SuiteRunnerWorker.run(SuiteRunnerWorker.java:95)
	at org.testng.TestNG.runSuitesSequentially(TestNG.java:1274)
	at org.testng.TestNG.runSuitesLocally(TestNG.java:1208)
	at org.testng.TestNG.runSuites(TestNG.java:1112)
	at org.testng.TestNG.run(TestNG.java:1079)
	at org.apache.maven.surefire.testng.TestNGExecutor.run(TestNGExecutor.java:308)
	at org.apache.maven.surefire.testng.TestNGXmlTestSuite.execute(TestNGXmlTestSuite.java:71)
	at org.apache.maven.surefire.testng.TestNGProvider.invoke(TestNGProvider.java:113)
	at org.apache.maven.surefire.booter.ForkedBooter.runSuitesInProcess(ForkedBooter.java:385)
	at org.apache.maven.surefire.booter.ForkedBooter.execute(ForkedBooter.java:162)
	at org.apache.maven.surefire.booter.ForkedBooter.run(ForkedBooter.java:507)
	at org.apache.maven.surefire.booter.ForkedBooter.main(ForkedBooter.java:495)
]]></failure>
    <system-out><![CDATA[✓ Navigation to izin-terlambat completed successfully
Option 'UnitTidakAda' tidak ditemukan, langsung klik Apply
]]></system-out>
  </testcase>
  <testcase name="testPositiveSearch" classname="com.juaracoding.tajuaracoding.laporan.IzinTerlambatTest" time="6.053">
    <system-out><![CDATA[✓ Navigation to izin-terlambat completed successfully
✓ Search completed for keyword: Ahlan Rezki (results found)
]]></system-out>
  </testcase>
  <testcase name="testPositiveUnitFilter" classname="com.juaracoding.tajuaracoding.laporan.IzinTerlambatTest" time="11.653">
    <system-out><![CDATA[✓ Navigation to izin-terlambat completed successfully
✓ ✅ Data Before filter berhasil diambil: total=84, rows=10
Berhasil klik dropdown: Sysmex
✓ Unit filter applied successfully for: Sysmex (data found)
✓ ✅ Data After filter berhasil diambil: total=11, rows=10
✓ ✅ Filter valid: data berkurang dari 84 ke 11
]]></system-out>
  </testcase>
  <testcase name="testResetAllFilters" classname="com.juaracoding.tajuaracoding.laporan.IzinTerlambatTest" time="16.267">
    <system-out><![CDATA[✓ Navigation to izin-terlambat completed successfully
✓ Search completed for keyword: Hadir (results found)
✓ Date filter applied successfully: 01 Feb 2025 to 28 Feb 2025
✅ Klik dropdown: Sysmex
✓ ✅ Filter sukses: ditemukan 1 records (unit ditemukan? true)
✓ Reset filter completed successfully
]]></system-out>
  </testcase>
  <testcase name="testCheckSpecificStatuses" classname="com.juaracoding.tajuaracoding.laporan.IzinPulangCepatTest" time="18.139">
    <system-out><![CDATA[✓ Navigation to izin-pulang-cepat completed successfully
✓ Semua status ditemukan: [approved, reject, pending, lihat selengkapnya]
]]></system-out>
  </testcase>
  <testcase name="testCombinationFilter" classname="com.juaracoding.tajuaracoding.laporan.IzinPulangCepatTest" time="17.37">
    <system-out><![CDATA[✓ Navigation to izin-pulang-cepat completed successfully
✓ ✅ Data Before filter berhasil diambil: total=155, rows=10
✓ Search completed for keyword: Hadir (results found)
✓ Date filter applied successfully: 01 Jun 2025 to 30 Jun 2025
Berhasil klik dropdown: Sysmex
✓ Unit filter applied successfully for: Sysmex (data found)
✓ ✅ Data After filter berhasil diambil: total=38, rows=10
✓ ✅ Filter valid: data berkurang dari 155 ke 38
]]></system-out>
  </testcase>
  <testcase name="testDateRangeFilter" classname="com.juaracoding.tajuaracoding.laporan.IzinPulangCepatTest" time="10.361">
    <system-out><![CDATA[✓ Navigation to izin-pulang-cepat completed successfully
✓ ✅ Data Before filter berhasil diambil: total=155, rows=10
✓ Date filter applied successfully: 01 Agt 2025 to 15 Agt 2025
✓ ✅ Data After filter berhasil diambil: total=0, rows=0
✓ ✅ Filter valid: data berkurang dari 155 ke 0
]]></system-out>
  </testcase>
  <testcase name="testIzinTerlambatPageVerification" classname="com.juaracoding.tajuaracoding.laporan.IzinPulangCepatTest" time="3.885">
    <system-out><![CDATA[✓ Navigation to izin-pulang-cepat completed successfully
✓ Page verification completed successfully for izin-pulang-cepat
]]></system-out>
  </testcase>
  <testcase name="testNegativeSearch" classname="com.juaracoding.tajuaracoding.laporan.IzinPulangCepatTest" time="5.996">
    <system-out><![CDATA[✓ Navigation to izin-pulang-cepat completed successfully
✓ Search completed for keyword: UserTidakAda123 (no results as expected)
]]></system-out>
  </testcase>
  <testcase name="testNegativeUnitFilter" classname="com.juaracoding.tajuaracoding.laporan.IzinPulangCepatTest" time="8.226">
    <failure message="Expected no data for unit: UnitTidakAda expected [false] but found [true]" type="java.lang.AssertionError"><![CDATA[java.lang.AssertionError: Expected no data for unit: UnitTidakAda expected [false] but found [true]
	at org.testng.Assert.fail(Assert.java:111)
	at org.testng.Assert.failNotEquals(Assert.java:1590)
	at org.testng.Assert.assertFalse(Assert.java:79)
	at com.juaracoding.tajuaracoding.pages.actions.UnitFilterAction.execute(UnitFilterAction.java:74)
	at com.juaracoding.tajuaracoding.pages.actions.CompositeActionBuilder.execute(CompositeActionBuilder.java:136)
	at com.juaracoding.tajuaracoding.laporan.IzinPulangCepatTest.testNegativeUnitFilter(IzinPulangCepatTest.java:64)
	at java.base/jdk.internal.reflect.DirectMethodHandleAccessor.invoke(DirectMethodHandleAccessor.java:103)
	at java.base/java.lang.reflect.Method.invoke(Method.java:580)
	at org.testng.internal.invokers.MethodInvocationHelper.invokeMethod(MethodInvocationHelper.java:141)
	at org.testng.internal.invokers.TestInvoker.invokeMethod(TestInvoker.java:687)
	at org.testng.internal.invokers.TestInvoker.invokeTestMethod(TestInvoker.java:230)
	at org.testng.internal.invokers.MethodRunner.runInSequence(MethodRunner.java:63)
	at org.testng.internal.invokers.TestInvoker$MethodInvocationAgent.invoke(TestInvoker.java:995)
	at org.testng.internal.invokers.TestInvoker.invokeTestMethods(TestInvoker.java:203)
	at org.testng.internal.invokers.TestMethodWorker.invokeTestMethods(TestMethodWorker.java:154)
	at org.testng.internal.invokers.TestMethodWorker.run(TestMethodWorker.java:134)
	at java.base/java.util.ArrayList.forEach(ArrayList.java:1596)
	at org.testng.TestRunner.privateRun(TestRunner.java:741)
	at org.testng.TestRunner.run(TestRunner.java:616)
	at org.testng.SuiteRunner.runTest(SuiteRunner.java:421)
	at org.testng.SuiteRunner.runSequentially(SuiteRunner.java:413)
	at org.testng.SuiteRunner.privateRun(SuiteRunner.java:373)
	at org.testng.SuiteRunner.run(SuiteRunner.java:312)
	at org.testng.SuiteRunnerWorker.runSuite(SuiteRunnerWorker.java:52)
	at org.testng.SuiteRunnerWorker.run(SuiteRunnerWorker.java:95)
	at org.testng.TestNG.runSuitesSequentially(TestNG.java:1274)
	at org.testng.TestNG.runSuitesLocally(TestNG.java:1208)
	at org.testng.TestNG.runSuites(TestNG.java:1112)
	at org.testng.TestNG.run(TestNG.java:1079)
	at org.apache.maven.surefire.testng.TestNGExecutor.run(TestNGExecutor.java:308)
	at org.apache.maven.surefire.testng.TestNGXmlTestSuite.execute(TestNGXmlTestSuite.java:71)
	at org.apache.maven.surefire.testng.TestNGProvider.invoke(TestNGProvider.java:113)
	at org.apache.maven.surefire.booter.ForkedBooter.runSuitesInProcess(ForkedBooter.java:385)
	at org.apache.maven.surefire.booter.ForkedBooter.execute(ForkedBooter.java:162)
	at org.apache.maven.surefire.booter.ForkedBooter.run(ForkedBooter.java:507)
	at org.apache.maven.surefire.booter.ForkedBooter.main(ForkedBooter.java:495)
]]></failure>
    <system-out><![CDATA[✓ Navigation to izin-pulang-cepat completed successfully
Option 'UnitTidakAda' tidak ditemukan, langsung klik Apply
]]></system-out>
  </testcase>
  <testcase name="testPositiveSearch" classname="com.juaracoding.tajuaracoding.laporan.IzinPulangCepatTest" time="5.987">
    <system-out><![CDATA[✓ Navigation to izin-pulang-cepat completed successfully
✓ Search completed for keyword: Tejo (results found)
]]></system-out>
  </testcase>
  <testcase name="testPositiveUnitFilter" classname="com.juaracoding.tajuaracoding.laporan.IzinPulangCepatTest" time="11.561">
    <system-out><![CDATA[✓ Navigation to izin-pulang-cepat completed successfully
✓ ✅ Data Before filter berhasil diambil: total=155, rows=10
Option 'Sysmex' tidak ditemukan, langsung klik Apply
✓ Unit filter applied successfully for: Sysmex (data found)
✓ ✅ Data After filter berhasil diambil: total=155, rows=10
✓ ✅ Filter valid: data berkurang dari 155 ke 155
]]></system-out>
  </testcase>
  <testcase name="testResetAllFilters" classname="com.juaracoding.tajuaracoding.laporan.IzinPulangCepatTest" time="15.259">
    <system-out><![CDATA[✓ Navigation to izin-pulang-cepat completed successfully
✓ Search completed for keyword: Hadir (results found)
✓ Date filter applied successfully: 01 Feb 2025 to 28 Feb 2025
Option 'Sysmex' tidak ditemukan, langsung klik Apply
✓ Unit filter applied successfully for: Sysmex (data found)
✓ Reset filter completed successfully
]]></system-out>
  </testcase>
  <testcase name="testCheckSpecificStatuses" classname="com.juaracoding.tajuaracoding.laporan.CutiTest" time="21.831">
    <system-out><![CDATA[✓ Navigation to cuti completed successfully
✓ Semua status ditemukan: [dibatalkan, approved, menunggu approval v3, pending, lihat selengkapnya, rejected v1, menunggu approval v1, menunggu approval v2]
]]></system-out>
  </testcase>
  <testcase name="testCombinationFilter" classname="com.juaracoding.tajuaracoding.laporan.CutiTest" time="19.192">
    <system-out><![CDATA[✓ Navigation to cuti completed successfully
✓ ✅ Data Before filter berhasil diambil: total=251, rows=10
✓ Search completed for keyword: Hadir (results found)
✓ Date filter applied successfully: 01 Jun 2025 to 30 Jun 2025
✅ Klik dropdown: Sysmex
✓ ✅ Filter sukses: ditemukan 20 records (unit ditemukan? false)
✓ ✅ Data After filter berhasil diambil: total=20, rows=10
✓ ✅ Filter valid: data berkurang dari 251 ke 20
]]></system-out>
  </testcase>
  <testcase name="testDateRangeFilter" classname="com.juaracoding.tajuaracoding.laporan.CutiTest" time="10.367">
    <system-out><![CDATA[✓ Navigation to cuti completed successfully
✓ ✅ Data Before filter berhasil diambil: total=251, rows=10
✓ Date filter applied successfully: 01 Agt 2025 to 15 Agt 2025
✓ ✅ Data After filter berhasil diambil: total=8, rows=8
✓ ✅ Filter valid: data berkurang dari 251 ke 8
]]></system-out>
  </testcase>
  <testcase name="testIzinTerlambatPageVerification" classname="com.juaracoding.tajuaracoding.laporan.CutiTest" time="3.868">
    <system-out><![CDATA[✓ Navigation to cuti completed successfully
✓ Page verification completed successfully for cuti
]]></system-out>
  </testcase>
  <testcase name="testNegativeSearch" classname="com.juaracoding.tajuaracoding.laporan.CutiTest" time="5.994">
    <system-out><![CDATA[✓ Navigation to cuti completed successfully
✓ Search completed for keyword: UserTidakAda123 (no results as expected)
]]></system-out>
  </testcase>
  <testcase name="testNegativeUnitFilter" classname="com.juaracoding.tajuaracoding.laporan.CutiTest" time="10.093">
    <failure message="Action failed: ❌ Filter tidak sesuai: ditemukan 251 records untuk UnitTidakAda" type="java.lang.RuntimeException"><![CDATA[java.lang.RuntimeException: Action failed: ❌ Filter tidak sesuai: ditemukan 251 records untuk UnitTidakAda
	at com.juaracoding.tajuaracoding.pages.actions.CompositeActionBuilder.execute(CompositeActionBuilder.java:138)
	at com.juaracoding.tajuaracoding.laporan.CutiTest.testNegativeUnitFilter(CutiTest.java:64)
	at java.base/jdk.internal.reflect.DirectMethodHandleAccessor.invoke(DirectMethodHandleAccessor.java:103)
	at java.base/java.lang.reflect.Method.invoke(Method.java:580)
	at org.testng.internal.invokers.MethodInvocationHelper.invokeMethod(MethodInvocationHelper.java:141)
	at org.testng.internal.invokers.TestInvoker.invokeMethod(TestInvoker.java:687)
	at org.testng.internal.invokers.TestInvoker.invokeTestMethod(TestInvoker.java:230)
	at org.testng.internal.invokers.MethodRunner.runInSequence(MethodRunner.java:63)
	at org.testng.internal.invokers.TestInvoker$MethodInvocationAgent.invoke(TestInvoker.java:995)
	at org.testng.internal.invokers.TestInvoker.invokeTestMethods(TestInvoker.java:203)
	at org.testng.internal.invokers.TestMethodWorker.invokeTestMethods(TestMethodWorker.java:154)
	at org.testng.internal.invokers.TestMethodWorker.run(TestMethodWorker.java:134)
	at java.base/java.util.ArrayList.forEach(ArrayList.java:1596)
	at org.testng.TestRunner.privateRun(TestRunner.java:741)
	at org.testng.TestRunner.run(TestRunner.java:616)
	at org.testng.SuiteRunner.runTest(SuiteRunner.java:421)
	at org.testng.SuiteRunner.runSequentially(SuiteRunner.java:413)
	at org.testng.SuiteRunner.privateRun(SuiteRunner.java:373)
	at org.testng.SuiteRunner.run(SuiteRunner.java:312)
	at org.testng.SuiteRunnerWorker.runSuite(SuiteRunnerWorker.java:52)
	at org.testng.SuiteRunnerWorker.run(SuiteRunnerWorker.java:95)
	at org.testng.TestNG.runSuitesSequentially(TestNG.java:1274)
	at org.testng.TestNG.runSuitesLocally(TestNG.java:1208)
	at org.testng.TestNG.runSuites(TestNG.java:1112)
	at org.testng.TestNG.run(TestNG.java:1079)
	at org.apache.maven.surefire.testng.TestNGExecutor.run(TestNGExecutor.java:308)
	at org.apache.maven.surefire.testng.TestNGXmlTestSuite.execute(TestNGXmlTestSuite.java:71)
	at org.apache.maven.surefire.testng.TestNGProvider.invoke(TestNGProvider.java:113)
	at org.apache.maven.surefire.booter.ForkedBooter.runSuitesInProcess(ForkedBooter.java:385)
	at org.apache.maven.surefire.booter.ForkedBooter.execute(ForkedBooter.java:162)
	at org.apache.maven.surefire.booter.ForkedBooter.run(ForkedBooter.java:507)
	at org.apache.maven.surefire.booter.ForkedBooter.main(ForkedBooter.java:495)
]]></failure>
    <system-out><![CDATA[✓ Navigation to cuti completed successfully
⚠️ Option 'UnitTidakAda' tidak ditemukan, lanjut klik Terapkan
]]></system-out>
  </testcase>
  <testcase name="testPositiveSearch" classname="com.juaracoding.tajuaracoding.laporan.CutiTest" time="5.958">
    <system-out><![CDATA[✓ Navigation to cuti completed successfully
✓ Search completed for keyword: ADITYA RIDWAN NUGRAHA (results found)
]]></system-out>
  </testcase>
  <testcase name="testPositiveUnitFilter" classname="com.juaracoding.tajuaracoding.laporan.CutiTest" time="13.205">
    <system-out><![CDATA[✓ Navigation to cuti completed successfully
✓ ✅ Data Before filter berhasil diambil: total=251, rows=10
✅ Klik dropdown: Sysmex
✓ ✅ Filter sukses: ditemukan 103 records (unit ditemukan? false)
✓ ✅ Data After filter berhasil diambil: total=103, rows=10
✓ ✅ Filter valid: data berkurang dari 251 ke 103
]]></system-out>
  </testcase>
  <testcase name="testResetAllFilters" classname="com.juaracoding.tajuaracoding.laporan.CutiTest" time="16.936">
    <system-out><![CDATA[✓ Navigation to cuti completed successfully
✓ Search completed for keyword: Hadir (results found)
✓ Date filter applied successfully: 01 Feb 2025 to 28 Feb 2025
✅ Klik dropdown: Sysmex
✓ ✅ Filter sukses: ditemukan 8 records (unit ditemukan? false)
✓ Reset filter completed successfully
]]></system-out>
  </testcase>
</testsuite>