<?xml version="1.0" encoding="UTF-8"?>
<testsuite xmlns:xsi="http://www.w3.org/2001/XMLSchema-instance" xsi:noNamespaceSchemaLocation="https://maven.apache.org/surefire/maven-surefire-plugin/xsd/surefire-test-report-3.0.xsd" version="3.0" name="TestSuite" time="1101.05" tests="74" errors="0" skipped="0" failures="16">
  <properties>
[...]
</properties>
  <testcase name="testLogin" classname="com.juaracoding.tajuaracoding.login.PositiveLoginTest" time="6.563">
    <system-out><![CDATA[Current URL after login: https://magang.dikahadir.com/dashboards/pending
]]></system-out>
    <system-err><![CDATA[SLF4J(W): No SLF4J providers were found.
SLF4J(W): Defaulting to no-operation (NOP) logger implementation
SLF4J(W): See https://www.slf4j.org/codes.html#noProviders for further details.
]]></system-err>
  </testcase>
  <testcase name="InvalidEmail" classname="com.juaracoding.tajuaracoding.login.NegativeLoginTest" time="10.634">
    <system-out><![CDATA[Please enter an email address.
Current URL: https://magang.dikahadir.com/authentication/login
]]></system-out>
  </testcase>
  <testcase name="InvalidPassword" classname="com.juaracoding.tajuaracoding.login.NegativeLoginTest" time="1.044">
    <system-out><![CDATA[Current URL: https://magang.dikahadir.com/authentication/login
]]></system-out>
  </testcase>
  <testcase name="testSemuaPageVerification" classname="com.juaracoding.tajuaracoding.laporan.SemuaTest" time="3.958">
    <system-out><![CDATA[✓ Navigation to Semua completed successfully
✓ Page verification completed successfully for all
]]></system-out>
  </testcase>
  <testcase name="testDateRangeFilter" classname="com.juaracoding.tajuaracoding.laporan.SemuaTest" time="7.521">
    <system-out><![CDATA[✓ Navigation to Semua completed successfully
✓ Date filter applied successfully: 08 Agt 2025 to 22 Agt 2025
]]></system-out>
  </testcase>
  <testcase name="testPositiveSearch" classname="com.juaracoding.tajuaracoding.laporan.SemuaTest" time="6.499">
    <system-out><![CDATA[✓ Navigation to Semua completed successfully
✓ Search completed for keyword: Hadir (results found)
]]></system-out>
  </testcase>
  <testcase name="testNegativeSearch" classname="com.juaracoding.tajuaracoding.laporan.SemuaTest" time="6.246">
    <system-out><![CDATA[✓ Navigation to Semua completed successfully
✓ Search completed for keyword: UserNihil (no results as expected)
]]></system-out>
  </testcase>
  <testcase name="testPositiveSearchWithDateRangeFilter" classname="com.juaracoding.tajuaracoding.laporan.SemuaTest" time="9.634">
    <system-out><![CDATA[✓ Navigation to Semua completed successfully
✓ Date filter applied successfully: 08 Agt 2025 to 22 Agt 2025
✓ Search completed for keyword: Hadir (results found)
]]></system-out>
  </testcase>
  <testcase name="testPositiveUnitFilter" classname="com.juaracoding.tajuaracoding.laporan.SemuaTest" time="8.795">
    <system-out><![CDATA[✓ Navigation to Semua completed successfully
Berhasil klik dropdown: Sysmex
✓ Unit filter applied successfully for: Sysmex (data found)
]]></system-out>
  </testcase>
  <testcase name="testNegativeUnitFilter" classname="com.juaracoding.tajuaracoding.laporan.SemuaTest" time="8.917">
    <failure message="Expected no data for unit: UnitNihil expected [false] but found [true]" type="java.lang.AssertionError"><![CDATA[java.lang.AssertionError: Expected no data for unit: UnitNihil expected [false] but found [true]
	at org.testng.Assert.fail(Assert.java:111)
	at org.testng.Assert.failNotEquals(Assert.java:1590)
	at org.testng.Assert.assertFalse(Assert.java:79)
	at com.juaracoding.tajuaracoding.pages.actions.UnitFilterAction.execute(UnitFilterAction.java:74)
	at com.juaracoding.tajuaracoding.pages.actions.CompositeActionBuilder.execute(CompositeActionBuilder.java:110)
	at com.juaracoding.tajuaracoding.laporan.SemuaTest.testNegativeUnitFilter(SemuaTest.java:65)
	at java.base/jdk.internal.reflect.DirectMethodHandleAccessor.invoke(DirectMethodHandleAccessor.java:103)
	at java.base/java.lang.reflect.Method.invoke(Method.java:580)
	at org.testng.internal.invokers.MethodInvocationHelper.invokeMethod(MethodInvocationHelper.java:141)
	at org.testng.internal.invokers.TestInvoker.invokeMethod(TestInvoker.java:687)
	at org.testng.internal.invokers.TestInvoker.invokeTestMethod(TestInvoker.java:230)
	at org.testng.internal.invokers.MethodRunner.runInSequence(MethodRunner.java:63)
	at org.testng.internal.invokers.TestInvoker$MethodInvocationAgent.invoke(TestInvoker.java:995)
	at org.testng.internal.invokers.TestInvoker.invokeTestMethods(TestInvoker.java:203)
	at org.testng.internal.invokers.TestMethodWorker.invokeTestMethods(TestMethodWorker.java:154)
	at org.testng.internal.invokers.TestMethodWorker.run(TestMethodWorker.java:134)
	at java.base/java.util.ArrayList.forEach(ArrayList.java:1596)
	at org.testng.TestRunner.privateRun(TestRunner.java:741)
	at org.testng.TestRunner.run(TestRunner.java:616)
	at org.testng.SuiteRunner.runTest(SuiteRunner.java:421)
	at org.testng.SuiteRunner.runSequentially(SuiteRunner.java:413)
	at org.testng.SuiteRunner.privateRun(SuiteRunner.java:373)
	at org.testng.SuiteRunner.run(SuiteRunner.java:312)
	at org.testng.SuiteRunnerWorker.runSuite(SuiteRunnerWorker.java:52)
	at org.testng.SuiteRunnerWorker.run(SuiteRunnerWorker.java:95)
	at org.testng.TestNG.runSuitesSequentially(TestNG.java:1274)
	at org.testng.TestNG.runSuitesLocally(TestNG.java:1208)
	at org.testng.TestNG.runSuites(TestNG.java:1112)
	at org.testng.TestNG.run(TestNG.java:1079)
	at org.apache.maven.surefire.testng.TestNGExecutor.run(TestNGExecutor.java:308)
	at org.apache.maven.surefire.testng.TestNGXmlTestSuite.execute(TestNGXmlTestSuite.java:71)
	at org.apache.maven.surefire.testng.TestNGProvider.invoke(TestNGProvider.java:113)
	at org.apache.maven.surefire.booter.ForkedBooter.runSuitesInProcess(ForkedBooter.java:385)
	at org.apache.maven.surefire.booter.ForkedBooter.execute(ForkedBooter.java:162)
	at org.apache.maven.surefire.booter.ForkedBooter.run(ForkedBooter.java:507)
	at org.apache.maven.surefire.booter.ForkedBooter.main(ForkedBooter.java:495)
]]></failure>
    <system-out><![CDATA[✓ Navigation to Semua completed successfully
Option 'UnitNihil' tidak ditemukan, langsung klik Apply
]]></system-out>
  </testcase>
  <testcase name="testPositiveUnitFilterWithDateRangeFilter" classname="com.juaracoding.tajuaracoding.laporan.SemuaTest" time="14.75">
    <system-out><![CDATA[✓ Navigation to Semua completed successfully
✓ Date filter applied successfully: 01 Agt 2025 to 31 Agt 2025
Berhasil klik dropdown: Sysmex
✓ Unit filter applied successfully for: Sysmex (data found)
✓ Slept for 2000 milliseconds
]]></system-out>
  </testcase>
  <testcase name="testCombinationFilter" classname="com.juaracoding.tajuaracoding.laporan.SemuaTest" time="14.84">
    <failure message="Row doesn&apos;t contain unit Sysmex: SDT&#10;SPV Dark Tomcat&#10;Bank Neo Commerce&#10;07 Mar 1994&#10;09:37:03&#10;07 Mar 1994&#10;18:12:05&#10;Alamat tidak ditemukan&#10;Alamat tidak ditemukan&#10;Work From Office&#10;-&#10;- expected [true] but found [false]" type="java.lang.AssertionError"><![CDATA[java.lang.AssertionError: 
Row doesn't contain unit Sysmex: SDT
SPV Dark Tomcat
Bank Neo Commerce
07 Mar 1994
09:37:03
07 Mar 1994
18:12:05
Alamat tidak ditemukan
Alamat tidak ditemukan
Work From Office
-
- expected [true] but found [false]
	at org.testng.Assert.fail(Assert.java:111)
	at org.testng.Assert.failNotEquals(Assert.java:1590)
	at org.testng.Assert.assertTrue(Assert.java:57)
	at com.juaracoding.tajuaracoding.pages.actions.UnitFilterAction.execute(UnitFilterAction.java:70)
	at com.juaracoding.tajuaracoding.pages.actions.CompositeActionBuilder.execute(CompositeActionBuilder.java:110)
	at com.juaracoding.tajuaracoding.laporan.SemuaTest.testCombinationFilter(SemuaTest.java:87)
	at java.base/jdk.internal.reflect.DirectMethodHandleAccessor.invoke(DirectMethodHandleAccessor.java:103)
	at java.base/java.lang.reflect.Method.invoke(Method.java:580)
	at org.testng.internal.invokers.MethodInvocationHelper.invokeMethod(MethodInvocationHelper.java:141)
	at org.testng.internal.invokers.TestInvoker.invokeMethod(TestInvoker.java:687)
	at org.testng.internal.invokers.TestInvoker.invokeTestMethod(TestInvoker.java:230)
	at org.testng.internal.invokers.MethodRunner.runInSequence(MethodRunner.java:63)
	at org.testng.internal.invokers.TestInvoker$MethodInvocationAgent.invoke(TestInvoker.java:995)
	at org.testng.internal.invokers.TestInvoker.invokeTestMethods(TestInvoker.java:203)
	at org.testng.internal.invokers.TestMethodWorker.invokeTestMethods(TestMethodWorker.java:154)
	at org.testng.internal.invokers.TestMethodWorker.run(TestMethodWorker.java:134)
	at java.base/java.util.ArrayList.forEach(ArrayList.java:1596)
	at org.testng.TestRunner.privateRun(TestRunner.java:741)
	at org.testng.TestRunner.run(TestRunner.java:616)
	at org.testng.SuiteRunner.runTest(SuiteRunner.java:421)
	at org.testng.SuiteRunner.runSequentially(SuiteRunner.java:413)
	at org.testng.SuiteRunner.privateRun(SuiteRunner.java:373)
	at org.testng.SuiteRunner.run(SuiteRunner.java:312)
	at org.testng.SuiteRunnerWorker.runSuite(SuiteRunnerWorker.java:52)
	at org.testng.SuiteRunnerWorker.run(SuiteRunnerWorker.java:95)
	at org.testng.TestNG.runSuitesSequentially(TestNG.java:1274)
	at org.testng.TestNG.runSuitesLocally(TestNG.java:1208)
	at org.testng.TestNG.runSuites(TestNG.java:1112)
	at org.testng.TestNG.run(TestNG.java:1079)
	at org.apache.maven.surefire.testng.TestNGExecutor.run(TestNGExecutor.java:308)
	at org.apache.maven.surefire.testng.TestNGXmlTestSuite.execute(TestNGXmlTestSuite.java:71)
	at org.apache.maven.surefire.testng.TestNGProvider.invoke(TestNGProvider.java:113)
	at org.apache.maven.surefire.booter.ForkedBooter.runSuitesInProcess(ForkedBooter.java:385)
	at org.apache.maven.surefire.booter.ForkedBooter.execute(ForkedBooter.java:162)
	at org.apache.maven.surefire.booter.ForkedBooter.run(ForkedBooter.java:507)
	at org.apache.maven.surefire.booter.ForkedBooter.main(ForkedBooter.java:495)
]]></failure>
    <system-out><![CDATA[✓ Navigation to Semua completed successfully
✓ Slept for 2000 milliseconds
✓ Date filter applied successfully: 08 Agt 2025 to 22 Agt 2025
Option 'Sysmex' tidak ditemukan, langsung klik Apply
]]></system-out>
  </testcase>
  <testcase name="testResetAllFilters" classname="com.juaracoding.tajuaracoding.laporan.SemuaTest" time="15.073">
    <failure message="Row doesn&apos;t contain unit Sysmex: SDT&#10;SPV Dark Tomcat&#10;Bank Neo Commerce&#10;07 Mar 1994&#10;09:37:03&#10;07 Mar 1994&#10;18:12:05&#10;Alamat tidak ditemukan&#10;Alamat tidak ditemukan&#10;Work From Office&#10;-&#10;- expected [true] but found [false]" type="java.lang.AssertionError"><![CDATA[java.lang.AssertionError: 
Row doesn't contain unit Sysmex: SDT
SPV Dark Tomcat
Bank Neo Commerce
07 Mar 1994
09:37:03
07 Mar 1994
18:12:05
Alamat tidak ditemukan
Alamat tidak ditemukan
Work From Office
-
- expected [true] but found [false]
	at org.testng.Assert.fail(Assert.java:111)
	at org.testng.Assert.failNotEquals(Assert.java:1590)
	at org.testng.Assert.assertTrue(Assert.java:57)
	at com.juaracoding.tajuaracoding.pages.actions.UnitFilterAction.execute(UnitFilterAction.java:70)
	at com.juaracoding.tajuaracoding.pages.actions.CompositeActionBuilder.execute(CompositeActionBuilder.java:110)
	at com.juaracoding.tajuaracoding.laporan.SemuaTest.testResetAllFilters(SemuaTest.java:100)
	at java.base/jdk.internal.reflect.DirectMethodHandleAccessor.invoke(DirectMethodHandleAccessor.java:103)
	at java.base/java.lang.reflect.Method.invoke(Method.java:580)
	at org.testng.internal.invokers.MethodInvocationHelper.invokeMethod(MethodInvocationHelper.java:141)
	at org.testng.internal.invokers.TestInvoker.invokeMethod(TestInvoker.java:687)
	at org.testng.internal.invokers.TestInvoker.invokeTestMethod(TestInvoker.java:230)
	at org.testng.internal.invokers.MethodRunner.runInSequence(MethodRunner.java:63)
	at org.testng.internal.invokers.TestInvoker$MethodInvocationAgent.invoke(TestInvoker.java:995)
	at org.testng.internal.invokers.TestInvoker.invokeTestMethods(TestInvoker.java:203)
	at org.testng.internal.invokers.TestMethodWorker.invokeTestMethods(TestMethodWorker.java:154)
	at org.testng.internal.invokers.TestMethodWorker.run(TestMethodWorker.java:134)
	at java.base/java.util.ArrayList.forEach(ArrayList.java:1596)
	at org.testng.TestRunner.privateRun(TestRunner.java:741)
	at org.testng.TestRunner.run(TestRunner.java:616)
	at org.testng.SuiteRunner.runTest(SuiteRunner.java:421)
	at org.testng.SuiteRunner.runSequentially(SuiteRunner.java:413)
	at org.testng.SuiteRunner.privateRun(SuiteRunner.java:373)
	at org.testng.SuiteRunner.run(SuiteRunner.java:312)
	at org.testng.SuiteRunnerWorker.runSuite(SuiteRunnerWorker.java:52)
	at org.testng.SuiteRunnerWorker.run(SuiteRunnerWorker.java:95)
	at org.testng.TestNG.runSuitesSequentially(TestNG.java:1274)
	at org.testng.TestNG.runSuitesLocally(TestNG.java:1208)
	at org.testng.TestNG.runSuites(TestNG.java:1112)
	at org.testng.TestNG.run(TestNG.java:1079)
	at org.apache.maven.surefire.testng.TestNGExecutor.run(TestNGExecutor.java:308)
	at org.apache.maven.surefire.testng.TestNGXmlTestSuite.execute(TestNGXmlTestSuite.java:71)
	at org.apache.maven.surefire.testng.TestNGProvider.invoke(TestNGProvider.java:113)
	at org.apache.maven.surefire.booter.ForkedBooter.runSuitesInProcess(ForkedBooter.java:385)
	at org.apache.maven.surefire.booter.ForkedBooter.execute(ForkedBooter.java:162)
	at org.apache.maven.surefire.booter.ForkedBooter.run(ForkedBooter.java:507)
	at org.apache.maven.surefire.booter.ForkedBooter.main(ForkedBooter.java:495)
]]></failure>
    <system-out><![CDATA[✓ Navigation to Semua completed successfully
✓ Date filter applied successfully: 08 Agt 2025 to 22 Agt 2025
✓ Slept for 2000 milliseconds
Option 'Sysmex' tidak ditemukan, langsung klik Apply
]]></system-out>
  </testcase>
  <testcase name="testStatusCheck" classname="com.juaracoding.tajuaracoding.laporan.SemuaTest" time="14.001">
    <failure message="Tidak semua status ditemukan. Found: [], Expected: [sakit, cuti, lembur] expected [true] but found [false]" type="java.lang.AssertionError"><![CDATA[java.lang.AssertionError: Tidak semua status ditemukan. Found: [], Expected: [sakit, cuti, lembur] expected [true] but found [false]
	at org.testng.Assert.fail(Assert.java:111)
	at org.testng.Assert.failNotEquals(Assert.java:1590)
	at org.testng.Assert.assertTrue(Assert.java:57)
	at com.juaracoding.tajuaracoding.pages.actions.StatusCheckAction.execute(StatusCheckAction.java:71)
	at com.juaracoding.tajuaracoding.pages.actions.CompositeActionBuilder.execute(CompositeActionBuilder.java:110)
	at com.juaracoding.tajuaracoding.laporan.SemuaTest.testStatusCheck(SemuaTest.java:110)
	at java.base/jdk.internal.reflect.DirectMethodHandleAccessor.invoke(DirectMethodHandleAccessor.java:103)
	at java.base/java.lang.reflect.Method.invoke(Method.java:580)
	at org.testng.internal.invokers.MethodInvocationHelper.invokeMethod(MethodInvocationHelper.java:141)
	at org.testng.internal.invokers.TestInvoker.invokeMethod(TestInvoker.java:687)
	at org.testng.internal.invokers.TestInvoker.invokeTestMethod(TestInvoker.java:230)
	at org.testng.internal.invokers.MethodRunner.runInSequence(MethodRunner.java:63)
	at org.testng.internal.invokers.TestInvoker$MethodInvocationAgent.invoke(TestInvoker.java:995)
	at org.testng.internal.invokers.TestInvoker.invokeTestMethods(TestInvoker.java:203)
	at org.testng.internal.invokers.TestMethodWorker.invokeTestMethods(TestMethodWorker.java:154)
	at org.testng.internal.invokers.TestMethodWorker.run(TestMethodWorker.java:134)
	at java.base/java.util.ArrayList.forEach(ArrayList.java:1596)
	at org.testng.TestRunner.privateRun(TestRunner.java:741)
	at org.testng.TestRunner.run(TestRunner.java:616)
	at org.testng.SuiteRunner.runTest(SuiteRunner.java:421)
	at org.testng.SuiteRunner.runSequentially(SuiteRunner.java:413)
	at org.testng.SuiteRunner.privateRun(SuiteRunner.java:373)
	at org.testng.SuiteRunner.run(SuiteRunner.java:312)
	at org.testng.SuiteRunnerWorker.runSuite(SuiteRunnerWorker.java:52)
	at org.testng.SuiteRunnerWorker.run(SuiteRunnerWorker.java:95)
	at org.testng.TestNG.runSuitesSequentially(TestNG.java:1274)
	at org.testng.TestNG.runSuitesLocally(TestNG.java:1208)
	at org.testng.TestNG.runSuites(TestNG.java:1112)
	at org.testng.TestNG.run(TestNG.java:1079)
	at org.apache.maven.surefire.testng.TestNGExecutor.run(TestNGExecutor.java:308)
	at org.apache.maven.surefire.testng.TestNGXmlTestSuite.execute(TestNGXmlTestSuite.java:71)
	at org.apache.maven.surefire.testng.TestNGProvider.invoke(TestNGProvider.java:113)
	at org.apache.maven.surefire.booter.ForkedBooter.runSuitesInProcess(ForkedBooter.java:385)
	at org.apache.maven.surefire.booter.ForkedBooter.execute(ForkedBooter.java:162)
	at org.apache.maven.surefire.booter.ForkedBooter.run(ForkedBooter.java:507)
	at org.apache.maven.surefire.booter.ForkedBooter.main(ForkedBooter.java:495)
]]></failure>
    <system-out><![CDATA[✓ Navigation to Semua completed successfully
✓ Date filter applied successfully: 01 Agt 2025 to 31 Agt 2025
]]></system-out>
  </testcase>
  <testcase name="testKehadiranPageVerification" classname="com.juaracoding.tajuaracoding.laporan.KehadiranTest" time="4.041">
    <system-out><![CDATA[✓ Navigation to Kehadiran completed successfully
✓ Page verification completed successfully for activity
]]></system-out>
  </testcase>
  <testcase name="testDateRangeFilter" classname="com.juaracoding.tajuaracoding.laporan.KehadiranTest" time="10.832">
    <system-out><![CDATA[✓ Navigation to Kehadiran completed successfully
✓ ✅ Data Before filter berhasil diambil: total=1, rows=1
✓ Date filter applied successfully: 08 Agt 2025 to 22 Agt 2025
✓ ✅ Data After filter berhasil diambil: total=7, rows=7
✓ ❌ Filter invalid: data bertambah dari 1 ke 7
]]></system-out>
  </testcase>
  <testcase name="testPositiveSearch" classname="com.juaracoding.tajuaracoding.laporan.KehadiranTest" time="6.29">
    <system-out><![CDATA[✓ Navigation to Kehadiran completed successfully
✓ Search completed for keyword: Hadir (results found)
]]></system-out>
  </testcase>
  <testcase name="testNegativeSearch" classname="com.juaracoding.tajuaracoding.laporan.KehadiranTest" time="6.167">
    <system-out><![CDATA[✓ Navigation to Kehadiran completed successfully
✓ Search completed for keyword: UserNihil (no results as expected)
]]></system-out>
  </testcase>
  <testcase name="testPositiveSearchWithDateRangeFilter" classname="com.juaracoding.tajuaracoding.laporan.KehadiranTest" time="9.824">
    <system-out><![CDATA[✓ Navigation to Kehadiran completed successfully
✓ Date filter applied successfully: 08 Agt 2025 to 22 Agt 2025
✓ Search completed for keyword: Hadir (results found)
]]></system-out>
  </testcase>
  <testcase name="testPositiveUnitFilter" classname="com.juaracoding.tajuaracoding.laporan.KehadiranTest" time="11.552">
    <system-out><![CDATA[✓ Navigation to Kehadiran completed successfully
✓ ✅ Data Before filter berhasil diambil: total=1, rows=1
Option 'Sysmex' tidak ditemukan, langsung klik Apply
✓ Unit filter applied successfully for: Sysmex (data found)
✓ ✅ Data After filter berhasil diambil: total=1, rows=1
✓ ✅ Filter valid: data berkurang dari 1 ke 1
]]></system-out>
  </testcase>
  <testcase name="testNegativeUnitFilter" classname="com.juaracoding.tajuaracoding.laporan.KehadiranTest" time="8.255">
    <failure message="Expected no data for unit: UnitTidakAda expected [false] but found [true]" type="java.lang.AssertionError"><![CDATA[java.lang.AssertionError: Expected no data for unit: UnitTidakAda expected [false] but found [true]
	at org.testng.Assert.fail(Assert.java:111)
	at org.testng.Assert.failNotEquals(Assert.java:1590)
	at org.testng.Assert.assertFalse(Assert.java:79)
	at com.juaracoding.tajuaracoding.pages.actions.UnitFilterAction.execute(UnitFilterAction.java:74)
	at com.juaracoding.tajuaracoding.pages.actions.CompositeActionBuilder.execute(CompositeActionBuilder.java:110)
	at com.juaracoding.tajuaracoding.laporan.KehadiranTest.testNegativeUnitFilter(KehadiranTest.java:74)
	at java.base/jdk.internal.reflect.DirectMethodHandleAccessor.invoke(DirectMethodHandleAccessor.java:103)
	at java.base/java.lang.reflect.Method.invoke(Method.java:580)
	at org.testng.internal.invokers.MethodInvocationHelper.invokeMethod(MethodInvocationHelper.java:141)
	at org.testng.internal.invokers.TestInvoker.invokeMethod(TestInvoker.java:687)
	at org.testng.internal.invokers.TestInvoker.invokeTestMethod(TestInvoker.java:230)
	at org.testng.internal.invokers.MethodRunner.runInSequence(MethodRunner.java:63)
	at org.testng.internal.invokers.TestInvoker$MethodInvocationAgent.invoke(TestInvoker.java:995)
	at org.testng.internal.invokers.TestInvoker.invokeTestMethods(TestInvoker.java:203)
	at org.testng.internal.invokers.TestMethodWorker.invokeTestMethods(TestMethodWorker.java:154)
	at org.testng.internal.invokers.TestMethodWorker.run(TestMethodWorker.java:134)
	at java.base/java.util.ArrayList.forEach(ArrayList.java:1596)
	at org.testng.TestRunner.privateRun(TestRunner.java:741)
	at org.testng.TestRunner.run(TestRunner.java:616)
	at org.testng.SuiteRunner.runTest(SuiteRunner.java:421)
	at org.testng.SuiteRunner.runSequentially(SuiteRunner.java:413)
	at org.testng.SuiteRunner.privateRun(SuiteRunner.java:373)
	at org.testng.SuiteRunner.run(SuiteRunner.java:312)
	at org.testng.SuiteRunnerWorker.runSuite(SuiteRunnerWorker.java:52)
	at org.testng.SuiteRunnerWorker.run(SuiteRunnerWorker.java:95)
	at org.testng.TestNG.runSuitesSequentially(TestNG.java:1274)
	at org.testng.TestNG.runSuitesLocally(TestNG.java:1208)
	at org.testng.TestNG.runSuites(TestNG.java:1112)
	at org.testng.TestNG.run(TestNG.java:1079)
	at org.apache.maven.surefire.testng.TestNGExecutor.run(TestNGExecutor.java:308)
	at org.apache.maven.surefire.testng.TestNGXmlTestSuite.execute(TestNGXmlTestSuite.java:71)
	at org.apache.maven.surefire.testng.TestNGProvider.invoke(TestNGProvider.java:113)
	at org.apache.maven.surefire.booter.ForkedBooter.runSuitesInProcess(ForkedBooter.java:385)
	at org.apache.maven.surefire.booter.ForkedBooter.execute(ForkedBooter.java:162)
	at org.apache.maven.surefire.booter.ForkedBooter.run(ForkedBooter.java:507)
	at org.apache.maven.surefire.booter.ForkedBooter.main(ForkedBooter.java:495)
]]></failure>
    <system-out><![CDATA[✓ Navigation to Kehadiran completed successfully
Option 'UnitTidakAda' tidak ditemukan, langsung klik Apply
]]></system-out>
  </testcase>
  <testcase name="testPositiveUnitFilterWithDateRangeFilter" classname="com.juaracoding.tajuaracoding.laporan.KehadiranTest" time="13.229">
    <failure message="Row doesn&apos;t contain unit Sysmex: SDT&#10;SPV Dark Tomcat&#10;Bank Neo Commerce&#10;07 Mar 1994&#10;09:37:03&#10;07 Mar 1994&#10;18:12:05&#10;Alamat tidak ditemukan&#10;Alamat tidak ditemukan&#10;Work From Office&#10;-&#10;- expected [true] but found [false]" type="java.lang.AssertionError"><![CDATA[java.lang.AssertionError: 
Row doesn't contain unit Sysmex: SDT
SPV Dark Tomcat
Bank Neo Commerce
07 Mar 1994
09:37:03
07 Mar 1994
18:12:05
Alamat tidak ditemukan
Alamat tidak ditemukan
Work From Office
-
- expected [true] but found [false]
	at org.testng.Assert.fail(Assert.java:111)
	at org.testng.Assert.failNotEquals(Assert.java:1590)
	at org.testng.Assert.assertTrue(Assert.java:57)
	at com.juaracoding.tajuaracoding.pages.actions.UnitFilterAction.execute(UnitFilterAction.java:70)
	at com.juaracoding.tajuaracoding.pages.actions.CompositeActionBuilder.execute(CompositeActionBuilder.java:110)
	at com.juaracoding.tajuaracoding.laporan.KehadiranTest.testPositiveUnitFilterWithDateRangeFilter(KehadiranTest.java:87)
	at java.base/jdk.internal.reflect.DirectMethodHandleAccessor.invoke(DirectMethodHandleAccessor.java:103)
	at java.base/java.lang.reflect.Method.invoke(Method.java:580)
	at org.testng.internal.invokers.MethodInvocationHelper.invokeMethod(MethodInvocationHelper.java:141)
	at org.testng.internal.invokers.TestInvoker.invokeMethod(TestInvoker.java:687)
	at org.testng.internal.invokers.TestInvoker.invokeTestMethod(TestInvoker.java:230)
	at org.testng.internal.invokers.MethodRunner.runInSequence(MethodRunner.java:63)
	at org.testng.internal.invokers.TestInvoker$MethodInvocationAgent.invoke(TestInvoker.java:995)
	at org.testng.internal.invokers.TestInvoker.invokeTestMethods(TestInvoker.java:203)
	at org.testng.internal.invokers.TestMethodWorker.invokeTestMethods(TestMethodWorker.java:154)
	at org.testng.internal.invokers.TestMethodWorker.run(TestMethodWorker.java:134)
	at java.base/java.util.ArrayList.forEach(ArrayList.java:1596)
	at org.testng.TestRunner.privateRun(TestRunner.java:741)
	at org.testng.TestRunner.run(TestRunner.java:616)
	at org.testng.SuiteRunner.runTest(SuiteRunner.java:421)
	at org.testng.SuiteRunner.runSequentially(SuiteRunner.java:413)
	at org.testng.SuiteRunner.privateRun(SuiteRunner.java:373)
	at org.testng.SuiteRunner.run(SuiteRunner.java:312)
	at org.testng.SuiteRunnerWorker.runSuite(SuiteRunnerWorker.java:52)
	at org.testng.SuiteRunnerWorker.run(SuiteRunnerWorker.java:95)
	at org.testng.TestNG.runSuitesSequentially(TestNG.java:1274)
	at org.testng.TestNG.runSuitesLocally(TestNG.java:1208)
	at org.testng.TestNG.runSuites(TestNG.java:1112)
	at org.testng.TestNG.run(TestNG.java:1079)
	at org.apache.maven.surefire.testng.TestNGExecutor.run(TestNGExecutor.java:308)
	at org.apache.maven.surefire.testng.TestNGXmlTestSuite.execute(TestNGXmlTestSuite.java:71)
	at org.apache.maven.surefire.testng.TestNGProvider.invoke(TestNGProvider.java:113)
	at org.apache.maven.surefire.booter.ForkedBooter.runSuitesInProcess(ForkedBooter.java:385)
	at org.apache.maven.surefire.booter.ForkedBooter.execute(ForkedBooter.java:162)
	at org.apache.maven.surefire.booter.ForkedBooter.run(ForkedBooter.java:507)
	at org.apache.maven.surefire.booter.ForkedBooter.main(ForkedBooter.java:495)
]]></failure>
    <system-out><![CDATA[✓ Navigation to Kehadiran completed successfully
✓ ✅ Data Before filter berhasil diambil: total=1, rows=1
✓ Date filter applied successfully: 01 Agt 2025 to 31 Agt 2025
Option 'Sysmex' tidak ditemukan, langsung klik Apply
]]></system-out>
  </testcase>
  <testcase name="testExportFunctionalityCancel" classname="com.juaracoding.tajuaracoding.laporan.KehadiranTest" time="8.306">
    <system-out><![CDATA[✓ Navigation to Kehadiran completed successfully
✓ Export cancel action completed successfully
✓ Slept for 2000 milliseconds
]]></system-out>
  </testcase>
  <testcase name="testCombinationFilter" classname="com.juaracoding.tajuaracoding.laporan.KehadiranTest" time="13.325">
    <failure message="Row doesn&apos;t contain unit Sysmex: SDT&#10;SPV Dark Tomcat&#10;Bank Neo Commerce&#10;07 Mar 1994&#10;09:37:03&#10;07 Mar 1994&#10;18:12:05&#10;Alamat tidak ditemukan&#10;Alamat tidak ditemukan&#10;Work From Office&#10;-&#10;- expected [true] but found [false]" type="java.lang.AssertionError"><![CDATA[java.lang.AssertionError: 
Row doesn't contain unit Sysmex: SDT
SPV Dark Tomcat
Bank Neo Commerce
07 Mar 1994
09:37:03
07 Mar 1994
18:12:05
Alamat tidak ditemukan
Alamat tidak ditemukan
Work From Office
-
- expected [true] but found [false]
	at org.testng.Assert.fail(Assert.java:111)
	at org.testng.Assert.failNotEquals(Assert.java:1590)
	at org.testng.Assert.assertTrue(Assert.java:57)
	at com.juaracoding.tajuaracoding.pages.actions.UnitFilterAction.execute(UnitFilterAction.java:70)
	at com.juaracoding.tajuaracoding.pages.actions.CompositeActionBuilder.execute(CompositeActionBuilder.java:110)
	at com.juaracoding.tajuaracoding.laporan.KehadiranTest.testCombinationFilter(KehadiranTest.java:112)
	at java.base/jdk.internal.reflect.DirectMethodHandleAccessor.invoke(DirectMethodHandleAccessor.java:103)
	at java.base/java.lang.reflect.Method.invoke(Method.java:580)
	at org.testng.internal.invokers.MethodInvocationHelper.invokeMethod(MethodInvocationHelper.java:141)
	at org.testng.internal.invokers.TestInvoker.invokeMethod(TestInvoker.java:687)
	at org.testng.internal.invokers.TestInvoker.invokeTestMethod(TestInvoker.java:230)
	at org.testng.internal.invokers.MethodRunner.runInSequence(MethodRunner.java:63)
	at org.testng.internal.invokers.TestInvoker$MethodInvocationAgent.invoke(TestInvoker.java:995)
	at org.testng.internal.invokers.TestInvoker.invokeTestMethods(TestInvoker.java:203)
	at org.testng.internal.invokers.TestMethodWorker.invokeTestMethods(TestMethodWorker.java:154)
	at org.testng.internal.invokers.TestMethodWorker.run(TestMethodWorker.java:134)
	at java.base/java.util.ArrayList.forEach(ArrayList.java:1596)
	at org.testng.TestRunner.privateRun(TestRunner.java:741)
	at org.testng.TestRunner.run(TestRunner.java:616)
	at org.testng.SuiteRunner.runTest(SuiteRunner.java:421)
	at org.testng.SuiteRunner.runSequentially(SuiteRunner.java:413)
	at org.testng.SuiteRunner.privateRun(SuiteRunner.java:373)
	at org.testng.SuiteRunner.run(SuiteRunner.java:312)
	at org.testng.SuiteRunnerWorker.runSuite(SuiteRunnerWorker.java:52)
	at org.testng.SuiteRunnerWorker.run(SuiteRunnerWorker.java:95)
	at org.testng.TestNG.runSuitesSequentially(TestNG.java:1274)
	at org.testng.TestNG.runSuitesLocally(TestNG.java:1208)
	at org.testng.TestNG.runSuites(TestNG.java:1112)
	at org.testng.TestNG.run(TestNG.java:1079)
	at org.apache.maven.surefire.testng.TestNGExecutor.run(TestNGExecutor.java:308)
	at org.apache.maven.surefire.testng.TestNGXmlTestSuite.execute(TestNGXmlTestSuite.java:71)
	at org.apache.maven.surefire.testng.TestNGProvider.invoke(TestNGProvider.java:113)
	at org.apache.maven.surefire.booter.ForkedBooter.runSuitesInProcess(ForkedBooter.java:385)
	at org.apache.maven.surefire.booter.ForkedBooter.execute(ForkedBooter.java:162)
	at org.apache.maven.surefire.booter.ForkedBooter.run(ForkedBooter.java:507)
	at org.apache.maven.surefire.booter.ForkedBooter.main(ForkedBooter.java:495)
]]></failure>
    <system-out><![CDATA[✓ Navigation to Kehadiran completed successfully
✓ ✅ Data Before filter berhasil diambil: total=1, rows=1
✓ Date filter applied successfully: 08 Agt 2025 to 22 Agt 2025
Option 'Sysmex' tidak ditemukan, langsung klik Apply
]]></system-out>
  </testcase>
  <testcase name="testResetAllFilters" classname="com.juaracoding.tajuaracoding.laporan.KehadiranTest" time="15.213">
    <system-out><![CDATA[✓ Navigation to Kehadiran completed successfully
✓ Date filter applied successfully: 01 Agt 2025 to 31 Agt 2025
✓ Search completed for keyword: SQA (results found)
✓ Export cancel action completed successfully
✓ Reset filter completed successfully
✓ Slept for 2000 milliseconds
]]></system-out>
  </testcase>
  <testcase name="testExportFunctionality" classname="com.juaracoding.tajuaracoding.laporan.KehadiranTest" time="25.734">
    <system-out><![CDATA[✓ Navigation to Kehadiran completed successfully
✓ Date filter applied successfully: 20 Agt 2025 to 27 Agt 2025
✓ Export action completed successfully
✓ Slept for 15000 milliseconds
]]></system-out>
  </testcase>
  <testcase name="testStatusCheck" classname="com.juaracoding.tajuaracoding.laporan.KehadiranTest" time="14.302">
    <failure message="Tidak semua status ditemukan. Found: [], Expected: [work from office] expected [true] but found [false]" type="java.lang.AssertionError"><![CDATA[java.lang.AssertionError: Tidak semua status ditemukan. Found: [], Expected: [work from office] expected [true] but found [false]
	at org.testng.Assert.fail(Assert.java:111)
	at org.testng.Assert.failNotEquals(Assert.java:1590)
	at org.testng.Assert.assertTrue(Assert.java:57)
	at com.juaracoding.tajuaracoding.pages.actions.StatusCheckAction.execute(StatusCheckAction.java:71)
	at com.juaracoding.tajuaracoding.pages.actions.CompositeActionBuilder.execute(CompositeActionBuilder.java:110)
	at com.juaracoding.tajuaracoding.laporan.KehadiranTest.testStatusCheck(KehadiranTest.java:145)
	at java.base/jdk.internal.reflect.DirectMethodHandleAccessor.invoke(DirectMethodHandleAccessor.java:103)
	at java.base/java.lang.reflect.Method.invoke(Method.java:580)
	at org.testng.internal.invokers.MethodInvocationHelper.invokeMethod(MethodInvocationHelper.java:141)
	at org.testng.internal.invokers.TestInvoker.invokeMethod(TestInvoker.java:687)
	at org.testng.internal.invokers.TestInvoker.invokeTestMethod(TestInvoker.java:230)
	at org.testng.internal.invokers.MethodRunner.runInSequence(MethodRunner.java:63)
	at org.testng.internal.invokers.TestInvoker$MethodInvocationAgent.invoke(TestInvoker.java:995)
	at org.testng.internal.invokers.TestInvoker.invokeTestMethods(TestInvoker.java:203)
	at org.testng.internal.invokers.TestMethodWorker.invokeTestMethods(TestMethodWorker.java:154)
	at org.testng.internal.invokers.TestMethodWorker.run(TestMethodWorker.java:134)
	at java.base/java.util.ArrayList.forEach(ArrayList.java:1596)
	at org.testng.TestRunner.privateRun(TestRunner.java:741)
	at org.testng.TestRunner.run(TestRunner.java:616)
	at org.testng.SuiteRunner.runTest(SuiteRunner.java:421)
	at org.testng.SuiteRunner.runSequentially(SuiteRunner.java:413)
	at org.testng.SuiteRunner.privateRun(SuiteRunner.java:373)
	at org.testng.SuiteRunner.run(SuiteRunner.java:312)
	at org.testng.SuiteRunnerWorker.runSuite(SuiteRunnerWorker.java:52)
	at org.testng.SuiteRunnerWorker.run(SuiteRunnerWorker.java:95)
	at org.testng.TestNG.runSuitesSequentially(TestNG.java:1274)
	at org.testng.TestNG.runSuitesLocally(TestNG.java:1208)
	at org.testng.TestNG.runSuites(TestNG.java:1112)
	at org.testng.TestNG.run(TestNG.java:1079)
	at org.apache.maven.surefire.testng.TestNGExecutor.run(TestNGExecutor.java:308)
	at org.apache.maven.surefire.testng.TestNGXmlTestSuite.execute(TestNGXmlTestSuite.java:71)
	at org.apache.maven.surefire.testng.TestNGProvider.invoke(TestNGProvider.java:113)
	at org.apache.maven.surefire.booter.ForkedBooter.runSuitesInProcess(ForkedBooter.java:385)
	at org.apache.maven.surefire.booter.ForkedBooter.execute(ForkedBooter.java:162)
	at org.apache.maven.surefire.booter.ForkedBooter.run(ForkedBooter.java:507)
	at org.apache.maven.surefire.booter.ForkedBooter.main(ForkedBooter.java:495)
]]></failure>
    <system-out><![CDATA[✓ Navigation to Kehadiran completed successfully
✓ Date filter applied successfully: 01 Mei 2025 to 31 Mei 2025
✓ Slept for 2000 milliseconds
]]></system-out>
  </testcase>
  <testcase name="testCheckSpecificStatuses" classname="com.juaracoding.tajuaracoding.laporan.IzinTerlambatTest" time="12.725">
    <system-out><![CDATA[✓ Navigation to izin-terlambat completed successfully
✓ Semua status ditemukan: [approved, reject, pending, lihat selengkapnya]
]]></system-out>
  </testcase>
  <testcase name="testCombinationFilter" classname="com.juaracoding.tajuaracoding.laporan.IzinTerlambatTest" time="17.223">
    <system-out><![CDATA[✓ Navigation to izin-terlambat completed successfully
✓ ✅ Data Before filter berhasil diambil: total=84, rows=10
✓ Search completed for keyword: Hadir (results found)
✓ Date filter applied successfully: 01 Jun 2025 to 30 Jun 2025
Option 'Sysmex' tidak ditemukan, langsung klik Apply
✓ Unit filter applied successfully for: Sysmex (data found)
✓ ✅ Data After filter berhasil diambil: total=2, rows=2
✓ ✅ Filter valid: data berkurang dari 84 ke 2
]]></system-out>
  </testcase>
  <testcase name="testDateRangeFilter" classname="com.juaracoding.tajuaracoding.laporan.IzinTerlambatTest" time="10.487">
    <system-out><![CDATA[✓ Navigation to izin-terlambat completed successfully
✓ ✅ Data Before filter berhasil diambil: total=84, rows=10
✓ Date filter applied successfully: 01 Agt 2025 to 15 Agt 2025
✓ ✅ Data After filter berhasil diambil: total=1, rows=1
✓ ✅ Filter valid: data berkurang dari 84 ke 1
]]></system-out>
  </testcase>
  <testcase name="testIzinTerlambatPageVerification" classname="com.juaracoding.tajuaracoding.laporan.IzinTerlambatTest" time="4.231">
    <system-out><![CDATA[✓ Navigation to izin-terlambat completed successfully
✓ Page verification completed successfully for izin-terlambat
]]></system-out>
  </testcase>
  <testcase name="testNegativeSearch" classname="com.juaracoding.tajuaracoding.laporan.IzinTerlambatTest" time="6.04">
    <system-out><![CDATA[✓ Navigation to izin-terlambat completed successfully
✓ Search completed for keyword: UserTidakAda123 (no results as expected)
]]></system-out>
  </testcase>
  <testcase name="testNegativeUnitFilter" classname="com.juaracoding.tajuaracoding.laporan.IzinTerlambatTest" time="8.358">
    <failure message="Expected no data for unit: UnitTidakAda expected [false] but found [true]" type="java.lang.AssertionError"><![CDATA[java.lang.AssertionError: Expected no data for unit: UnitTidakAda expected [false] but found [true]
	at org.testng.Assert.fail(Assert.java:111)
	at org.testng.Assert.failNotEquals(Assert.java:1590)
	at org.testng.Assert.assertFalse(Assert.java:79)
	at com.juaracoding.tajuaracoding.pages.actions.UnitFilterAction.execute(UnitFilterAction.java:74)
	at com.juaracoding.tajuaracoding.pages.actions.CompositeActionBuilder.execute(CompositeActionBuilder.java:110)
	at com.juaracoding.tajuaracoding.laporan.IzinTerlambatTest.testNegativeUnitFilter(IzinTerlambatTest.java:65)
	at java.base/jdk.internal.reflect.DirectMethodHandleAccessor.invoke(DirectMethodHandleAccessor.java:103)
	at java.base/java.lang.reflect.Method.invoke(Method.java:580)
	at org.testng.internal.invokers.MethodInvocationHelper.invokeMethod(MethodInvocationHelper.java:141)
	at org.testng.internal.invokers.TestInvoker.invokeMethod(TestInvoker.java:687)
	at org.testng.internal.invokers.TestInvoker.invokeTestMethod(TestInvoker.java:230)
	at org.testng.internal.invokers.MethodRunner.runInSequence(MethodRunner.java:63)
	at org.testng.internal.invokers.TestInvoker$MethodInvocationAgent.invoke(TestInvoker.java:995)
	at org.testng.internal.invokers.TestInvoker.invokeTestMethods(TestInvoker.java:203)
	at org.testng.internal.invokers.TestMethodWorker.invokeTestMethods(TestMethodWorker.java:154)
	at org.testng.internal.invokers.TestMethodWorker.run(TestMethodWorker.java:134)
	at java.base/java.util.ArrayList.forEach(ArrayList.java:1596)
	at org.testng.TestRunner.privateRun(TestRunner.java:741)
	at org.testng.TestRunner.run(TestRunner.java:616)
	at org.testng.SuiteRunner.runTest(SuiteRunner.java:421)
	at org.testng.SuiteRunner.runSequentially(SuiteRunner.java:413)
	at org.testng.SuiteRunner.privateRun(SuiteRunner.java:373)
	at org.testng.SuiteRunner.run(SuiteRunner.java:312)
	at org.testng.SuiteRunnerWorker.runSuite(SuiteRunnerWorker.java:52)
	at org.testng.SuiteRunnerWorker.run(SuiteRunnerWorker.java:95)
	at org.testng.TestNG.runSuitesSequentially(TestNG.java:1274)
	at org.testng.TestNG.runSuitesLocally(TestNG.java:1208)
	at org.testng.TestNG.runSuites(TestNG.java:1112)
	at org.testng.TestNG.run(TestNG.java:1079)
	at org.apache.maven.surefire.testng.TestNGExecutor.run(TestNGExecutor.java:308)
	at org.apache.maven.surefire.testng.TestNGXmlTestSuite.execute(TestNGXmlTestSuite.java:71)
	at org.apache.maven.surefire.testng.TestNGProvider.invoke(TestNGProvider.java:113)
	at org.apache.maven.surefire.booter.ForkedBooter.runSuitesInProcess(ForkedBooter.java:385)
	at org.apache.maven.surefire.booter.ForkedBooter.execute(ForkedBooter.java:162)
	at org.apache.maven.surefire.booter.ForkedBooter.run(ForkedBooter.java:507)
	at org.apache.maven.surefire.booter.ForkedBooter.main(ForkedBooter.java:495)
]]></failure>
    <system-out><![CDATA[✓ Navigation to izin-terlambat completed successfully
Option 'UnitTidakAda' tidak ditemukan, langsung klik Apply
]]></system-out>
  </testcase>
  <testcase name="testPositiveSearch" classname="com.juaracoding.tajuaracoding.laporan.IzinTerlambatTest" time="6.479">
    <system-out><![CDATA[✓ Navigation to izin-terlambat completed successfully
✓ Search completed for keyword: Ahlan Rezki (results found)
]]></system-out>
  </testcase>
  <testcase name="testPositiveUnitFilter" classname="com.juaracoding.tajuaracoding.laporan.IzinTerlambatTest" time="12.052">
    <system-out><![CDATA[✓ Navigation to izin-terlambat completed successfully
✓ ✅ Data Before filter berhasil diambil: total=84, rows=10
Option 'Sysmex' tidak ditemukan, langsung klik Apply
✓ Unit filter applied successfully for: Sysmex (data found)
✓ ✅ Data After filter berhasil diambil: total=84, rows=10
✓ ✅ Filter valid: data berkurang dari 84 ke 84
]]></system-out>
  </testcase>
  <testcase name="testResetAllFilters" classname="com.juaracoding.tajuaracoding.laporan.IzinTerlambatTest" time="16.676">
    <system-out><![CDATA[✓ Navigation to izin-terlambat completed successfully
✓ Search completed for keyword: Hadir (results found)
✓ Date filter applied successfully: 01 Feb 2025 to 28 Feb 2025
✅ Klik dropdown: Sysmex
✓ ✅ Filter sukses: ditemukan 1 records (unit ditemukan? true)
✓ Reset filter completed successfully
]]></system-out>
  </testcase>
  <testcase name="testCheckSpecificStatuses" classname="com.juaracoding.tajuaracoding.laporan.IzinPulangCepatTest" time="30.23">
    <system-out><![CDATA[✓ Navigation to izin-pulang-cepat completed successfully
✓ Semua status ditemukan: [approved, reject, pending, lihat selengkapnya]
]]></system-out>
  </testcase>
  <testcase name="testCombinationFilter" classname="com.juaracoding.tajuaracoding.laporan.IzinPulangCepatTest" time="23.055">
    <system-out><![CDATA[✓ Navigation to izin-pulang-cepat completed successfully
✓ ✅ Data Before filter berhasil diambil: total=155, rows=10
✓ Search completed for keyword: Hadir (results found)
✓ Date filter applied successfully: 01 Jun 2025 to 30 Jun 2025
Berhasil klik dropdown: Sysmex
✓ Unit filter applied successfully for: Sysmex (data found)
✓ ✅ Data After filter berhasil diambil: total=38, rows=10
✓ ✅ Filter valid: data berkurang dari 155 ke 38
]]></system-out>
  </testcase>
  <testcase name="testDateRangeFilter" classname="com.juaracoding.tajuaracoding.laporan.IzinPulangCepatTest" time="10.994">
    <system-out><![CDATA[✓ Navigation to izin-pulang-cepat completed successfully
✓ ✅ Data Before filter berhasil diambil: total=155, rows=10
✓ Date filter applied successfully: 01 Agt 2025 to 15 Agt 2025
✓ ✅ Data After filter berhasil diambil: total=0, rows=0
✓ ✅ Filter valid: data berkurang dari 155 ke 0
]]></system-out>
  </testcase>
  <testcase name="testIzinTerlambatPageVerification" classname="com.juaracoding.tajuaracoding.laporan.IzinPulangCepatTest" time="4.126">
    <system-out><![CDATA[✓ Navigation to izin-pulang-cepat completed successfully
✓ Page verification completed successfully for izin-pulang-cepat
]]></system-out>
  </testcase>
  <testcase name="testNegativeSearch" classname="com.juaracoding.tajuaracoding.laporan.IzinPulangCepatTest" time="5.995">
    <system-out><![CDATA[✓ Navigation to izin-pulang-cepat completed successfully
✓ Search completed for keyword: UserTidakAda123 (no results as expected)
]]></system-out>
  </testcase>
  <testcase name="testNegativeUnitFilter" classname="com.juaracoding.tajuaracoding.laporan.IzinPulangCepatTest" time="8.402">
    <failure message="Expected no data for unit: UnitTidakAda expected [false] but found [true]" type="java.lang.AssertionError"><![CDATA[java.lang.AssertionError: Expected no data for unit: UnitTidakAda expected [false] but found [true]
	at org.testng.Assert.fail(Assert.java:111)
	at org.testng.Assert.failNotEquals(Assert.java:1590)
	at org.testng.Assert.assertFalse(Assert.java:79)
	at com.juaracoding.tajuaracoding.pages.actions.UnitFilterAction.execute(UnitFilterAction.java:74)
	at com.juaracoding.tajuaracoding.pages.actions.CompositeActionBuilder.execute(CompositeActionBuilder.java:110)
	at com.juaracoding.tajuaracoding.laporan.IzinPulangCepatTest.testNegativeUnitFilter(IzinPulangCepatTest.java:64)
	at java.base/jdk.internal.reflect.DirectMethodHandleAccessor.invoke(DirectMethodHandleAccessor.java:103)
	at java.base/java.lang.reflect.Method.invoke(Method.java:580)
	at org.testng.internal.invokers.MethodInvocationHelper.invokeMethod(MethodInvocationHelper.java:141)
	at org.testng.internal.invokers.TestInvoker.invokeMethod(TestInvoker.java:687)
	at org.testng.internal.invokers.TestInvoker.invokeTestMethod(TestInvoker.java:230)
	at org.testng.internal.invokers.MethodRunner.runInSequence(MethodRunner.java:63)
	at org.testng.internal.invokers.TestInvoker$MethodInvocationAgent.invoke(TestInvoker.java:995)
	at org.testng.internal.invokers.TestInvoker.invokeTestMethods(TestInvoker.java:203)
	at org.testng.internal.invokers.TestMethodWorker.invokeTestMethods(TestMethodWorker.java:154)
	at org.testng.internal.invokers.TestMethodWorker.run(TestMethodWorker.java:134)
	at java.base/java.util.ArrayList.forEach(ArrayList.java:1596)
	at org.testng.TestRunner.privateRun(TestRunner.java:741)
	at org.testng.TestRunner.run(TestRunner.java:616)
	at org.testng.SuiteRunner.runTest(SuiteRunner.java:421)
	at org.testng.SuiteRunner.runSequentially(SuiteRunner.java:413)
	at org.testng.SuiteRunner.privateRun(SuiteRunner.java:373)
	at org.testng.SuiteRunner.run(SuiteRunner.java:312)
	at org.testng.SuiteRunnerWorker.runSuite(SuiteRunnerWorker.java:52)
	at org.testng.SuiteRunnerWorker.run(SuiteRunnerWorker.java:95)
	at org.testng.TestNG.runSuitesSequentially(TestNG.java:1274)
	at org.testng.TestNG.runSuitesLocally(TestNG.java:1208)
	at org.testng.TestNG.runSuites(TestNG.java:1112)
	at org.testng.TestNG.run(TestNG.java:1079)
	at org.apache.maven.surefire.testng.TestNGExecutor.run(TestNGExecutor.java:308)
	at org.apache.maven.surefire.testng.TestNGXmlTestSuite.execute(TestNGXmlTestSuite.java:71)
	at org.apache.maven.surefire.testng.TestNGProvider.invoke(TestNGProvider.java:113)
	at org.apache.maven.surefire.booter.ForkedBooter.runSuitesInProcess(ForkedBooter.java:385)
	at org.apache.maven.surefire.booter.ForkedBooter.execute(ForkedBooter.java:162)
	at org.apache.maven.surefire.booter.ForkedBooter.run(ForkedBooter.java:507)
	at org.apache.maven.surefire.booter.ForkedBooter.main(ForkedBooter.java:495)
]]></failure>
    <system-out><![CDATA[✓ Navigation to izin-pulang-cepat completed successfully
Option 'UnitTidakAda' tidak ditemukan, langsung klik Apply
]]></system-out>
  </testcase>
  <testcase name="testPositiveSearch" classname="com.juaracoding.tajuaracoding.laporan.IzinPulangCepatTest" time="6.069">
    <system-out><![CDATA[✓ Navigation to izin-pulang-cepat completed successfully
✓ Search completed for keyword: Tejo (results found)
]]></system-out>
  </testcase>
  <testcase name="testPositiveUnitFilter" classname="com.juaracoding.tajuaracoding.laporan.IzinPulangCepatTest" time="12.174">
    <system-out><![CDATA[✓ Navigation to izin-pulang-cepat completed successfully
✓ ✅ Data Before filter berhasil diambil: total=155, rows=10
Option 'Sysmex' tidak ditemukan, langsung klik Apply
✓ Unit filter applied successfully for: Sysmex (data found)
✓ ✅ Data After filter berhasil diambil: total=155, rows=10
✓ ✅ Filter valid: data berkurang dari 155 ke 155
]]></system-out>
  </testcase>
  <testcase name="testResetAllFilters" classname="com.juaracoding.tajuaracoding.laporan.IzinPulangCepatTest" time="15.36">
    <system-out><![CDATA[✓ Navigation to izin-pulang-cepat completed successfully
✓ Search completed for keyword: Hadir (results found)
✓ Date filter applied successfully: 01 Feb 2025 to 28 Feb 2025
Berhasil klik dropdown: Sysmex
✓ Unit filter applied successfully for: Sysmex (data found)
✓ Reset filter completed successfully
]]></system-out>
  </testcase>
  <testcase name="testCheckSpecificStatuses" classname="com.juaracoding.tajuaracoding.laporan.CutiTest" time="41.746">
    <system-out><![CDATA[✓ Navigation to cuti completed successfully
✓ Semua status ditemukan: [dibatalkan, approved, menunggu approval v3, pending, lihat selengkapnya, rejected v1, menunggu approval v1, menunggu approval v2]
]]></system-out>
  </testcase>
  <testcase name="testCombinationFilter" classname="com.juaracoding.tajuaracoding.laporan.CutiTest" time="19.879">
    <system-out><![CDATA[✓ Navigation to cuti completed successfully
✓ ✅ Data Before filter berhasil diambil: total=257, rows=10
✓ Search completed for keyword: Hadir (results found)
✓ Date filter applied successfully: 01 Jun 2025 to 30 Jun 2025
✅ Klik dropdown: Sysmex
✓ ✅ Filter sukses: ditemukan 20 records (unit ditemukan? false)
✓ ✅ Data After filter berhasil diambil: total=20, rows=10
✓ ✅ Filter valid: data berkurang dari 257 ke 20
]]></system-out>
  </testcase>
  <testcase name="testDateRangeFilter" classname="com.juaracoding.tajuaracoding.laporan.CutiTest" time="10.559">
    <system-out><![CDATA[✓ Navigation to cuti completed successfully
✓ ✅ Data Before filter berhasil diambil: total=257, rows=10
✓ Date filter applied successfully: 01 Agt 2025 to 15 Agt 2025
✓ ✅ Data After filter berhasil diambil: total=8, rows=8
✓ ✅ Filter valid: data berkurang dari 257 ke 8
]]></system-out>
  </testcase>
  <testcase name="testIzinTerlambatPageVerification" classname="com.juaracoding.tajuaracoding.laporan.CutiTest" time="4.212">
    <system-out><![CDATA[✓ Navigation to cuti completed successfully
✓ Page verification completed successfully for cuti
]]></system-out>
  </testcase>
  <testcase name="testNegativeSearch" classname="com.juaracoding.tajuaracoding.laporan.CutiTest" time="6.217">
    <system-out><![CDATA[✓ Navigation to cuti completed successfully
✓ Search completed for keyword: UserTidakAda123 (no results as expected)
]]></system-out>
  </testcase>
  <testcase name="testNegativeUnitFilter" classname="com.juaracoding.tajuaracoding.laporan.CutiTest" time="15.755">
    <failure message="Action failed: ❌ Filter tidak sesuai: ditemukan 257 records untuk UnitTidakAda" type="java.lang.RuntimeException"><![CDATA[java.lang.RuntimeException: Action failed: ❌ Filter tidak sesuai: ditemukan 257 records untuk UnitTidakAda
	at com.juaracoding.tajuaracoding.pages.actions.CompositeActionBuilder.execute(CompositeActionBuilder.java:112)
	at com.juaracoding.tajuaracoding.laporan.CutiTest.testNegativeUnitFilter(CutiTest.java:64)
	at java.base/jdk.internal.reflect.DirectMethodHandleAccessor.invoke(DirectMethodHandleAccessor.java:103)
	at java.base/java.lang.reflect.Method.invoke(Method.java:580)
	at org.testng.internal.invokers.MethodInvocationHelper.invokeMethod(MethodInvocationHelper.java:141)
	at org.testng.internal.invokers.TestInvoker.invokeMethod(TestInvoker.java:687)
	at org.testng.internal.invokers.TestInvoker.invokeTestMethod(TestInvoker.java:230)
	at org.testng.internal.invokers.MethodRunner.runInSequence(MethodRunner.java:63)
	at org.testng.internal.invokers.TestInvoker$MethodInvocationAgent.invoke(TestInvoker.java:995)
	at org.testng.internal.invokers.TestInvoker.invokeTestMethods(TestInvoker.java:203)
	at org.testng.internal.invokers.TestMethodWorker.invokeTestMethods(TestMethodWorker.java:154)
	at org.testng.internal.invokers.TestMethodWorker.run(TestMethodWorker.java:134)
	at java.base/java.util.ArrayList.forEach(ArrayList.java:1596)
	at org.testng.TestRunner.privateRun(TestRunner.java:741)
	at org.testng.TestRunner.run(TestRunner.java:616)
	at org.testng.SuiteRunner.runTest(SuiteRunner.java:421)
	at org.testng.SuiteRunner.runSequentially(SuiteRunner.java:413)
	at org.testng.SuiteRunner.privateRun(SuiteRunner.java:373)
	at org.testng.SuiteRunner.run(SuiteRunner.java:312)
	at org.testng.SuiteRunnerWorker.runSuite(SuiteRunnerWorker.java:52)
	at org.testng.SuiteRunnerWorker.run(SuiteRunnerWorker.java:95)
	at org.testng.TestNG.runSuitesSequentially(TestNG.java:1274)
	at org.testng.TestNG.runSuitesLocally(TestNG.java:1208)
	at org.testng.TestNG.runSuites(TestNG.java:1112)
	at org.testng.TestNG.run(TestNG.java:1079)
	at org.apache.maven.surefire.testng.TestNGExecutor.run(TestNGExecutor.java:308)
	at org.apache.maven.surefire.testng.TestNGXmlTestSuite.execute(TestNGXmlTestSuite.java:71)
	at org.apache.maven.surefire.testng.TestNGProvider.invoke(TestNGProvider.java:113)
	at org.apache.maven.surefire.booter.ForkedBooter.runSuitesInProcess(ForkedBooter.java:385)
	at org.apache.maven.surefire.booter.ForkedBooter.execute(ForkedBooter.java:162)
	at org.apache.maven.surefire.booter.ForkedBooter.run(ForkedBooter.java:507)
	at org.apache.maven.surefire.booter.ForkedBooter.main(ForkedBooter.java:495)
]]></failure>
    <system-out><![CDATA[✓ Navigation to cuti completed successfully
⚠️ Option 'UnitTidakAda' tidak ditemukan, lanjut klik Terapkan
]]></system-out>
  </testcase>
  <testcase name="testPositiveSearch" classname="com.juaracoding.tajuaracoding.laporan.CutiTest" time="6.218">
    <system-out><![CDATA[✓ Navigation to cuti completed successfully
✓ Search completed for keyword: ADITYA RIDWAN NUGRAHA (results found)
]]></system-out>
  </testcase>
  <testcase name="testPositiveUnitFilter" classname="com.juaracoding.tajuaracoding.laporan.CutiTest" time="13.371">
    <system-out><![CDATA[✓ Navigation to cuti completed successfully
✓ ✅ Data Before filter berhasil diambil: total=257, rows=10
✅ Klik dropdown: Sysmex
✓ ✅ Filter sukses: ditemukan 109 records (unit ditemukan? false)
✓ ✅ Data After filter berhasil diambil: total=109, rows=10
✓ ✅ Filter valid: data berkurang dari 257 ke 109
]]></system-out>
  </testcase>
  <testcase name="testResetAllFilters" classname="com.juaracoding.tajuaracoding.laporan.CutiTest" time="17.484">
    <system-out><![CDATA[✓ Navigation to cuti completed successfully
✓ Search completed for keyword: Hadir (results found)
✓ Date filter applied successfully: 01 Feb 2025 to 28 Feb 2025
✅ Klik dropdown: Sysmex
✓ ✅ Filter sukses: ditemukan 64 records (unit ditemukan? false)
✓ Reset filter completed successfully
]]></system-out>
  </testcase>
  <testcase name="DateRangeFilterTest" classname="com.juaracoding.tajuaracoding.Dashboard.PendingDashboardTest" time="6.605">
    <system-out><![CDATA[Validator1 - Lembur ada data.
Validator1 - Cuti ada data.
Validator1 - Koreksi ada data.
Validator2 - Lembur kosong.
Validator2 - Cuti kosong.
Validator2 - Koreksi kosong.
Validator3 - Lembur kosong.
Validator3 - Cuti kosong.
Validator3 - Koreksi kosong.
]]></system-out>
  </testcase>
  <testcase name="InvalidDateTest" classname="com.juaracoding.tajuaracoding.Dashboard.PendingDashboardTest" time="5.9">
    <system-out><![CDATA[URL Invalid Date Test https://magang.dikahadir.com/dashboards/pending?start_date=2025-10-01&end_date=2023-10-01
2025-10-01:2023-10-01
]]></system-out>
  </testcase>
  <testcase name="Negative_v1cutisearchTest" classname="com.juaracoding.tajuaracoding.Dashboard.PendingDashboardTest" time="5.997">
    <system-out><![CDATA[https://magang.dikahadir.com/admin/v1-cuti/cc46aad6-9821-4b1b-af9a-b75bff68de0f?start_date=2025-08-01&end_date=2025-08-27&fullname=Hadir%20SQA%20Testing%202

]]></system-out>
  </testcase>
  <testcase name="Negative_v1koreksisearchTest" classname="com.juaracoding.tajuaracoding.Dashboard.PendingDashboardTest" time="5.63">
    <failure message="Element &lt;a class=&quot;MuiTypography-root MuiTypography-inherit MuiLink-root MuiLink-underlineNone css-1uhr7d7&quot; href=&quot;/admin/v1-koreksi/cc46aad6-9821-4b1b-af9a-b75bff68de0f?start_date=2025-08-01&amp;end_date=2025-08-27&amp;fullname=Hadir SQA Testing 2&quot;&gt; could not be scrolled into view&#10;Build info: version: &apos;4.34.0&apos;, revision: &apos;707dcb4246*&apos;&#10;System info: os.name: &apos;Windows 11&apos;, os.arch: &apos;amd64&apos;, os.version: &apos;10.0&apos;, java.version: &apos;21.0.8&apos;&#10;Driver info: org.openqa.selenium.firefox.FirefoxDriver&#10;Command: [45cd5fd5-77de-4c24-844b-ebcb82235c0a, clickElement {id=1a5b969c-f932-43fb-bd2b-fdfdb18af2dc}]&#10;Capabilities {acceptInsecureCerts: true, browserName: firefox, browserVersion: 142.0, moz:accessibilityChecks: false, moz:buildID: 20250811145442, moz:geckodriverVersion: 0.36.0, moz:headless: true, moz:platformVersion: 10.0, moz:processID: 19104, moz:profile: C:\Users\adire\AppData\Loca..., moz:shutdownTimeout: 60000, moz:webdriverClick: true, moz:windowless: false, pageLoadStrategy: normal, platformName: windows, proxy: Proxy(), setWindowRect: true, strictFileInteractability: false, timeouts: {implicit: 0, pageLoad: 300000, script: 30000}, unhandledPromptBehavior: dismiss and notify, userAgent: Mozilla/5.0 (Windows NT 10....}&#10;Element: [[FirefoxDriver: firefox on windows (45cd5fd5-77de-4c24-844b-ebcb82235c0a)] -&gt; xpath: //p[normalize-space()=&apos;Koreksi&apos;]/following::table[@aria-label=&apos;simple table&apos;][1]//a[h6[contains(text(),&apos;Hadir SQA Testing 2&apos;)]]]&#10;Session ID: 45cd5fd5-77de-4c24-844b-ebcb82235c0a" type="org.openqa.selenium.ElementNotInteractableException"><![CDATA[org.openqa.selenium.ElementNotInteractableException: 
Element <a class="MuiTypography-root MuiTypography-inherit MuiLink-root MuiLink-underlineNone css-1uhr7d7" href="/admin/v1-koreksi/cc46aad6-9821-4b1b-af9a-b75bff68de0f?start_date=2025-08-01&end_date=2025-08-27&fullname=Hadir SQA Testing 2"> could not be scrolled into view
Build info: version: '4.34.0', revision: '707dcb4246*'
System info: os.name: 'Windows 11', os.arch: 'amd64', os.version: '10.0', java.version: '21.0.8'
Driver info: org.openqa.selenium.firefox.FirefoxDriver
Command: [45cd5fd5-77de-4c24-844b-ebcb82235c0a, clickElement {id=1a5b969c-f932-43fb-bd2b-fdfdb18af2dc}]
Capabilities {acceptInsecureCerts: true, browserName: firefox, browserVersion: 142.0, moz:accessibilityChecks: false, moz:buildID: 20250811145442, moz:geckodriverVersion: 0.36.0, moz:headless: true, moz:platformVersion: 10.0, moz:processID: 19104, moz:profile: C:\Users\adire\AppData\Loca..., moz:shutdownTimeout: 60000, moz:webdriverClick: true, moz:windowless: false, pageLoadStrategy: normal, platformName: windows, proxy: Proxy(), setWindowRect: true, strictFileInteractability: false, timeouts: {implicit: 0, pageLoad: 300000, script: 30000}, unhandledPromptBehavior: dismiss and notify, userAgent: Mozilla/5.0 (Windows NT 10....}
Element: [[FirefoxDriver: firefox on windows (45cd5fd5-77de-4c24-844b-ebcb82235c0a)] -> xpath: //p[normalize-space()='Koreksi']/following::table[@aria-label='simple table'][1]//a[h6[contains(text(),'Hadir SQA Testing 2')]]]
Session ID: 45cd5fd5-77de-4c24-844b-ebcb82235c0a
	at java.base/jdk.internal.reflect.DirectConstructorHandleAccessor.newInstance(DirectConstructorHandleAccessor.java:62)
	at java.base/java.lang.reflect.Constructor.newInstanceWithCaller(Constructor.java:502)
	at java.base/java.lang.reflect.Constructor.newInstance(Constructor.java:486)
	at org.openqa.selenium.remote.ErrorCodec.decode(ErrorCodec.java:167)
	at org.openqa.selenium.remote.codec.w3c.W3CHttpResponseCodec.decode(W3CHttpResponseCodec.java:138)
	at org.openqa.selenium.remote.codec.w3c.W3CHttpResponseCodec.decode(W3CHttpResponseCodec.java:50)
	at org.openqa.selenium.remote.HttpCommandExecutor.execute(HttpCommandExecutor.java:215)
	at org.openqa.selenium.remote.service.DriverCommandExecutor.invokeExecute(DriverCommandExecutor.java:216)
	at org.openqa.selenium.remote.service.DriverCommandExecutor.execute(DriverCommandExecutor.java:174)
	at org.openqa.selenium.remote.RemoteWebDriver.execute(RemoteWebDriver.java:544)
	at org.openqa.selenium.remote.RemoteWebElement.execute(RemoteWebElement.java:223)
	at org.openqa.selenium.remote.RemoteWebElement.click(RemoteWebElement.java:76)
	at com.juaracoding.tajuaracoding.pages.dashboard.DashBoardPage.clickuplinerkoreksi(DashBoardPage.java:192)
	at com.juaracoding.tajuaracoding.Dashboard.PendingDashboardTest.Negative_v1koreksisearchTest(PendingDashboardTest.java:549)
	at java.base/jdk.internal.reflect.DirectMethodHandleAccessor.invoke(DirectMethodHandleAccessor.java:103)
	at java.base/java.lang.reflect.Method.invoke(Method.java:580)
	at org.testng.internal.invokers.MethodInvocationHelper.invokeMethod(MethodInvocationHelper.java:141)
	at org.testng.internal.invokers.TestInvoker.invokeMethod(TestInvoker.java:687)
	at org.testng.internal.invokers.TestInvoker.invokeTestMethod(TestInvoker.java:230)
	at org.testng.internal.invokers.MethodRunner.runInSequence(MethodRunner.java:63)
	at org.testng.internal.invokers.TestInvoker$MethodInvocationAgent.invoke(TestInvoker.java:995)
	at org.testng.internal.invokers.TestInvoker.invokeTestMethods(TestInvoker.java:203)
	at org.testng.internal.invokers.TestMethodWorker.invokeTestMethods(TestMethodWorker.java:154)
	at org.testng.internal.invokers.TestMethodWorker.run(TestMethodWorker.java:134)
	at java.base/java.util.ArrayList.forEach(ArrayList.java:1596)
	at org.testng.TestRunner.privateRun(TestRunner.java:741)
	at org.testng.TestRunner.run(TestRunner.java:616)
	at org.testng.SuiteRunner.runTest(SuiteRunner.java:421)
	at org.testng.SuiteRunner.runSequentially(SuiteRunner.java:413)
	at org.testng.SuiteRunner.privateRun(SuiteRunner.java:373)
	at org.testng.SuiteRunner.run(SuiteRunner.java:312)
	at org.testng.SuiteRunnerWorker.runSuite(SuiteRunnerWorker.java:52)
	at org.testng.SuiteRunnerWorker.run(SuiteRunnerWorker.java:95)
	at org.testng.TestNG.runSuitesSequentially(TestNG.java:1274)
	at org.testng.TestNG.runSuitesLocally(TestNG.java:1208)
	at org.testng.TestNG.runSuites(TestNG.java:1112)
	at org.testng.TestNG.run(TestNG.java:1079)
	at org.apache.maven.surefire.testng.TestNGExecutor.run(TestNGExecutor.java:308)
	at org.apache.maven.surefire.testng.TestNGXmlTestSuite.execute(TestNGXmlTestSuite.java:71)
	at org.apache.maven.surefire.testng.TestNGProvider.invoke(TestNGProvider.java:113)
	at org.apache.maven.surefire.booter.ForkedBooter.runSuitesInProcess(ForkedBooter.java:385)
	at org.apache.maven.surefire.booter.ForkedBooter.execute(ForkedBooter.java:162)
	at org.apache.maven.surefire.booter.ForkedBooter.run(ForkedBooter.java:507)
	at org.apache.maven.surefire.booter.ForkedBooter.main(ForkedBooter.java:495)
]]></failure>
  </testcase>
  <testcase name="Negative_v1lembursearchTest" classname="com.juaracoding.tajuaracoding.Dashboard.PendingDashboardTest" time="5.963">
    <system-out><![CDATA[https://magang.dikahadir.com/admin/v1-lembur/cc46aad6-9821-4b1b-af9a-b75bff68de0f?start_date=2025-08-01&end_date=2025-08-27&fullname=Hadir%20SQA%20Testing%202

]]></system-out>
  </testcase>
  <testcase name="NullEndDateTest" classname="com.juaracoding.tajuaracoding.Dashboard.PendingDashboardTest" time="5.859">
    <system-out><![CDATA[URL Null Start Date Test https://magang.dikahadir.com/dashboards/pending?start_date=2025-07-01&end_date=
Validator1 - Lembur ada data.
Validator1 - Cuti ada data.
Validator1 - Koreksi ada data.
]]></system-out>
  </testcase>
  <testcase name="NullStartDateTest" classname="com.juaracoding.tajuaracoding.Dashboard.PendingDashboardTest" time="5.974">
    <system-out><![CDATA[URL Null Start Date Test https://magang.dikahadir.com/dashboards/pending?start_date=&end_date=2025-07-01
]]></system-out>
  </testcase>
  <testcase name="Positive_v1cutisearchTest" classname="com.juaracoding.tajuaracoding.Dashboard.PendingDashboardTest" time="5.927">
    <system-out><![CDATA[https://magang.dikahadir.com/admin/v1-cuti/cc46aad6-9821-4b1b-af9a-b75bff68de0f?start_date=2025-08-01&end_date=2025-08-27&fullname=Hadir%20SQA%20Testing%202
]]></system-out>
  </testcase>
  <testcase name="Positive_v1koreksisearchTest" classname="com.juaracoding.tajuaracoding.Dashboard.PendingDashboardTest" time="2.094">
    <failure message="Element &lt;a class=&quot;MuiTypography-root MuiTypography-inherit MuiLink-root MuiLink-underlineNone css-1uhr7d7&quot; href=&quot;/admin/v1-koreksi/cc46aad6-9821-4b1b-af9a-b75bff68de0f?start_date=2025-08-01&amp;end_date=2025-08-27&amp;fullname=Hadir SQA Testing 2&quot;&gt; could not be scrolled into view&#10;Build info: version: &apos;4.34.0&apos;, revision: &apos;707dcb4246*&apos;&#10;System info: os.name: &apos;Windows 11&apos;, os.arch: &apos;amd64&apos;, os.version: &apos;10.0&apos;, java.version: &apos;21.0.8&apos;&#10;Driver info: org.openqa.selenium.firefox.FirefoxDriver&#10;Command: [8fc1f29a-95ef-4d7f-b054-57b6931343fb, clickElement {id=94b7a8a5-dcdb-4a17-902c-165549e20a82}]&#10;Capabilities {acceptInsecureCerts: true, browserName: firefox, browserVersion: 142.0, moz:accessibilityChecks: false, moz:buildID: 20250811145442, moz:geckodriverVersion: 0.36.0, moz:headless: true, moz:platformVersion: 10.0, moz:processID: 29304, moz:profile: C:\Users\adire\AppData\Loca..., moz:shutdownTimeout: 60000, moz:webdriverClick: true, moz:windowless: false, pageLoadStrategy: normal, platformName: windows, proxy: Proxy(), setWindowRect: true, strictFileInteractability: false, timeouts: {implicit: 0, pageLoad: 300000, script: 30000}, unhandledPromptBehavior: dismiss and notify, userAgent: Mozilla/5.0 (Windows NT 10....}&#10;Element: [[FirefoxDriver: firefox on windows (8fc1f29a-95ef-4d7f-b054-57b6931343fb)] -&gt; xpath: //p[normalize-space()=&apos;Koreksi&apos;]/following::table[@aria-label=&apos;simple table&apos;][1]//a[h6[contains(text(),&apos;Hadir SQA Testing 2&apos;)]]]&#10;Session ID: 8fc1f29a-95ef-4d7f-b054-57b6931343fb" type="org.openqa.selenium.ElementNotInteractableException"><![CDATA[org.openqa.selenium.ElementNotInteractableException: 
Element <a class="MuiTypography-root MuiTypography-inherit MuiLink-root MuiLink-underlineNone css-1uhr7d7" href="/admin/v1-koreksi/cc46aad6-9821-4b1b-af9a-b75bff68de0f?start_date=2025-08-01&end_date=2025-08-27&fullname=Hadir SQA Testing 2"> could not be scrolled into view
Build info: version: '4.34.0', revision: '707dcb4246*'
System info: os.name: 'Windows 11', os.arch: 'amd64', os.version: '10.0', java.version: '21.0.8'
Driver info: org.openqa.selenium.firefox.FirefoxDriver
Command: [8fc1f29a-95ef-4d7f-b054-57b6931343fb, clickElement {id=94b7a8a5-dcdb-4a17-902c-165549e20a82}]
Capabilities {acceptInsecureCerts: true, browserName: firefox, browserVersion: 142.0, moz:accessibilityChecks: false, moz:buildID: 20250811145442, moz:geckodriverVersion: 0.36.0, moz:headless: true, moz:platformVersion: 10.0, moz:processID: 29304, moz:profile: C:\Users\adire\AppData\Loca..., moz:shutdownTimeout: 60000, moz:webdriverClick: true, moz:windowless: false, pageLoadStrategy: normal, platformName: windows, proxy: Proxy(), setWindowRect: true, strictFileInteractability: false, timeouts: {implicit: 0, pageLoad: 300000, script: 30000}, unhandledPromptBehavior: dismiss and notify, userAgent: Mozilla/5.0 (Windows NT 10....}
Element: [[FirefoxDriver: firefox on windows (8fc1f29a-95ef-4d7f-b054-57b6931343fb)] -> xpath: //p[normalize-space()='Koreksi']/following::table[@aria-label='simple table'][1]//a[h6[contains(text(),'Hadir SQA Testing 2')]]]
Session ID: 8fc1f29a-95ef-4d7f-b054-57b6931343fb
	at java.base/jdk.internal.reflect.DirectConstructorHandleAccessor.newInstance(DirectConstructorHandleAccessor.java:62)
	at java.base/java.lang.reflect.Constructor.newInstanceWithCaller(Constructor.java:502)
	at java.base/java.lang.reflect.Constructor.newInstance(Constructor.java:486)
	at org.openqa.selenium.remote.ErrorCodec.decode(ErrorCodec.java:167)
	at org.openqa.selenium.remote.codec.w3c.W3CHttpResponseCodec.decode(W3CHttpResponseCodec.java:138)
	at org.openqa.selenium.remote.codec.w3c.W3CHttpResponseCodec.decode(W3CHttpResponseCodec.java:50)
	at org.openqa.selenium.remote.HttpCommandExecutor.execute(HttpCommandExecutor.java:215)
	at org.openqa.selenium.remote.service.DriverCommandExecutor.invokeExecute(DriverCommandExecutor.java:216)
	at org.openqa.selenium.remote.service.DriverCommandExecutor.execute(DriverCommandExecutor.java:174)
	at org.openqa.selenium.remote.RemoteWebDriver.execute(RemoteWebDriver.java:544)
	at org.openqa.selenium.remote.RemoteWebElement.execute(RemoteWebElement.java:223)
	at org.openqa.selenium.remote.RemoteWebElement.click(RemoteWebElement.java:76)
	at com.juaracoding.tajuaracoding.pages.dashboard.DashBoardPage.clickuplinerkoreksi(DashBoardPage.java:192)
	at com.juaracoding.tajuaracoding.Dashboard.PendingDashboardTest.Positive_v1koreksisearchTest(PendingDashboardTest.java:534)
	at java.base/jdk.internal.reflect.DirectMethodHandleAccessor.invoke(DirectMethodHandleAccessor.java:103)
	at java.base/java.lang.reflect.Method.invoke(Method.java:580)
	at org.testng.internal.invokers.MethodInvocationHelper.invokeMethod(MethodInvocationHelper.java:141)
	at org.testng.internal.invokers.TestInvoker.invokeMethod(TestInvoker.java:687)
	at org.testng.internal.invokers.TestInvoker.invokeTestMethod(TestInvoker.java:230)
	at org.testng.internal.invokers.MethodRunner.runInSequence(MethodRunner.java:63)
	at org.testng.internal.invokers.TestInvoker$MethodInvocationAgent.invoke(TestInvoker.java:995)
	at org.testng.internal.invokers.TestInvoker.invokeTestMethods(TestInvoker.java:203)
	at org.testng.internal.invokers.TestMethodWorker.invokeTestMethods(TestMethodWorker.java:154)
	at org.testng.internal.invokers.TestMethodWorker.run(TestMethodWorker.java:134)
	at java.base/java.util.ArrayList.forEach(ArrayList.java:1596)
	at org.testng.TestRunner.privateRun(TestRunner.java:741)
	at org.testng.TestRunner.run(TestRunner.java:616)
	at org.testng.SuiteRunner.runTest(SuiteRunner.java:421)
	at org.testng.SuiteRunner.runSequentially(SuiteRunner.java:413)
	at org.testng.SuiteRunner.privateRun(SuiteRunner.java:373)
	at org.testng.SuiteRunner.run(SuiteRunner.java:312)
	at org.testng.SuiteRunnerWorker.runSuite(SuiteRunnerWorker.java:52)
	at org.testng.SuiteRunnerWorker.run(SuiteRunnerWorker.java:95)
	at org.testng.TestNG.runSuitesSequentially(TestNG.java:1274)
	at org.testng.TestNG.runSuitesLocally(TestNG.java:1208)
	at org.testng.TestNG.runSuites(TestNG.java:1112)
	at org.testng.TestNG.run(TestNG.java:1079)
	at org.apache.maven.surefire.testng.TestNGExecutor.run(TestNGExecutor.java:308)
	at org.apache.maven.surefire.testng.TestNGXmlTestSuite.execute(TestNGXmlTestSuite.java:71)
	at org.apache.maven.surefire.testng.TestNGProvider.invoke(TestNGProvider.java:113)
	at org.apache.maven.surefire.booter.ForkedBooter.runSuitesInProcess(ForkedBooter.java:385)
	at org.apache.maven.surefire.booter.ForkedBooter.execute(ForkedBooter.java:162)
	at org.apache.maven.surefire.booter.ForkedBooter.run(ForkedBooter.java:507)
	at org.apache.maven.surefire.booter.ForkedBooter.main(ForkedBooter.java:495)
]]></failure>
  </testcase>
  <testcase name="Positive_v1lembursearchTest" classname="com.juaracoding.tajuaracoding.Dashboard.PendingDashboardTest" time="6.128">
    <system-out><![CDATA[https://magang.dikahadir.com/admin/v1-lembur/cc46aad6-9821-4b1b-af9a-b75bff68de0f?start_date=2025-08-01&end_date=2025-08-27&fullname=Hadir%20SQA%20Testing%202
]]></system-out>
  </testcase>
  <testcase name="negativeTestFilterByUnit" classname="com.juaracoding.tajuaracoding.Dashboard.PendingDashboardTest" time="9.185">
    <failure message="Seharusnya tabel kosong ketika unit tidak ditemukan expected [0] but found [12]" type="java.lang.AssertionError"><![CDATA[java.lang.AssertionError: Seharusnya tabel kosong ketika unit tidak ditemukan expected [0] but found [12]
	at org.testng.Assert.fail(Assert.java:111)
	at org.testng.Assert.failNotEquals(Assert.java:1590)
	at org.testng.Assert.assertEqualsImpl(Assert.java:150)
	at org.testng.Assert.assertEquals(Assert.java:132)
	at org.testng.Assert.assertEquals(Assert.java:1431)
	at org.testng.Assert.assertEquals(Assert.java:1395)
	at com.juaracoding.tajuaracoding.Dashboard.PendingDashboardTest.negativeTestFilterByUnit(PendingDashboardTest.java:305)
	at java.base/jdk.internal.reflect.DirectMethodHandleAccessor.invoke(DirectMethodHandleAccessor.java:103)
	at java.base/java.lang.reflect.Method.invoke(Method.java:580)
	at org.testng.internal.invokers.MethodInvocationHelper.invokeMethod(MethodInvocationHelper.java:141)
	at org.testng.internal.invokers.TestInvoker.invokeMethod(TestInvoker.java:687)
	at org.testng.internal.invokers.TestInvoker.invokeTestMethod(TestInvoker.java:230)
	at org.testng.internal.invokers.MethodRunner.runInSequence(MethodRunner.java:63)
	at org.testng.internal.invokers.TestInvoker$MethodInvocationAgent.invoke(TestInvoker.java:995)
	at org.testng.internal.invokers.TestInvoker.invokeTestMethods(TestInvoker.java:203)
	at org.testng.internal.invokers.TestMethodWorker.invokeTestMethods(TestMethodWorker.java:154)
	at org.testng.internal.invokers.TestMethodWorker.run(TestMethodWorker.java:134)
	at java.base/java.util.ArrayList.forEach(ArrayList.java:1596)
	at org.testng.TestRunner.privateRun(TestRunner.java:741)
	at org.testng.TestRunner.run(TestRunner.java:616)
	at org.testng.SuiteRunner.runTest(SuiteRunner.java:421)
	at org.testng.SuiteRunner.runSequentially(SuiteRunner.java:413)
	at org.testng.SuiteRunner.privateRun(SuiteRunner.java:373)
	at org.testng.SuiteRunner.run(SuiteRunner.java:312)
	at org.testng.SuiteRunnerWorker.runSuite(SuiteRunnerWorker.java:52)
	at org.testng.SuiteRunnerWorker.run(SuiteRunnerWorker.java:95)
	at org.testng.TestNG.runSuitesSequentially(TestNG.java:1274)
	at org.testng.TestNG.runSuitesLocally(TestNG.java:1208)
	at org.testng.TestNG.runSuites(TestNG.java:1112)
	at org.testng.TestNG.run(TestNG.java:1079)
	at org.apache.maven.surefire.testng.TestNGExecutor.run(TestNGExecutor.java:308)
	at org.apache.maven.surefire.testng.TestNGXmlTestSuite.execute(TestNGXmlTestSuite.java:71)
	at org.apache.maven.surefire.testng.TestNGProvider.invoke(TestNGProvider.java:113)
	at org.apache.maven.surefire.booter.ForkedBooter.runSuitesInProcess(ForkedBooter.java:385)
	at org.apache.maven.surefire.booter.ForkedBooter.execute(ForkedBooter.java:162)
	at org.apache.maven.surefire.booter.ForkedBooter.run(ForkedBooter.java:507)
	at org.apache.maven.surefire.booter.ForkedBooter.main(ForkedBooter.java:495)
]]></failure>
    <system-out><![CDATA[Unexpected: masih ada data tampil
]]></system-out>
  </testcase>
  <testcase name="positiveFilterByUnitTest" classname="com.juaracoding.tajuaracoding.Dashboard.PendingDashboardTest" time="10.691">
    <system-out><![CDATA[Option 'IT Programmer' tidak ditemukan, langsung klik Apply
]]></system-out>
  </testcase>
  <testcase name="reset_v1cutisearchTest" classname="com.juaracoding.tajuaracoding.Dashboard.PendingDashboardTest" time="7.45">
    <system-out><![CDATA[https://magang.dikahadir.com/admin/v1-cuti/cc46aad6-9821-4b1b-af9a-b75bff68de0f?start_date=2025-08-01&end_date=2025-08-27&fullname=Hadir%20SQA%20Testing%202
Hadir SQA Testing 1
23 August 2025
24 Aug 2025 - 25 Aug 2025
Hadir SQA Testing 2
-
-
Khitanan/Pembabtisan (2 hari)
/
PENDING
Hadir SQA Testing 1
16 August 2025
16 Aug 2025 - 17 Aug 2025
Hadir SQA Testing 2
-
-
Pernikahan anak (2 hari)
PENDING
]]></system-out>
  </testcase>
  <testcase name="reset_v1koreksisearchTest" classname="com.juaracoding.tajuaracoding.Dashboard.PendingDashboardTest" time="2.07">
    <failure message="Element &lt;a class=&quot;MuiTypography-root MuiTypography-inherit MuiLink-root MuiLink-underlineNone css-1uhr7d7&quot; href=&quot;/admin/v1-koreksi/cc46aad6-9821-4b1b-af9a-b75bff68de0f?start_date=2025-08-01&amp;end_date=2025-08-27&amp;fullname=Hadir SQA Testing 2&quot;&gt; could not be scrolled into view&#10;Build info: version: &apos;4.34.0&apos;, revision: &apos;707dcb4246*&apos;&#10;System info: os.name: &apos;Windows 11&apos;, os.arch: &apos;amd64&apos;, os.version: &apos;10.0&apos;, java.version: &apos;21.0.8&apos;&#10;Driver info: org.openqa.selenium.firefox.FirefoxDriver&#10;Command: [e6099d8a-200f-4227-b1d4-5e6932fc73e3, clickElement {id=e8406f32-7471-44fb-a76c-d24853f14aca}]&#10;Capabilities {acceptInsecureCerts: true, browserName: firefox, browserVersion: 142.0, moz:accessibilityChecks: false, moz:buildID: 20250811145442, moz:geckodriverVersion: 0.36.0, moz:headless: true, moz:platformVersion: 10.0, moz:processID: 38476, moz:profile: C:\Users\adire\AppData\Loca..., moz:shutdownTimeout: 60000, moz:webdriverClick: true, moz:windowless: false, pageLoadStrategy: normal, platformName: windows, proxy: Proxy(), setWindowRect: true, strictFileInteractability: false, timeouts: {implicit: 0, pageLoad: 300000, script: 30000}, unhandledPromptBehavior: dismiss and notify, userAgent: Mozilla/5.0 (Windows NT 10....}&#10;Element: [[FirefoxDriver: firefox on windows (e6099d8a-200f-4227-b1d4-5e6932fc73e3)] -&gt; xpath: //p[normalize-space()=&apos;Koreksi&apos;]/following::table[@aria-label=&apos;simple table&apos;][1]//a[h6[contains(text(),&apos;Hadir SQA Testing 2&apos;)]]]&#10;Session ID: e6099d8a-200f-4227-b1d4-5e6932fc73e3" type="org.openqa.selenium.ElementNotInteractableException"><![CDATA[org.openqa.selenium.ElementNotInteractableException: 
Element <a class="MuiTypography-root MuiTypography-inherit MuiLink-root MuiLink-underlineNone css-1uhr7d7" href="/admin/v1-koreksi/cc46aad6-9821-4b1b-af9a-b75bff68de0f?start_date=2025-08-01&end_date=2025-08-27&fullname=Hadir SQA Testing 2"> could not be scrolled into view
Build info: version: '4.34.0', revision: '707dcb4246*'
System info: os.name: 'Windows 11', os.arch: 'amd64', os.version: '10.0', java.version: '21.0.8'
Driver info: org.openqa.selenium.firefox.FirefoxDriver
Command: [e6099d8a-200f-4227-b1d4-5e6932fc73e3, clickElement {id=e8406f32-7471-44fb-a76c-d24853f14aca}]
Capabilities {acceptInsecureCerts: true, browserName: firefox, browserVersion: 142.0, moz:accessibilityChecks: false, moz:buildID: 20250811145442, moz:geckodriverVersion: 0.36.0, moz:headless: true, moz:platformVersion: 10.0, moz:processID: 38476, moz:profile: C:\Users\adire\AppData\Loca..., moz:shutdownTimeout: 60000, moz:webdriverClick: true, moz:windowless: false, pageLoadStrategy: normal, platformName: windows, proxy: Proxy(), setWindowRect: true, strictFileInteractability: false, timeouts: {implicit: 0, pageLoad: 300000, script: 30000}, unhandledPromptBehavior: dismiss and notify, userAgent: Mozilla/5.0 (Windows NT 10....}
Element: [[FirefoxDriver: firefox on windows (e6099d8a-200f-4227-b1d4-5e6932fc73e3)] -> xpath: //p[normalize-space()='Koreksi']/following::table[@aria-label='simple table'][1]//a[h6[contains(text(),'Hadir SQA Testing 2')]]]
Session ID: e6099d8a-200f-4227-b1d4-5e6932fc73e3
	at java.base/jdk.internal.reflect.DirectConstructorHandleAccessor.newInstance(DirectConstructorHandleAccessor.java:62)
	at java.base/java.lang.reflect.Constructor.newInstanceWithCaller(Constructor.java:502)
	at java.base/java.lang.reflect.Constructor.newInstance(Constructor.java:486)
	at org.openqa.selenium.remote.ErrorCodec.decode(ErrorCodec.java:167)
	at org.openqa.selenium.remote.codec.w3c.W3CHttpResponseCodec.decode(W3CHttpResponseCodec.java:138)
	at org.openqa.selenium.remote.codec.w3c.W3CHttpResponseCodec.decode(W3CHttpResponseCodec.java:50)
	at org.openqa.selenium.remote.HttpCommandExecutor.execute(HttpCommandExecutor.java:215)
	at org.openqa.selenium.remote.service.DriverCommandExecutor.invokeExecute(DriverCommandExecutor.java:216)
	at org.openqa.selenium.remote.service.DriverCommandExecutor.execute(DriverCommandExecutor.java:174)
	at org.openqa.selenium.remote.RemoteWebDriver.execute(RemoteWebDriver.java:544)
	at org.openqa.selenium.remote.RemoteWebElement.execute(RemoteWebElement.java:223)
	at org.openqa.selenium.remote.RemoteWebElement.click(RemoteWebElement.java:76)
	at com.juaracoding.tajuaracoding.pages.dashboard.DashBoardPage.clickuplinerkoreksi(DashBoardPage.java:192)
	at com.juaracoding.tajuaracoding.Dashboard.PendingDashboardTest.reset_v1koreksisearchTest(PendingDashboardTest.java:568)
	at java.base/jdk.internal.reflect.DirectMethodHandleAccessor.invoke(DirectMethodHandleAccessor.java:103)
	at java.base/java.lang.reflect.Method.invoke(Method.java:580)
	at org.testng.internal.invokers.MethodInvocationHelper.invokeMethod(MethodInvocationHelper.java:141)
	at org.testng.internal.invokers.TestInvoker.invokeMethod(TestInvoker.java:687)
	at org.testng.internal.invokers.TestInvoker.invokeTestMethod(TestInvoker.java:230)
	at org.testng.internal.invokers.MethodRunner.runInSequence(MethodRunner.java:63)
	at org.testng.internal.invokers.TestInvoker$MethodInvocationAgent.invoke(TestInvoker.java:995)
	at org.testng.internal.invokers.TestInvoker.invokeTestMethods(TestInvoker.java:203)
	at org.testng.internal.invokers.TestMethodWorker.invokeTestMethods(TestMethodWorker.java:154)
	at org.testng.internal.invokers.TestMethodWorker.run(TestMethodWorker.java:134)
	at java.base/java.util.ArrayList.forEach(ArrayList.java:1596)
	at org.testng.TestRunner.privateRun(TestRunner.java:741)
	at org.testng.TestRunner.run(TestRunner.java:616)
	at org.testng.SuiteRunner.runTest(SuiteRunner.java:421)
	at org.testng.SuiteRunner.runSequentially(SuiteRunner.java:413)
	at org.testng.SuiteRunner.privateRun(SuiteRunner.java:373)
	at org.testng.SuiteRunner.run(SuiteRunner.java:312)
	at org.testng.SuiteRunnerWorker.runSuite(SuiteRunnerWorker.java:52)
	at org.testng.SuiteRunnerWorker.run(SuiteRunnerWorker.java:95)
	at org.testng.TestNG.runSuitesSequentially(TestNG.java:1274)
	at org.testng.TestNG.runSuitesLocally(TestNG.java:1208)
	at org.testng.TestNG.runSuites(TestNG.java:1112)
	at org.testng.TestNG.run(TestNG.java:1079)
	at org.apache.maven.surefire.testng.TestNGExecutor.run(TestNGExecutor.java:308)
	at org.apache.maven.surefire.testng.TestNGXmlTestSuite.execute(TestNGXmlTestSuite.java:71)
	at org.apache.maven.surefire.testng.TestNGProvider.invoke(TestNGProvider.java:113)
	at org.apache.maven.surefire.booter.ForkedBooter.runSuitesInProcess(ForkedBooter.java:385)
	at org.apache.maven.surefire.booter.ForkedBooter.execute(ForkedBooter.java:162)
	at org.apache.maven.surefire.booter.ForkedBooter.run(ForkedBooter.java:507)
	at org.apache.maven.surefire.booter.ForkedBooter.main(ForkedBooter.java:495)
]]></failure>
  </testcase>
  <testcase name="reset_v1lembursearchTest" classname="com.juaracoding.tajuaracoding.Dashboard.PendingDashboardTest" time="7.263">
    <system-out><![CDATA[https://magang.dikahadir.com/admin/v1-lembur/cc46aad6-9821-4b1b-af9a-b75bff68de0f?start_date=2025-08-01&end_date=2025-08-27&fullname=Hadir%20SQA%20Testing%202
Hadir SQA Testing 1
14 August 2025
-
-
-
15 Aug 2025
12:05:00
-
28 Aug 2025
00:00:00
Hadir SQA Testing 2
-
-
lembur 1 jam
PENDING
Hadir SQA Testing 1
14 August 2025
-
-
-
14 Aug 2025
18:01:00
-
15 Aug 2025
08:31:00
Hadir SQA Testing 2
-
-
lembur panjang
PENDING
]]></system-out>
  </testcase>
  <testcase name="resetfilterTest" classname="com.juaracoding.tajuaracoding.Dashboard.PendingDashboardTest" time="15.156">
    <system-out><![CDATA[Berhasil klik dropdown: IT Programmer
]]></system-out>
  </testcase>
  <testcase name="testVerifyPage" classname="com.juaracoding.tajuaracoding.Dashboard.PendingDashboardTest" time="2.051"/>
  <testcase name="validator1LemburTest" classname="com.juaracoding.tajuaracoding.Dashboard.PendingDashboardTest" time="2.9">
    <system-out><![CDATA[Validator1 - Lembur ada data.
https://magang.dikahadir.com/admin/v1-lembur/cc46aad6-9821-4b1b-af9a-b75bff68de0f?start_date=2025-08-01&end_date=2025-08-27&fullname=Hadir%20SQA%20Testing%202
]]></system-out>
  </testcase>
  <testcase name="validator1cutiTest" classname="com.juaracoding.tajuaracoding.Dashboard.PendingDashboardTest" time="2.929">
    <system-out><![CDATA[Validator1 - Cuti ada data.
https://magang.dikahadir.com/admin/v1-cuti/cc46aad6-9821-4b1b-af9a-b75bff68de0f?start_date=2025-08-01&end_date=2025-08-27&fullname=Hadir%20SQA%20Testing%202
]]></system-out>
  </testcase>
  <testcase name="validator1koreksiTest" classname="com.juaracoding.tajuaracoding.Dashboard.PendingDashboardTest" time="2.041">
    <failure message="Element &lt;a class=&quot;MuiTypography-root MuiTypography-inherit MuiLink-root MuiLink-underlineNone css-1uhr7d7&quot; href=&quot;/admin/v1-koreksi/cc46aad6-9821-4b1b-af9a-b75bff68de0f?start_date=2025-08-01&amp;end_date=2025-08-27&amp;fullname=Hadir SQA Testing 2&quot;&gt; could not be scrolled into view&#10;Build info: version: &apos;4.34.0&apos;, revision: &apos;707dcb4246*&apos;&#10;System info: os.name: &apos;Windows 11&apos;, os.arch: &apos;amd64&apos;, os.version: &apos;10.0&apos;, java.version: &apos;21.0.8&apos;&#10;Driver info: org.openqa.selenium.firefox.FirefoxDriver&#10;Command: [53ca90c1-0ae4-439c-a6a9-712beb4bd6c3, clickElement {id=ad97d6f6-61e6-44db-93f1-7b58653e06aa}]&#10;Capabilities {acceptInsecureCerts: true, browserName: firefox, browserVersion: 142.0, moz:accessibilityChecks: false, moz:buildID: 20250811145442, moz:geckodriverVersion: 0.36.0, moz:headless: true, moz:platformVersion: 10.0, moz:processID: 22876, moz:profile: C:\Users\adire\AppData\Loca..., moz:shutdownTimeout: 60000, moz:webdriverClick: true, moz:windowless: false, pageLoadStrategy: normal, platformName: windows, proxy: Proxy(), setWindowRect: true, strictFileInteractability: false, timeouts: {implicit: 0, pageLoad: 300000, script: 30000}, unhandledPromptBehavior: dismiss and notify, userAgent: Mozilla/5.0 (Windows NT 10....}&#10;Element: [[FirefoxDriver: firefox on windows (53ca90c1-0ae4-439c-a6a9-712beb4bd6c3)] -&gt; xpath: //p[normalize-space()=&apos;Koreksi&apos;]/following::table[@aria-label=&apos;simple table&apos;][1]//a[h6[contains(text(),&apos;Hadir SQA Testing 2&apos;)]]]&#10;Session ID: 53ca90c1-0ae4-439c-a6a9-712beb4bd6c3" type="org.openqa.selenium.ElementNotInteractableException"><![CDATA[org.openqa.selenium.ElementNotInteractableException: 
Element <a class="MuiTypography-root MuiTypography-inherit MuiLink-root MuiLink-underlineNone css-1uhr7d7" href="/admin/v1-koreksi/cc46aad6-9821-4b1b-af9a-b75bff68de0f?start_date=2025-08-01&end_date=2025-08-27&fullname=Hadir SQA Testing 2"> could not be scrolled into view
Build info: version: '4.34.0', revision: '707dcb4246*'
System info: os.name: 'Windows 11', os.arch: 'amd64', os.version: '10.0', java.version: '21.0.8'
Driver info: org.openqa.selenium.firefox.FirefoxDriver
Command: [53ca90c1-0ae4-439c-a6a9-712beb4bd6c3, clickElement {id=ad97d6f6-61e6-44db-93f1-7b58653e06aa}]
Capabilities {acceptInsecureCerts: true, browserName: firefox, browserVersion: 142.0, moz:accessibilityChecks: false, moz:buildID: 20250811145442, moz:geckodriverVersion: 0.36.0, moz:headless: true, moz:platformVersion: 10.0, moz:processID: 22876, moz:profile: C:\Users\adire\AppData\Loca..., moz:shutdownTimeout: 60000, moz:webdriverClick: true, moz:windowless: false, pageLoadStrategy: normal, platformName: windows, proxy: Proxy(), setWindowRect: true, strictFileInteractability: false, timeouts: {implicit: 0, pageLoad: 300000, script: 30000}, unhandledPromptBehavior: dismiss and notify, userAgent: Mozilla/5.0 (Windows NT 10....}
Element: [[FirefoxDriver: firefox on windows (53ca90c1-0ae4-439c-a6a9-712beb4bd6c3)] -> xpath: //p[normalize-space()='Koreksi']/following::table[@aria-label='simple table'][1]//a[h6[contains(text(),'Hadir SQA Testing 2')]]]
Session ID: 53ca90c1-0ae4-439c-a6a9-712beb4bd6c3
	at java.base/jdk.internal.reflect.DirectConstructorHandleAccessor.newInstance(DirectConstructorHandleAccessor.java:62)
	at java.base/java.lang.reflect.Constructor.newInstanceWithCaller(Constructor.java:502)
	at java.base/java.lang.reflect.Constructor.newInstance(Constructor.java:486)
	at org.openqa.selenium.remote.ErrorCodec.decode(ErrorCodec.java:167)
	at org.openqa.selenium.remote.codec.w3c.W3CHttpResponseCodec.decode(W3CHttpResponseCodec.java:138)
	at org.openqa.selenium.remote.codec.w3c.W3CHttpResponseCodec.decode(W3CHttpResponseCodec.java:50)
	at org.openqa.selenium.remote.HttpCommandExecutor.execute(HttpCommandExecutor.java:215)
	at org.openqa.selenium.remote.service.DriverCommandExecutor.invokeExecute(DriverCommandExecutor.java:216)
	at org.openqa.selenium.remote.service.DriverCommandExecutor.execute(DriverCommandExecutor.java:174)
	at org.openqa.selenium.remote.RemoteWebDriver.execute(RemoteWebDriver.java:544)
	at org.openqa.selenium.remote.RemoteWebElement.execute(RemoteWebElement.java:223)
	at org.openqa.selenium.remote.RemoteWebElement.click(RemoteWebElement.java:76)
	at com.juaracoding.tajuaracoding.pages.dashboard.DashBoardPage.clickuplinerkoreksi(DashBoardPage.java:192)
	at com.juaracoding.tajuaracoding.Dashboard.PendingDashboardTest.validator1koreksiTest(PendingDashboardTest.java:174)
	at java.base/jdk.internal.reflect.DirectMethodHandleAccessor.invoke(DirectMethodHandleAccessor.java:103)
	at java.base/java.lang.reflect.Method.invoke(Method.java:580)
	at org.testng.internal.invokers.MethodInvocationHelper.invokeMethod(MethodInvocationHelper.java:141)
	at org.testng.internal.invokers.TestInvoker.invokeMethod(TestInvoker.java:687)
	at org.testng.internal.invokers.TestInvoker.invokeTestMethod(TestInvoker.java:230)
	at org.testng.internal.invokers.MethodRunner.runInSequence(MethodRunner.java:63)
	at org.testng.internal.invokers.TestInvoker$MethodInvocationAgent.invoke(TestInvoker.java:995)
	at org.testng.internal.invokers.TestInvoker.invokeTestMethods(TestInvoker.java:203)
	at org.testng.internal.invokers.TestMethodWorker.invokeTestMethods(TestMethodWorker.java:154)
	at org.testng.internal.invokers.TestMethodWorker.run(TestMethodWorker.java:134)
	at java.base/java.util.ArrayList.forEach(ArrayList.java:1596)
	at org.testng.TestRunner.privateRun(TestRunner.java:741)
	at org.testng.TestRunner.run(TestRunner.java:616)
	at org.testng.SuiteRunner.runTest(SuiteRunner.java:421)
	at org.testng.SuiteRunner.runSequentially(SuiteRunner.java:413)
	at org.testng.SuiteRunner.privateRun(SuiteRunner.java:373)
	at org.testng.SuiteRunner.run(SuiteRunner.java:312)
	at org.testng.SuiteRunnerWorker.runSuite(SuiteRunnerWorker.java:52)
	at org.testng.SuiteRunnerWorker.run(SuiteRunnerWorker.java:95)
	at org.testng.TestNG.runSuitesSequentially(TestNG.java:1274)
	at org.testng.TestNG.runSuitesLocally(TestNG.java:1208)
	at org.testng.TestNG.runSuites(TestNG.java:1112)
	at org.testng.TestNG.run(TestNG.java:1079)
	at org.apache.maven.surefire.testng.TestNGExecutor.run(TestNGExecutor.java:308)
	at org.apache.maven.surefire.testng.TestNGXmlTestSuite.execute(TestNGXmlTestSuite.java:71)
	at org.apache.maven.surefire.testng.TestNGProvider.invoke(TestNGProvider.java:113)
	at org.apache.maven.surefire.booter.ForkedBooter.runSuitesInProcess(ForkedBooter.java:385)
	at org.apache.maven.surefire.booter.ForkedBooter.execute(ForkedBooter.java:162)
	at org.apache.maven.surefire.booter.ForkedBooter.run(ForkedBooter.java:507)
	at org.apache.maven.surefire.booter.ForkedBooter.main(ForkedBooter.java:495)
]]></failure>
    <system-out><![CDATA[Validator1 - Koreksi ada data.
]]></system-out>
  </testcase>
</testsuite>